{"C:\\Users\\tahab\\OneDrive\\Masaüstü\\ContextOps\\src\\background.js": {"path":"C:\\Users\\tahab\\OneDrive\\Masaüstü\\ContextOps\\src\\background.js","statementMap":{"0":{"start":{"line":2,"column":32},"end":{"line":2,"column":48}},"1":{"start":{"line":6,"column":2},"end":{"line":6,"column":34}},"2":{"start":{"line":6,"column":27},"end":{"line":6,"column":34}},"3":{"start":{"line":7,"column":2},"end":{"line":28,"column":3}},"4":{"start":{"line":8,"column":4},"end":{"line":8,"column":28}},"5":{"start":{"line":10,"column":4},"end":{"line":27,"column":5}},"6":{"start":{"line":11,"column":6},"end":{"line":15,"column":9}},"7":{"start":{"line":16,"column":6},"end":{"line":16,"column":30}},"8":{"start":{"line":18,"column":6},"end":{"line":18,"column":78}},"9":{"start":{"line":19,"column":6},"end":{"line":19,"column":70}},"10":{"start":{"line":21,"column":6},"end":{"line":24,"column":7}},"11":{"start":{"line":22,"column":8},"end":{"line":22,"column":71}},"12":{"start":{"line":23,"column":8},"end":{"line":23,"column":16}},"13":{"start":{"line":26,"column":6},"end":{"line":26,"column":31}},"14":{"start":{"line":33,"column":2},"end":{"line":39,"column":3}},"15":{"start":{"line":34,"column":21},"end":{"line":37,"column":6}},"16":{"start":{"line":38,"column":4},"end":{"line":38,"column":31}},"17":{"start":{"line":41,"column":2},"end":{"line":48,"column":3}},"18":{"start":{"line":42,"column":27},"end":{"line":42,"column":51}},"19":{"start":{"line":43,"column":4},"end":{"line":45,"column":6}},"20":{"start":{"line":44,"column":13},"end":{"line":44,"column":69}},"21":{"start":{"line":47,"column":4},"end":{"line":47,"column":17}},"22":{"start":{"line":51,"column":0},"end":{"line":54,"column":3}},"23":{"start":{"line":52,"column":2},"end":{"line":52,"column":64}},"24":{"start":{"line":53,"column":2},"end":{"line":53,"column":50}},"25":{"start":{"line":57,"column":0},"end":{"line":119,"column":3}},"26":{"start":{"line":59,"column":2},"end":{"line":77,"column":3}},"27":{"start":{"line":60,"column":4},"end":{"line":75,"column":9}},"28":{"start":{"line":61,"column":6},"end":{"line":74,"column":7}},"29":{"start":{"line":62,"column":8},"end":{"line":62,"column":62}},"30":{"start":{"line":63,"column":20},"end":{"line":67,"column":9}},"31":{"start":{"line":69,"column":8},"end":{"line":69,"column":44}},"32":{"start":{"line":69,"column":24},"end":{"line":69,"column":44}},"33":{"start":{"line":70,"column":23},"end":{"line":70,"column":60}},"34":{"start":{"line":71,"column":8},"end":{"line":71,"column":29}},"35":{"start":{"line":73,"column":8},"end":{"line":73,"column":61}},"36":{"start":{"line":76,"column":4},"end":{"line":76,"column":16}},"37":{"start":{"line":79,"column":2},"end":{"line":118,"column":3}},"38":{"start":{"line":80,"column":4},"end":{"line":108,"column":9}},"39":{"start":{"line":81,"column":22},"end":{"line":81,"column":26}},"40":{"start":{"line":82,"column":6},"end":{"line":107,"column":7}},"41":{"start":{"line":83,"column":27},"end":{"line":83,"column":53}},"42":{"start":{"line":84,"column":22},"end":{"line":84,"column":65}},"43":{"start":{"line":85,"column":20},"end":{"line":85,"column":47}},"44":{"start":{"line":86,"column":25},"end":{"line":86,"column":46}},"45":{"start":{"line":87,"column":24},"end":{"line":87,"column":41}},"46":{"start":{"line":89,"column":8},"end":{"line":98,"column":9}},"47":{"start":{"line":90,"column":22},"end":{"line":90,"column":88}},"48":{"start":{"line":91,"column":10},"end":{"line":96,"column":11}},"49":{"start":{"line":92,"column":12},"end":{"line":92,"column":30}},"50":{"start":{"line":94,"column":12},"end":{"line":94,"column":106}},"51":{"start":{"line":95,"column":12},"end":{"line":95,"column":63}},"52":{"start":{"line":97,"column":10},"end":{"line":97,"column":17}},"53":{"start":{"line":101,"column":23},"end":{"line":101,"column":76}},"54":{"start":{"line":102,"column":8},"end":{"line":102,"column":59}},"55":{"start":{"line":104,"column":8},"end":{"line":104,"column":68}},"56":{"start":{"line":105,"column":27},"end":{"line":105,"column":112}},"57":{"start":{"line":106,"column":8},"end":{"line":106,"column":60}},"58":{"start":{"line":109,"column":4},"end":{"line":109,"column":16}},"59":{"start":{"line":110,"column":9},"end":{"line":118,"column":3}},"60":{"start":{"line":111,"column":4},"end":{"line":111,"column":65}},"61":{"start":{"line":111,"column":32},"end":{"line":111,"column":63}},"62":{"start":{"line":112,"column":4},"end":{"line":112,"column":16}},"63":{"start":{"line":113,"column":9},"end":{"line":118,"column":3}},"64":{"start":{"line":114,"column":4},"end":{"line":116,"column":5}},"65":{"start":{"line":115,"column":6},"end":{"line":115,"column":69}},"66":{"start":{"line":115,"column":51},"end":{"line":115,"column":67}},"67":{"start":{"line":117,"column":4},"end":{"line":117,"column":16}},"68":{"start":{"line":124,"column":21},"end":{"line":124,"column":25}},"69":{"start":{"line":125,"column":18},"end":{"line":125,"column":22}},"70":{"start":{"line":126,"column":17},"end":{"line":126,"column":22}},"71":{"start":{"line":132,"column":12},"end":{"line":132,"column":16}},"72":{"start":{"line":133,"column":2},"end":{"line":145,"column":3}},"73":{"start":{"line":134,"column":4},"end":{"line":144,"column":5}},"74":{"start":{"line":135,"column":6},"end":{"line":135,"column":73}},"75":{"start":{"line":136,"column":6},"end":{"line":140,"column":7}},"76":{"start":{"line":137,"column":8},"end":{"line":137,"column":37}},"77":{"start":{"line":139,"column":8},"end":{"line":139,"column":46}},"78":{"start":{"line":142,"column":6},"end":{"line":142,"column":28}},"79":{"start":{"line":143,"column":6},"end":{"line":143,"column":25}},"80":{"start":{"line":147,"column":2},"end":{"line":162,"column":3}},"81":{"start":{"line":148,"column":4},"end":{"line":148,"column":77}},"82":{"start":{"line":149,"column":4},"end":{"line":157,"column":7}},"83":{"start":{"line":158,"column":4},"end":{"line":158,"column":28}},"84":{"start":{"line":159,"column":4},"end":{"line":159,"column":33}},"85":{"start":{"line":160,"column":4},"end":{"line":160,"column":42}},"86":{"start":{"line":161,"column":4},"end":{"line":161,"column":48}},"87":{"start":{"line":161,"column":27},"end":{"line":161,"column":46}},"88":{"start":{"line":163,"column":2},"end":{"line":163,"column":13}},"89":{"start":{"line":170,"column":2},"end":{"line":170,"column":44}},"90":{"start":{"line":170,"column":37},"end":{"line":170,"column":44}},"91":{"start":{"line":171,"column":2},"end":{"line":171,"column":70}},"92":{"start":{"line":172,"column":2},"end":{"line":179,"column":3}},"93":{"start":{"line":173,"column":4},"end":{"line":173,"column":95}},"94":{"start":{"line":174,"column":4},"end":{"line":174,"column":42}},"95":{"start":{"line":175,"column":4},"end":{"line":175,"column":47}},"96":{"start":{"line":175,"column":27},"end":{"line":175,"column":45}},"97":{"start":{"line":177,"column":4},"end":{"line":177,"column":26}},"98":{"start":{"line":178,"column":4},"end":{"line":178,"column":28}},"99":{"start":{"line":186,"column":2},"end":{"line":188,"column":3}},"100":{"start":{"line":187,"column":4},"end":{"line":187,"column":48}},"101":{"start":{"line":187,"column":27},"end":{"line":187,"column":46}},"102":{"start":{"line":190,"column":2},"end":{"line":190,"column":20}},"103":{"start":{"line":192,"column":2},"end":{"line":263,"column":3}},"104":{"start":{"line":193,"column":16},"end":{"line":193,"column":39}},"105":{"start":{"line":194,"column":16},"end":{"line":194,"column":27}},"106":{"start":{"line":197,"column":4},"end":{"line":201,"column":5}},"107":{"start":{"line":198,"column":6},"end":{"line":198,"column":92}},"108":{"start":{"line":199,"column":6},"end":{"line":199,"column":39}},"109":{"start":{"line":200,"column":6},"end":{"line":200,"column":49}},"110":{"start":{"line":200,"column":29},"end":{"line":200,"column":47}},"111":{"start":{"line":203,"column":18},"end":{"line":203,"column":29}},"112":{"start":{"line":206,"column":18},"end":{"line":206,"column":46}},"113":{"start":{"line":207,"column":4},"end":{"line":212,"column":5}},"114":{"start":{"line":208,"column":7},"end":{"line":208,"column":39}},"115":{"start":{"line":209,"column":7},"end":{"line":209,"column":39}},"116":{"start":{"line":210,"column":7},"end":{"line":210,"column":51}},"117":{"start":{"line":210,"column":30},"end":{"line":210,"column":49}},"118":{"start":{"line":211,"column":7},"end":{"line":211,"column":46}},"119":{"start":{"line":214,"column":4},"end":{"line":217,"column":5}},"120":{"start":{"line":215,"column":7},"end":{"line":215,"column":29}},"121":{"start":{"line":216,"column":7},"end":{"line":216,"column":76}},"122":{"start":{"line":219,"column":19},"end":{"line":223,"column":6}},"123":{"start":{"line":225,"column":4},"end":{"line":247,"column":5}},"124":{"start":{"line":226,"column":27},"end":{"line":226,"column":43}},"125":{"start":{"line":228,"column":6},"end":{"line":232,"column":7}},"126":{"start":{"line":229,"column":8},"end":{"line":229,"column":117}},"127":{"start":{"line":230,"column":8},"end":{"line":230,"column":62}},"128":{"start":{"line":230,"column":43},"end":{"line":230,"column":60}},"129":{"start":{"line":231,"column":8},"end":{"line":231,"column":27}},"130":{"start":{"line":234,"column":6},"end":{"line":244,"column":7}},"131":{"start":{"line":235,"column":8},"end":{"line":235,"column":33}},"132":{"start":{"line":237,"column":8},"end":{"line":242,"column":9}},"133":{"start":{"line":238,"column":11},"end":{"line":238,"column":87}},"134":{"start":{"line":239,"column":11},"end":{"line":239,"column":91}},"135":{"start":{"line":239,"column":31},"end":{"line":239,"column":91}},"136":{"start":{"line":240,"column":11},"end":{"line":240,"column":33}},"137":{"start":{"line":241,"column":11},"end":{"line":241,"column":63}},"138":{"start":{"line":243,"column":8},"end":{"line":243,"column":85}},"139":{"start":{"line":246,"column":6},"end":{"line":246,"column":67}},"140":{"start":{"line":249,"column":4},"end":{"line":256,"column":5}},"141":{"start":{"line":250,"column":7},"end":{"line":250,"column":90}},"142":{"start":{"line":251,"column":7},"end":{"line":254,"column":8}},"143":{"start":{"line":252,"column":9},"end":{"line":252,"column":72}},"144":{"start":{"line":252,"column":15},"end":{"line":252,"column":59}},"145":{"start":{"line":253,"column":9},"end":{"line":253,"column":31}},"146":{"start":{"line":255,"column":7},"end":{"line":255,"column":59}},"147":{"start":{"line":257,"column":4},"end":{"line":257,"column":14}},"148":{"start":{"line":259,"column":4},"end":{"line":259,"column":23}},"149":{"start":{"line":262,"column":4},"end":{"line":262,"column":27}},"150":{"start":{"line":266,"column":22},"end":{"line":266,"column":26}},"151":{"start":{"line":268,"column":2},"end":{"line":268,"column":53}},"152":{"start":{"line":268,"column":23},"end":{"line":268,"column":53}},"153":{"start":{"line":269,"column":2},"end":{"line":276,"column":13}},"154":{"start":{"line":270,"column":4},"end":{"line":275,"column":5}},"155":{"start":{"line":271,"column":6},"end":{"line":271,"column":60}},"156":{"start":{"line":272,"column":6},"end":{"line":272,"column":28}},"157":{"start":{"line":273,"column":6},"end":{"line":273,"column":25}},"158":{"start":{"line":274,"column":6},"end":{"line":274,"column":74}},"159":{"start":{"line":280,"column":2},"end":{"line":293,"column":5}},"160":{"start":{"line":281,"column":18},"end":{"line":286,"column":5}},"161":{"start":{"line":282,"column":6},"end":{"line":285,"column":7}},"162":{"start":{"line":283,"column":8},"end":{"line":283,"column":52}},"163":{"start":{"line":284,"column":8},"end":{"line":284,"column":18}},"164":{"start":{"line":287,"column":4},"end":{"line":287,"column":45}},"165":{"start":{"line":289,"column":4},"end":{"line":292,"column":14}},"166":{"start":{"line":290,"column":8},"end":{"line":290,"column":52}},"167":{"start":{"line":291,"column":8},"end":{"line":291,"column":18}},"168":{"start":{"line":300,"column":16},"end":{"line":300,"column":18}},"169":{"start":{"line":301,"column":14},"end":{"line":305,"column":3}},"170":{"start":{"line":302,"column":18},"end":{"line":302,"column":84}},"171":{"start":{"line":303,"column":4},"end":{"line":303,"column":40}},"172":{"start":{"line":304,"column":4},"end":{"line":304,"column":22}},"173":{"start":{"line":307,"column":2},"end":{"line":307,"column":45}},"174":{"start":{"line":308,"column":16},"end":{"line":308,"column":59}},"175":{"start":{"line":308,"column":24},"end":{"line":308,"column":59}},"176":{"start":{"line":308,"column":41},"end":{"line":308,"column":58}},"177":{"start":{"line":311,"column":2},"end":{"line":313,"column":3}},"178":{"start":{"line":312,"column":4},"end":{"line":312,"column":61}},"179":{"start":{"line":315,"column":22},"end":{"line":333,"column":3}},"180":{"start":{"line":316,"column":22},"end":{"line":326,"column":5}},"181":{"start":{"line":317,"column":15},"end":{"line":317,"column":43}},"182":{"start":{"line":318,"column":6},"end":{"line":318,"column":24}},"183":{"start":{"line":318,"column":14},"end":{"line":318,"column":24}},"184":{"start":{"line":320,"column":20},"end":{"line":320,"column":90}},"185":{"start":{"line":320,"column":74},"end":{"line":320,"column":89}},"186":{"start":{"line":321,"column":6},"end":{"line":324,"column":7}},"187":{"start":{"line":322,"column":8},"end":{"line":322,"column":50}},"188":{"start":{"line":323,"column":8},"end":{"line":323,"column":26}},"189":{"start":{"line":323,"column":16},"end":{"line":323,"column":26}},"190":{"start":{"line":325,"column":6},"end":{"line":325,"column":18}},"191":{"start":{"line":328,"column":4},"end":{"line":331,"column":5}},"192":{"start":{"line":329,"column":17},"end":{"line":329,"column":46}},"193":{"start":{"line":330,"column":6},"end":{"line":330,"column":24}},"194":{"start":{"line":330,"column":14},"end":{"line":330,"column":24}},"195":{"start":{"line":332,"column":4},"end":{"line":332,"column":16}},"196":{"start":{"line":335,"column":24},"end":{"line":345,"column":3}},"197":{"start":{"line":336,"column":18},"end":{"line":336,"column":101}},"198":{"start":{"line":337,"column":20},"end":{"line":337,"column":67}},"199":{"start":{"line":338,"column":20},"end":{"line":338,"column":79}},"200":{"start":{"line":338,"column":38},"end":{"line":338,"column":78}},"201":{"start":{"line":338,"column":54},"end":{"line":338,"column":77}},"202":{"start":{"line":339,"column":4},"end":{"line":343,"column":5}},"203":{"start":{"line":340,"column":6},"end":{"line":340,"column":52}},"204":{"start":{"line":341,"column":6},"end":{"line":341,"column":22}},"205":{"start":{"line":342,"column":6},"end":{"line":342,"column":18}},"206":{"start":{"line":344,"column":4},"end":{"line":344,"column":17}},"207":{"start":{"line":347,"column":2},"end":{"line":501,"column":3}},"208":{"start":{"line":348,"column":4},"end":{"line":348,"column":42}},"209":{"start":{"line":349,"column":4},"end":{"line":349,"column":20}},"210":{"start":{"line":350,"column":4},"end":{"line":350,"column":21}},"211":{"start":{"line":351,"column":4},"end":{"line":351,"column":20}},"212":{"start":{"line":353,"column":17},"end":{"line":496,"column":6}},"213":{"start":{"line":354,"column":21},"end":{"line":354,"column":22}},"214":{"start":{"line":355,"column":26},"end":{"line":355,"column":28}},"215":{"start":{"line":357,"column":21},"end":{"line":371,"column":13}},"216":{"start":{"line":358,"column":25},"end":{"line":358,"column":101}},"217":{"start":{"line":359,"column":29},"end":{"line":359,"column":131}},"218":{"start":{"line":361,"column":8},"end":{"line":370,"column":9}},"219":{"start":{"line":362,"column":10},"end":{"line":362,"column":32}},"220":{"start":{"line":363,"column":10},"end":{"line":363,"column":30}},"221":{"start":{"line":364,"column":10},"end":{"line":364,"column":35}},"222":{"start":{"line":365,"column":15},"end":{"line":370,"column":9}},"223":{"start":{"line":366,"column":10},"end":{"line":366,"column":38}},"224":{"start":{"line":367,"column":15},"end":{"line":370,"column":9}},"225":{"start":{"line":368,"column":10},"end":{"line":368,"column":32}},"226":{"start":{"line":369,"column":10},"end":{"line":369,"column":78}},"227":{"start":{"line":374,"column":8},"end":{"line":374,"column":28}},"228":{"start":{"line":375,"column":33},"end":{"line":375,"column":126}},"229":{"start":{"line":376,"column":22},"end":{"line":376,"column":51}},"230":{"start":{"line":379,"column":8},"end":{"line":379,"column":25}},"231":{"start":{"line":380,"column":8},"end":{"line":380,"column":55}},"232":{"start":{"line":381,"column":8},"end":{"line":381,"column":52}},"233":{"start":{"line":382,"column":8},"end":{"line":382,"column":63}},"234":{"start":{"line":383,"column":8},"end":{"line":383,"column":70}},"235":{"start":{"line":384,"column":8},"end":{"line":384,"column":71}},"236":{"start":{"line":387,"column":23},"end":{"line":387,"column":24}},"237":{"start":{"line":388,"column":8},"end":{"line":392,"column":9}},"238":{"start":{"line":389,"column":10},"end":{"line":389,"column":27}},"239":{"start":{"line":390,"column":10},"end":{"line":390,"column":50}},"240":{"start":{"line":391,"column":10},"end":{"line":391,"column":21}},"241":{"start":{"line":394,"column":8},"end":{"line":424,"column":9}},"242":{"start":{"line":395,"column":10},"end":{"line":395,"column":31}},"243":{"start":{"line":397,"column":28},"end":{"line":397,"column":77}},"244":{"start":{"line":398,"column":10},"end":{"line":398,"column":72}},"245":{"start":{"line":399,"column":10},"end":{"line":399,"column":26}},"246":{"start":{"line":400,"column":10},"end":{"line":400,"column":70}},"247":{"start":{"line":402,"column":25},"end":{"line":402,"column":113}},"248":{"start":{"line":403,"column":10},"end":{"line":403,"column":71}},"249":{"start":{"line":406,"column":30},"end":{"line":406,"column":35}},"250":{"start":{"line":407,"column":10},"end":{"line":414,"column":11}},"251":{"start":{"line":407,"column":23},"end":{"line":407,"column":24}},"252":{"start":{"line":408,"column":12},"end":{"line":408,"column":29}},"253":{"start":{"line":409,"column":28},"end":{"line":409,"column":102}},"254":{"start":{"line":410,"column":12},"end":{"line":413,"column":13}},"255":{"start":{"line":411,"column":14},"end":{"line":411,"column":35}},"256":{"start":{"line":412,"column":14},"end":{"line":412,"column":20}},"257":{"start":{"line":416,"column":10},"end":{"line":419,"column":11}},"258":{"start":{"line":417,"column":25},"end":{"line":417,"column":49}},"259":{"start":{"line":418,"column":12},"end":{"line":418,"column":99}},"260":{"start":{"line":418,"column":22},"end":{"line":418,"column":99}},"261":{"start":{"line":421,"column":10},"end":{"line":421,"column":29}},"262":{"start":{"line":423,"column":10},"end":{"line":423,"column":88}},"263":{"start":{"line":428,"column":8},"end":{"line":428,"column":28}},"264":{"start":{"line":429,"column":31},"end":{"line":429,"column":33}},"265":{"start":{"line":430,"column":26},"end":{"line":430,"column":27}},"266":{"start":{"line":431,"column":33},"end":{"line":431,"column":38}},"267":{"start":{"line":432,"column":35},"end":{"line":432,"column":40}},"268":{"start":{"line":433,"column":22},"end":{"line":433,"column":27}},"269":{"start":{"line":434,"column":26},"end":{"line":434,"column":36}},"270":{"start":{"line":436,"column":28},"end":{"line":494,"column":15}},"271":{"start":{"line":437,"column":26},"end":{"line":437,"column":100}},"272":{"start":{"line":438,"column":34},"end":{"line":438,"column":77}},"273":{"start":{"line":440,"column":10},"end":{"line":443,"column":11}},"274":{"start":{"line":441,"column":13},"end":{"line":441,"column":39}},"275":{"start":{"line":442,"column":13},"end":{"line":442,"column":41}},"276":{"start":{"line":446,"column":28},"end":{"line":451,"column":11}},"277":{"start":{"line":453,"column":24},"end":{"line":453,"column":28}},"278":{"start":{"line":454,"column":10},"end":{"line":460,"column":11}},"279":{"start":{"line":455,"column":26},"end":{"line":455,"column":56}},"280":{"start":{"line":456,"column":12},"end":{"line":459,"column":13}},"281":{"start":{"line":457,"column":14},"end":{"line":457,"column":48}},"282":{"start":{"line":458,"column":14},"end":{"line":458,"column":20}},"283":{"start":{"line":462,"column":10},"end":{"line":473,"column":11}},"284":{"start":{"line":463,"column":28},"end":{"line":463,"column":52}},"285":{"start":{"line":464,"column":12},"end":{"line":472,"column":13}},"286":{"start":{"line":465,"column":14},"end":{"line":465,"column":40}},"287":{"start":{"line":466,"column":14},"end":{"line":471,"column":15}},"288":{"start":{"line":467,"column":16},"end":{"line":467,"column":30}},"289":{"start":{"line":469,"column":16},"end":{"line":469,"column":43}},"290":{"start":{"line":470,"column":16},"end":{"line":470,"column":32}},"291":{"start":{"line":477,"column":10},"end":{"line":481,"column":11}},"292":{"start":{"line":478,"column":13},"end":{"line":478,"column":40}},"293":{"start":{"line":479,"column":13},"end":{"line":479,"column":39}},"294":{"start":{"line":480,"column":13},"end":{"line":480,"column":20}},"295":{"start":{"line":484,"column":10},"end":{"line":488,"column":11}},"296":{"start":{"line":485,"column":12},"end":{"line":485,"column":39}},"297":{"start":{"line":486,"column":12},"end":{"line":486,"column":38}},"298":{"start":{"line":487,"column":12},"end":{"line":487,"column":19}},"299":{"start":{"line":490,"column":10},"end":{"line":493,"column":11}},"300":{"start":{"line":491,"column":12},"end":{"line":491,"column":39}},"301":{"start":{"line":492,"column":12},"end":{"line":492,"column":96}},"302":{"start":{"line":498,"column":4},"end":{"line":498,"column":41}},"303":{"start":{"line":500,"column":4},"end":{"line":500,"column":50}},"304":{"start":{"line":508,"column":22},"end":{"line":512,"column":3}},"305":{"start":{"line":514,"column":18},"end":{"line":514,"column":22}},"306":{"start":{"line":516,"column":2},"end":{"line":571,"column":3}},"307":{"start":{"line":517,"column":4},"end":{"line":570,"column":5}},"308":{"start":{"line":518,"column":25},"end":{"line":518,"column":46}},"309":{"start":{"line":519,"column":24},"end":{"line":519,"column":67}},"310":{"start":{"line":519,"column":41},"end":{"line":519,"column":59}},"311":{"start":{"line":521,"column":23},"end":{"line":536,"column":8}},"312":{"start":{"line":537,"column":6},"end":{"line":537,"column":30}},"313":{"start":{"line":539,"column":6},"end":{"line":552,"column":7}},"314":{"start":{"line":540,"column":24},"end":{"line":540,"column":63}},"315":{"start":{"line":540,"column":59},"end":{"line":540,"column":61}},"316":{"start":{"line":541,"column":25},"end":{"line":541,"column":76}},"317":{"start":{"line":544,"column":8},"end":{"line":551,"column":9}},"318":{"start":{"line":545,"column":10},"end":{"line":545,"column":58}},"319":{"start":{"line":546,"column":10},"end":{"line":546,"column":92}},"320":{"start":{"line":547,"column":10},"end":{"line":547,"column":19}},"321":{"start":{"line":550,"column":10},"end":{"line":550,"column":52}},"322":{"start":{"line":554,"column":19},"end":{"line":554,"column":40}},"323":{"start":{"line":555,"column":22},"end":{"line":555,"column":53}},"324":{"start":{"line":557,"column":6},"end":{"line":557,"column":42}},"325":{"start":{"line":559,"column":6},"end":{"line":559,"column":22}},"326":{"start":{"line":561,"column":6},"end":{"line":564,"column":7}},"327":{"start":{"line":562,"column":9},"end":{"line":562,"column":84}},"328":{"start":{"line":563,"column":9},"end":{"line":563,"column":18}},"329":{"start":{"line":566,"column":6},"end":{"line":568,"column":7}},"330":{"start":{"line":567,"column":9},"end":{"line":567,"column":15}},"331":{"start":{"line":569,"column":6},"end":{"line":569,"column":67}},"332":{"start":{"line":574,"column":2},"end":{"line":574,"column":79}},"333":{"start":{"line":575,"column":2},"end":{"line":575,"column":114}}},"fnMap":{"0":{"name":"setupOffscreenDocument","decl":{"start":{"line":5,"column":15},"end":{"line":5,"column":37}},"loc":{"start":{"line":5,"column":44},"end":{"line":29,"column":1}},"line":5},"1":{"name":"hasDocument","decl":{"start":{"line":31,"column":15},"end":{"line":31,"column":26}},"loc":{"start":{"line":31,"column":29},"end":{"line":49,"column":1}},"line":31},"2":{"name":"(anonymous_2)","decl":{"start":{"line":44,"column":6},"end":{"line":44,"column":7}},"loc":{"start":{"line":44,"column":13},"end":{"line":44,"column":69}},"line":44},"3":{"name":"(anonymous_3)","decl":{"start":{"line":51,"column":39},"end":{"line":51,"column":40}},"loc":{"start":{"line":51,"column":45},"end":{"line":54,"column":1}},"line":51},"4":{"name":"(anonymous_4)","decl":{"start":{"line":57,"column":37},"end":{"line":57,"column":38}},"loc":{"start":{"line":57,"column":72},"end":{"line":119,"column":1}},"line":57},"5":{"name":"(anonymous_5)","decl":{"start":{"line":60,"column":5},"end":{"line":60,"column":6}},"loc":{"start":{"line":60,"column":17},"end":{"line":75,"column":5}},"line":60},"6":{"name":"(anonymous_6)","decl":{"start":{"line":80,"column":5},"end":{"line":80,"column":6}},"loc":{"start":{"line":80,"column":17},"end":{"line":108,"column":5}},"line":80},"7":{"name":"(anonymous_7)","decl":{"start":{"line":111,"column":26},"end":{"line":111,"column":27}},"loc":{"start":{"line":111,"column":32},"end":{"line":111,"column":63}},"line":111},"8":{"name":"(anonymous_8)","decl":{"start":{"line":115,"column":46},"end":{"line":115,"column":47}},"loc":{"start":{"line":115,"column":51},"end":{"line":115,"column":67}},"line":115},"9":{"name":"ensureWorkerTab","decl":{"start":{"line":131,"column":15},"end":{"line":131,"column":30}},"loc":{"start":{"line":131,"column":33},"end":{"line":164,"column":1}},"line":131},"10":{"name":"(anonymous_10)","decl":{"start":{"line":161,"column":22},"end":{"line":161,"column":23}},"loc":{"start":{"line":161,"column":27},"end":{"line":161,"column":46}},"line":161},"11":{"name":"resetWorkerTab","decl":{"start":{"line":169,"column":15},"end":{"line":169,"column":29}},"loc":{"start":{"line":169,"column":32},"end":{"line":180,"column":1}},"line":169},"12":{"name":"(anonymous_12)","decl":{"start":{"line":175,"column":22},"end":{"line":175,"column":23}},"loc":{"start":{"line":175,"column":27},"end":{"line":175,"column":45}},"line":175},"13":{"name":"handleOptimization","decl":{"start":{"line":185,"column":15},"end":{"line":185,"column":33}},"loc":{"start":{"line":185,"column":60},"end":{"line":264,"column":1}},"line":185},"14":{"name":"(anonymous_14)","decl":{"start":{"line":187,"column":22},"end":{"line":187,"column":23}},"loc":{"start":{"line":187,"column":27},"end":{"line":187,"column":46}},"line":187},"15":{"name":"(anonymous_15)","decl":{"start":{"line":200,"column":24},"end":{"line":200,"column":25}},"loc":{"start":{"line":200,"column":29},"end":{"line":200,"column":47}},"line":200},"16":{"name":"(anonymous_16)","decl":{"start":{"line":210,"column":25},"end":{"line":210,"column":26}},"loc":{"start":{"line":210,"column":30},"end":{"line":210,"column":49}},"line":210},"17":{"name":"(anonymous_17)","decl":{"start":{"line":230,"column":35},"end":{"line":230,"column":36}},"loc":{"start":{"line":230,"column":43},"end":{"line":230,"column":60}},"line":230},"18":{"name":"(anonymous_18)","decl":{"start":{"line":239,"column":81},"end":{"line":239,"column":82}},"loc":{"start":{"line":239,"column":87},"end":{"line":239,"column":89}},"line":239},"19":{"name":"resetInactivityTimer","decl":{"start":{"line":267,"column":9},"end":{"line":267,"column":29}},"loc":{"start":{"line":267,"column":32},"end":{"line":277,"column":1}},"line":267},"20":{"name":"(anonymous_20)","decl":{"start":{"line":269,"column":31},"end":{"line":269,"column":32}},"loc":{"start":{"line":269,"column":37},"end":{"line":276,"column":3}},"line":269},"21":{"name":"(anonymous_21)","decl":{"start":{"line":271,"column":50},"end":{"line":271,"column":51}},"loc":{"start":{"line":271,"column":56},"end":{"line":271,"column":58}},"line":271},"22":{"name":"waitForTabComplete","decl":{"start":{"line":279,"column":9},"end":{"line":279,"column":27}},"loc":{"start":{"line":279,"column":35},"end":{"line":294,"column":1}},"line":279},"23":{"name":"(anonymous_23)","decl":{"start":{"line":280,"column":21},"end":{"line":280,"column":22}},"loc":{"start":{"line":280,"column":34},"end":{"line":293,"column":3}},"line":280},"24":{"name":"(anonymous_24)","decl":{"start":{"line":281,"column":18},"end":{"line":281,"column":19}},"loc":{"start":{"line":281,"column":32},"end":{"line":286,"column":5}},"line":281},"25":{"name":"(anonymous_25)","decl":{"start":{"line":289,"column":15},"end":{"line":289,"column":16}},"loc":{"start":{"line":289,"column":21},"end":{"line":292,"column":5}},"line":289},"26":{"name":"automateChatGPT","decl":{"start":{"line":299,"column":15},"end":{"line":299,"column":30}},"loc":{"start":{"line":299,"column":44},"end":{"line":502,"column":1}},"line":299},"27":{"name":"(anonymous_27)","decl":{"start":{"line":301,"column":14},"end":{"line":301,"column":15}},"loc":{"start":{"line":301,"column":23},"end":{"line":305,"column":3}},"line":301},"28":{"name":"(anonymous_28)","decl":{"start":{"line":308,"column":16},"end":{"line":308,"column":17}},"loc":{"start":{"line":308,"column":24},"end":{"line":308,"column":59}},"line":308},"29":{"name":"(anonymous_29)","decl":{"start":{"line":308,"column":36},"end":{"line":308,"column":37}},"loc":{"start":{"line":308,"column":41},"end":{"line":308,"column":58}},"line":308},"30":{"name":"(anonymous_30)","decl":{"start":{"line":315,"column":22},"end":{"line":315,"column":23}},"loc":{"start":{"line":315,"column":37},"end":{"line":333,"column":3}},"line":315},"31":{"name":"(anonymous_31)","decl":{"start":{"line":316,"column":22},"end":{"line":316,"column":23}},"loc":{"start":{"line":316,"column":42},"end":{"line":326,"column":5}},"line":316},"32":{"name":"(anonymous_32)","decl":{"start":{"line":320,"column":66},"end":{"line":320,"column":67}},"loc":{"start":{"line":320,"column":74},"end":{"line":320,"column":89}},"line":320},"33":{"name":"(anonymous_33)","decl":{"start":{"line":335,"column":24},"end":{"line":335,"column":25}},"loc":{"start":{"line":335,"column":30},"end":{"line":345,"column":3}},"line":335},"34":{"name":"(anonymous_34)","decl":{"start":{"line":338,"column":33},"end":{"line":338,"column":34}},"loc":{"start":{"line":338,"column":38},"end":{"line":338,"column":78}},"line":338},"35":{"name":"(anonymous_35)","decl":{"start":{"line":338,"column":49},"end":{"line":338,"column":50}},"loc":{"start":{"line":338,"column":54},"end":{"line":338,"column":77}},"line":338},"36":{"name":"(anonymous_36)","decl":{"start":{"line":353,"column":35},"end":{"line":353,"column":36}},"loc":{"start":{"line":353,"column":56},"end":{"line":496,"column":5}},"line":353},"37":{"name":"(anonymous_37)","decl":{"start":{"line":357,"column":33},"end":{"line":357,"column":34}},"loc":{"start":{"line":357,"column":45},"end":{"line":371,"column":7}},"line":357},"38":{"name":"proceedToInput","decl":{"start":{"line":373,"column":21},"end":{"line":373,"column":35}},"loc":{"start":{"line":373,"column":46},"end":{"line":425,"column":7}},"line":373},"39":{"name":"startObservation","decl":{"start":{"line":427,"column":15},"end":{"line":427,"column":31}},"loc":{"start":{"line":427,"column":34},"end":{"line":495,"column":7}},"line":427},"40":{"name":"(anonymous_40)","decl":{"start":{"line":436,"column":40},"end":{"line":436,"column":41}},"loc":{"start":{"line":436,"column":46},"end":{"line":494,"column":9}},"line":436},"41":{"name":"handleGroqOptimization","decl":{"start":{"line":507,"column":15},"end":{"line":507,"column":37}},"loc":{"start":{"line":507,"column":59},"end":{"line":576,"column":1}},"line":507},"42":{"name":"(anonymous_42)","decl":{"start":{"line":519,"column":35},"end":{"line":519,"column":36}},"loc":{"start":{"line":519,"column":41},"end":{"line":519,"column":59}},"line":519},"43":{"name":"(anonymous_43)","decl":{"start":{"line":540,"column":52},"end":{"line":540,"column":53}},"loc":{"start":{"line":540,"column":59},"end":{"line":540,"column":61}},"line":540}},"branchMap":{"0":{"loc":{"start":{"line":6,"column":2},"end":{"line":6,"column":34}},"type":"if","locations":[{"start":{"line":6,"column":2},"end":{"line":6,"column":34}},{"start":{},"end":{}}],"line":6},"1":{"loc":{"start":{"line":7,"column":2},"end":{"line":28,"column":3}},"type":"if","locations":[{"start":{"line":7,"column":2},"end":{"line":28,"column":3}},{"start":{"line":9,"column":9},"end":{"line":28,"column":3}}],"line":7},"2":{"loc":{"start":{"line":21,"column":6},"end":{"line":24,"column":7}},"type":"if","locations":[{"start":{"line":21,"column":6},"end":{"line":24,"column":7}},{"start":{},"end":{}}],"line":21},"3":{"loc":{"start":{"line":33,"column":2},"end":{"line":39,"column":3}},"type":"if","locations":[{"start":{"line":33,"column":2},"end":{"line":39,"column":3}},{"start":{},"end":{}}],"line":33},"4":{"loc":{"start":{"line":59,"column":2},"end":{"line":77,"column":3}},"type":"if","locations":[{"start":{"line":59,"column":2},"end":{"line":77,"column":3}},{"start":{},"end":{}}],"line":59},"5":{"loc":{"start":{"line":69,"column":8},"end":{"line":69,"column":44}},"type":"if","locations":[{"start":{"line":69,"column":8},"end":{"line":69,"column":44}},{"start":{},"end":{}}],"line":69},"6":{"loc":{"start":{"line":79,"column":2},"end":{"line":118,"column":3}},"type":"if","locations":[{"start":{"line":79,"column":2},"end":{"line":118,"column":3}},{"start":{"line":110,"column":9},"end":{"line":118,"column":3}}],"line":79},"7":{"loc":{"start":{"line":84,"column":22},"end":{"line":84,"column":65}},"type":"binary-expr","locations":[{"start":{"line":84,"column":22},"end":{"line":84,"column":41}},{"start":{"line":84,"column":45},"end":{"line":84,"column":65}}],"line":84},"8":{"loc":{"start":{"line":86,"column":25},"end":{"line":86,"column":46}},"type":"binary-expr","locations":[{"start":{"line":86,"column":25},"end":{"line":86,"column":40}},{"start":{"line":86,"column":44},"end":{"line":86,"column":46}}],"line":86},"9":{"loc":{"start":{"line":89,"column":8},"end":{"line":98,"column":9}},"type":"if","locations":[{"start":{"line":89,"column":8},"end":{"line":98,"column":9}},{"start":{},"end":{}}],"line":89},"10":{"loc":{"start":{"line":89,"column":12},"end":{"line":89,"column":48}},"type":"binary-expr","locations":[{"start":{"line":89,"column":12},"end":{"line":89,"column":19}},{"start":{"line":89,"column":23},"end":{"line":89,"column":48}}],"line":89},"11":{"loc":{"start":{"line":91,"column":10},"end":{"line":96,"column":11}},"type":"if","locations":[{"start":{"line":91,"column":10},"end":{"line":96,"column":11}},{"start":{"line":93,"column":17},"end":{"line":96,"column":11}}],"line":91},"12":{"loc":{"start":{"line":105,"column":27},"end":{"line":105,"column":112}},"type":"cond-expr","locations":[{"start":{"line":105,"column":39},"end":{"line":105,"column":96}},{"start":{"line":105,"column":99},"end":{"line":105,"column":112}}],"line":105},"13":{"loc":{"start":{"line":110,"column":9},"end":{"line":118,"column":3}},"type":"if","locations":[{"start":{"line":110,"column":9},"end":{"line":118,"column":3}},{"start":{"line":113,"column":9},"end":{"line":118,"column":3}}],"line":110},"14":{"loc":{"start":{"line":113,"column":9},"end":{"line":118,"column":3}},"type":"if","locations":[{"start":{"line":113,"column":9},"end":{"line":118,"column":3}},{"start":{},"end":{}}],"line":113},"15":{"loc":{"start":{"line":114,"column":4},"end":{"line":116,"column":5}},"type":"if","locations":[{"start":{"line":114,"column":4},"end":{"line":116,"column":5}},{"start":{},"end":{}}],"line":114},"16":{"loc":{"start":{"line":114,"column":8},"end":{"line":114,"column":45}},"type":"binary-expr","locations":[{"start":{"line":114,"column":8},"end":{"line":114,"column":14}},{"start":{"line":114,"column":18},"end":{"line":114,"column":28}},{"start":{"line":114,"column":32},"end":{"line":114,"column":45}}],"line":114},"17":{"loc":{"start":{"line":133,"column":2},"end":{"line":145,"column":3}},"type":"if","locations":[{"start":{"line":133,"column":2},"end":{"line":145,"column":3}},{"start":{},"end":{}}],"line":133},"18":{"loc":{"start":{"line":136,"column":6},"end":{"line":140,"column":7}},"type":"if","locations":[{"start":{"line":136,"column":6},"end":{"line":140,"column":7}},{"start":{"line":138,"column":13},"end":{"line":140,"column":7}}],"line":136},"19":{"loc":{"start":{"line":136,"column":10},"end":{"line":136,"column":48}},"type":"binary-expr","locations":[{"start":{"line":136,"column":10},"end":{"line":136,"column":13}},{"start":{"line":136,"column":17},"end":{"line":136,"column":25}},{"start":{"line":136,"column":29},"end":{"line":136,"column":48}}],"line":136},"20":{"loc":{"start":{"line":147,"column":2},"end":{"line":162,"column":3}},"type":"if","locations":[{"start":{"line":147,"column":2},"end":{"line":162,"column":3}},{"start":{},"end":{}}],"line":147},"21":{"loc":{"start":{"line":170,"column":2},"end":{"line":170,"column":44}},"type":"if","locations":[{"start":{"line":170,"column":2},"end":{"line":170,"column":44}},{"start":{},"end":{}}],"line":170},"22":{"loc":{"start":{"line":170,"column":6},"end":{"line":170,"column":35}},"type":"binary-expr","locations":[{"start":{"line":170,"column":6},"end":{"line":170,"column":21}},{"start":{"line":170,"column":25},"end":{"line":170,"column":35}}],"line":170},"23":{"loc":{"start":{"line":185,"column":47},"end":{"line":185,"column":58}},"type":"default-arg","locations":[{"start":{"line":185,"column":57},"end":{"line":185,"column":58}}],"line":185},"24":{"loc":{"start":{"line":186,"column":2},"end":{"line":188,"column":3}},"type":"if","locations":[{"start":{"line":186,"column":2},"end":{"line":188,"column":3}},{"start":{},"end":{}}],"line":186},"25":{"loc":{"start":{"line":186,"column":6},"end":{"line":186,"column":33}},"type":"binary-expr","locations":[{"start":{"line":186,"column":6},"end":{"line":186,"column":16}},{"start":{"line":186,"column":20},"end":{"line":186,"column":33}}],"line":186},"26":{"loc":{"start":{"line":197,"column":4},"end":{"line":201,"column":5}},"type":"if","locations":[{"start":{"line":197,"column":4},"end":{"line":201,"column":5}},{"start":{},"end":{}}],"line":197},"27":{"loc":{"start":{"line":207,"column":4},"end":{"line":212,"column":5}},"type":"if","locations":[{"start":{"line":207,"column":4},"end":{"line":212,"column":5}},{"start":{},"end":{}}],"line":207},"28":{"loc":{"start":{"line":207,"column":8},"end":{"line":207,"column":76}},"type":"binary-expr","locations":[{"start":{"line":207,"column":8},"end":{"line":207,"column":44}},{"start":{"line":207,"column":48},"end":{"line":207,"column":76}}],"line":207},"29":{"loc":{"start":{"line":214,"column":4},"end":{"line":217,"column":5}},"type":"if","locations":[{"start":{"line":214,"column":4},"end":{"line":217,"column":5}},{"start":{},"end":{}}],"line":214},"30":{"loc":{"start":{"line":225,"column":4},"end":{"line":247,"column":5}},"type":"if","locations":[{"start":{"line":225,"column":4},"end":{"line":247,"column":5}},{"start":{"line":245,"column":11},"end":{"line":247,"column":5}}],"line":225},"31":{"loc":{"start":{"line":225,"column":8},"end":{"line":225,"column":35}},"type":"binary-expr","locations":[{"start":{"line":225,"column":8},"end":{"line":225,"column":14}},{"start":{"line":225,"column":18},"end":{"line":225,"column":35}}],"line":225},"32":{"loc":{"start":{"line":228,"column":6},"end":{"line":232,"column":7}},"type":"if","locations":[{"start":{"line":228,"column":6},"end":{"line":232,"column":7}},{"start":{},"end":{}}],"line":228},"33":{"loc":{"start":{"line":229,"column":72},"end":{"line":229,"column":113}},"type":"cond-expr","locations":[{"start":{"line":229,"column":95},"end":{"line":229,"column":104}},{"start":{"line":229,"column":107},"end":{"line":229,"column":113}}],"line":229},"34":{"loc":{"start":{"line":234,"column":6},"end":{"line":244,"column":7}},"type":"if","locations":[{"start":{"line":234,"column":6},"end":{"line":244,"column":7}},{"start":{"line":236,"column":13},"end":{"line":244,"column":7}}],"line":234},"35":{"loc":{"start":{"line":234,"column":10},"end":{"line":234,"column":46}},"type":"binary-expr","locations":[{"start":{"line":234,"column":10},"end":{"line":234,"column":22}},{"start":{"line":234,"column":26},"end":{"line":234,"column":46}}],"line":234},"36":{"loc":{"start":{"line":237,"column":8},"end":{"line":242,"column":9}},"type":"if","locations":[{"start":{"line":237,"column":8},"end":{"line":242,"column":9}},{"start":{},"end":{}}],"line":237},"37":{"loc":{"start":{"line":237,"column":12},"end":{"line":237,"column":74}},"type":"binary-expr","locations":[{"start":{"line":237,"column":12},"end":{"line":237,"column":23}},{"start":{"line":237,"column":27},"end":{"line":237,"column":74}}],"line":237},"38":{"loc":{"start":{"line":239,"column":11},"end":{"line":239,"column":91}},"type":"if","locations":[{"start":{"line":239,"column":11},"end":{"line":239,"column":91}},{"start":{},"end":{}}],"line":239},"39":{"loc":{"start":{"line":243,"column":24},"end":{"line":243,"column":83}},"type":"binary-expr","locations":[{"start":{"line":243,"column":24},"end":{"line":243,"column":43}},{"start":{"line":243,"column":47},"end":{"line":243,"column":83}}],"line":243},"40":{"loc":{"start":{"line":249,"column":4},"end":{"line":256,"column":5}},"type":"if","locations":[{"start":{"line":249,"column":4},"end":{"line":256,"column":5}},{"start":{},"end":{}}],"line":249},"41":{"loc":{"start":{"line":251,"column":7},"end":{"line":254,"column":8}},"type":"if","locations":[{"start":{"line":251,"column":7},"end":{"line":254,"column":8}},{"start":{},"end":{}}],"line":251},"42":{"loc":{"start":{"line":268,"column":2},"end":{"line":268,"column":53}},"type":"if","locations":[{"start":{"line":268,"column":2},"end":{"line":268,"column":53}},{"start":{},"end":{}}],"line":268},"43":{"loc":{"start":{"line":270,"column":4},"end":{"line":275,"column":5}},"type":"if","locations":[{"start":{"line":270,"column":4},"end":{"line":275,"column":5}},{"start":{},"end":{}}],"line":270},"44":{"loc":{"start":{"line":282,"column":6},"end":{"line":285,"column":7}},"type":"if","locations":[{"start":{"line":282,"column":6},"end":{"line":285,"column":7}},{"start":{},"end":{}}],"line":282},"45":{"loc":{"start":{"line":282,"column":10},"end":{"line":282,"column":52}},"type":"binary-expr","locations":[{"start":{"line":282,"column":10},"end":{"line":282,"column":22}},{"start":{"line":282,"column":26},"end":{"line":282,"column":52}}],"line":282},"46":{"loc":{"start":{"line":311,"column":2},"end":{"line":313,"column":3}},"type":"if","locations":[{"start":{"line":311,"column":2},"end":{"line":313,"column":3}},{"start":{},"end":{}}],"line":311},"47":{"loc":{"start":{"line":318,"column":6},"end":{"line":318,"column":24}},"type":"if","locations":[{"start":{"line":318,"column":6},"end":{"line":318,"column":24}},{"start":{},"end":{}}],"line":318},"48":{"loc":{"start":{"line":323,"column":8},"end":{"line":323,"column":26}},"type":"if","locations":[{"start":{"line":323,"column":8},"end":{"line":323,"column":26}},{"start":{},"end":{}}],"line":323},"49":{"loc":{"start":{"line":330,"column":6},"end":{"line":330,"column":24}},"type":"if","locations":[{"start":{"line":330,"column":6},"end":{"line":330,"column":24}},{"start":{},"end":{}}],"line":330},"50":{"loc":{"start":{"line":339,"column":4},"end":{"line":343,"column":5}},"type":"if","locations":[{"start":{"line":339,"column":4},"end":{"line":343,"column":5}},{"start":{},"end":{}}],"line":339},"51":{"loc":{"start":{"line":359,"column":29},"end":{"line":359,"column":131}},"type":"binary-expr","locations":[{"start":{"line":359,"column":29},"end":{"line":359,"column":86}},{"start":{"line":359,"column":90},"end":{"line":359,"column":131}}],"line":359},"52":{"loc":{"start":{"line":361,"column":8},"end":{"line":370,"column":9}},"type":"if","locations":[{"start":{"line":361,"column":8},"end":{"line":370,"column":9}},{"start":{"line":365,"column":15},"end":{"line":370,"column":9}}],"line":361},"53":{"loc":{"start":{"line":365,"column":15},"end":{"line":370,"column":9}},"type":"if","locations":[{"start":{"line":365,"column":15},"end":{"line":370,"column":9}},{"start":{"line":367,"column":15},"end":{"line":370,"column":9}}],"line":365},"54":{"loc":{"start":{"line":367,"column":15},"end":{"line":370,"column":9}},"type":"if","locations":[{"start":{"line":367,"column":15},"end":{"line":370,"column":9}},{"start":{},"end":{}}],"line":367},"55":{"loc":{"start":{"line":388,"column":15},"end":{"line":388,"column":62}},"type":"binary-expr","locations":[{"start":{"line":388,"column":16},"end":{"line":388,"column":24}},{"start":{"line":388,"column":28},"end":{"line":388,"column":44}},{"start":{"line":388,"column":49},"end":{"line":388,"column":62}}],"line":388},"56":{"loc":{"start":{"line":394,"column":8},"end":{"line":424,"column":9}},"type":"if","locations":[{"start":{"line":394,"column":8},"end":{"line":424,"column":9}},{"start":{"line":422,"column":15},"end":{"line":424,"column":9}}],"line":394},"57":{"loc":{"start":{"line":394,"column":12},"end":{"line":394,"column":40}},"type":"binary-expr","locations":[{"start":{"line":394,"column":12},"end":{"line":394,"column":19}},{"start":{"line":394,"column":23},"end":{"line":394,"column":40}}],"line":394},"58":{"loc":{"start":{"line":410,"column":12},"end":{"line":413,"column":13}},"type":"if","locations":[{"start":{"line":410,"column":12},"end":{"line":413,"column":13}},{"start":{},"end":{}}],"line":410},"59":{"loc":{"start":{"line":416,"column":10},"end":{"line":419,"column":11}},"type":"if","locations":[{"start":{"line":416,"column":10},"end":{"line":419,"column":11}},{"start":{},"end":{}}],"line":416},"60":{"loc":{"start":{"line":418,"column":12},"end":{"line":418,"column":99}},"type":"if","locations":[{"start":{"line":418,"column":12},"end":{"line":418,"column":99}},{"start":{},"end":{}}],"line":418},"61":{"loc":{"start":{"line":440,"column":10},"end":{"line":443,"column":11}},"type":"if","locations":[{"start":{"line":440,"column":10},"end":{"line":443,"column":11}},{"start":{},"end":{}}],"line":440},"62":{"loc":{"start":{"line":440,"column":14},"end":{"line":440,"column":40}},"type":"binary-expr","locations":[{"start":{"line":440,"column":14},"end":{"line":440,"column":21}},{"start":{"line":440,"column":25},"end":{"line":440,"column":40}}],"line":440},"63":{"loc":{"start":{"line":456,"column":12},"end":{"line":459,"column":13}},"type":"if","locations":[{"start":{"line":456,"column":12},"end":{"line":459,"column":13}},{"start":{},"end":{}}],"line":456},"64":{"loc":{"start":{"line":462,"column":10},"end":{"line":473,"column":11}},"type":"if","locations":[{"start":{"line":462,"column":10},"end":{"line":473,"column":11}},{"start":{},"end":{}}],"line":462},"65":{"loc":{"start":{"line":464,"column":12},"end":{"line":472,"column":13}},"type":"if","locations":[{"start":{"line":464,"column":12},"end":{"line":472,"column":13}},{"start":{},"end":{}}],"line":464},"66":{"loc":{"start":{"line":466,"column":14},"end":{"line":471,"column":15}},"type":"if","locations":[{"start":{"line":466,"column":14},"end":{"line":471,"column":15}},{"start":{"line":468,"column":21},"end":{"line":471,"column":15}}],"line":466},"67":{"loc":{"start":{"line":466,"column":18},"end":{"line":466,"column":69}},"type":"binary-expr","locations":[{"start":{"line":466,"column":18},"end":{"line":466,"column":46}},{"start":{"line":466,"column":50},"end":{"line":466,"column":69}}],"line":466},"68":{"loc":{"start":{"line":477,"column":10},"end":{"line":481,"column":11}},"type":"if","locations":[{"start":{"line":477,"column":10},"end":{"line":481,"column":11}},{"start":{},"end":{}}],"line":477},"69":{"loc":{"start":{"line":477,"column":14},"end":{"line":477,"column":119}},"type":"binary-expr","locations":[{"start":{"line":477,"column":14},"end":{"line":477,"column":32}},{"start":{"line":477,"column":36},"end":{"line":477,"column":56}},{"start":{"line":477,"column":60},"end":{"line":477,"column":68}},{"start":{"line":477,"column":72},"end":{"line":477,"column":88}},{"start":{"line":477,"column":92},"end":{"line":477,"column":119}}],"line":477},"70":{"loc":{"start":{"line":484,"column":10},"end":{"line":488,"column":11}},"type":"if","locations":[{"start":{"line":484,"column":10},"end":{"line":488,"column":11}},{"start":{},"end":{}}],"line":484},"71":{"loc":{"start":{"line":484,"column":14},"end":{"line":484,"column":53}},"type":"binary-expr","locations":[{"start":{"line":484,"column":14},"end":{"line":484,"column":32}},{"start":{"line":484,"column":36},"end":{"line":484,"column":53}}],"line":484},"72":{"loc":{"start":{"line":490,"column":10},"end":{"line":493,"column":11}},"type":"if","locations":[{"start":{"line":490,"column":10},"end":{"line":493,"column":11}},{"start":{},"end":{}}],"line":490},"73":{"loc":{"start":{"line":539,"column":6},"end":{"line":552,"column":7}},"type":"if","locations":[{"start":{"line":539,"column":6},"end":{"line":552,"column":7}},{"start":{},"end":{}}],"line":539},"74":{"loc":{"start":{"line":541,"column":25},"end":{"line":541,"column":76}},"type":"binary-expr","locations":[{"start":{"line":541,"column":25},"end":{"line":541,"column":47}},{"start":{"line":541,"column":51},"end":{"line":541,"column":76}}],"line":541},"75":{"loc":{"start":{"line":544,"column":8},"end":{"line":551,"column":9}},"type":"if","locations":[{"start":{"line":544,"column":8},"end":{"line":551,"column":9}},{"start":{"line":548,"column":15},"end":{"line":551,"column":9}}],"line":544},"76":{"loc":{"start":{"line":544,"column":12},"end":{"line":544,"column":61}},"type":"binary-expr","locations":[{"start":{"line":544,"column":12},"end":{"line":544,"column":35}},{"start":{"line":544,"column":39},"end":{"line":544,"column":61}}],"line":544},"77":{"loc":{"start":{"line":561,"column":6},"end":{"line":564,"column":7}},"type":"if","locations":[{"start":{"line":561,"column":6},"end":{"line":564,"column":7}},{"start":{},"end":{}}],"line":561},"78":{"loc":{"start":{"line":566,"column":6},"end":{"line":568,"column":7}},"type":"if","locations":[{"start":{"line":566,"column":6},"end":{"line":568,"column":7}},{"start":{},"end":{}}],"line":566},"79":{"loc":{"start":{"line":566,"column":10},"end":{"line":566,"column":68}},"type":"binary-expr","locations":[{"start":{"line":566,"column":10},"end":{"line":566,"column":37}},{"start":{"line":566,"column":41},"end":{"line":566,"column":68}}],"line":566},"80":{"loc":{"start":{"line":575,"column":79},"end":{"line":575,"column":110}},"type":"binary-expr","locations":[{"start":{"line":575,"column":79},"end":{"line":575,"column":97}},{"start":{"line":575,"column":101},"end":{"line":575,"column":110}}],"line":575}},"s":{"0":1,"1":2,"2":0,"3":2,"4":0,"5":2,"6":2,"7":2,"8":2,"9":2,"10":0,"11":0,"12":0,"13":2,"14":2,"15":2,"16":2,"17":0,"18":0,"19":0,"20":0,"21":0,"22":1,"23":1,"24":1,"25":1,"26":6,"27":1,"28":1,"29":1,"30":1,"31":1,"32":0,"33":1,"34":1,"35":0,"36":1,"37":5,"38":3,"39":3,"40":3,"41":3,"42":3,"43":3,"44":3,"45":3,"46":3,"47":2,"48":2,"49":1,"50":1,"51":1,"52":2,"53":1,"54":1,"55":0,"56":0,"57":0,"58":3,"59":2,"60":1,"61":1,"62":1,"63":1,"64":1,"65":1,"66":0,"67":1,"68":1,"69":1,"70":1,"71":1,"72":1,"73":0,"74":0,"75":0,"76":0,"77":0,"78":0,"79":0,"80":1,"81":1,"82":1,"83":1,"84":1,"85":1,"86":1,"87":1,"88":1,"89":1,"90":1,"91":0,"92":0,"93":0,"94":0,"95":0,"96":0,"97":0,"98":0,"99":1,"100":0,"101":0,"102":1,"103":1,"104":1,"105":1,"106":1,"107":0,"108":0,"109":0,"110":0,"111":1,"112":1,"113":1,"114":0,"115":0,"116":0,"117":0,"118":0,"119":1,"120":0,"121":0,"122":1,"123":1,"124":1,"125":1,"126":0,"127":0,"128":0,"129":0,"130":1,"131":1,"132":0,"133":0,"134":0,"135":0,"136":0,"137":0,"138":0,"139":0,"140":0,"141":0,"142":0,"143":0,"144":0,"145":0,"146":0,"147":0,"148":1,"149":1,"150":1,"151":1,"152":0,"153":1,"154":0,"155":0,"156":0,"157":0,"158":0,"159":1,"160":1,"161":1,"162":1,"163":1,"164":1,"165":1,"166":0,"167":0,"168":0,"169":0,"170":0,"171":0,"172":0,"173":0,"174":0,"175":0,"176":0,"177":0,"178":0,"179":0,"180":0,"181":0,"182":0,"183":0,"184":0,"185":0,"186":0,"187":0,"188":0,"189":0,"190":0,"191":0,"192":0,"193":0,"194":0,"195":0,"196":0,"197":0,"198":0,"199":0,"200":0,"201":0,"202":0,"203":0,"204":0,"205":0,"206":0,"207":0,"208":0,"209":0,"210":0,"211":0,"212":0,"213":0,"214":0,"215":0,"216":0,"217":0,"218":0,"219":0,"220":0,"221":0,"222":0,"223":0,"224":0,"225":0,"226":0,"227":0,"228":0,"229":0,"230":0,"231":0,"232":0,"233":0,"234":0,"235":0,"236":0,"237":0,"238":0,"239":0,"240":0,"241":0,"242":0,"243":0,"244":0,"245":0,"246":0,"247":0,"248":0,"249":0,"250":0,"251":0,"252":0,"253":0,"254":0,"255":0,"256":0,"257":0,"258":0,"259":0,"260":0,"261":0,"262":0,"263":0,"264":0,"265":0,"266":0,"267":0,"268":0,"269":0,"270":0,"271":0,"272":0,"273":0,"274":0,"275":0,"276":0,"277":0,"278":0,"279":0,"280":0,"281":0,"282":0,"283":0,"284":0,"285":0,"286":0,"287":0,"288":0,"289":0,"290":0,"291":0,"292":0,"293":0,"294":0,"295":0,"296":0,"297":0,"298":0,"299":0,"300":0,"301":0,"302":0,"303":0,"304":2,"305":2,"306":2,"307":2,"308":2,"309":2,"310":0,"311":2,"312":2,"313":2,"314":1,"315":0,"316":1,"317":1,"318":0,"319":0,"320":0,"321":1,"322":1,"323":1,"324":1,"325":1,"326":1,"327":0,"328":0,"329":1,"330":1,"331":0,"332":1,"333":1},"f":{"0":2,"1":2,"2":0,"3":1,"4":6,"5":1,"6":3,"7":1,"8":0,"9":1,"10":1,"11":1,"12":0,"13":1,"14":0,"15":0,"16":0,"17":0,"18":0,"19":1,"20":0,"21":0,"22":1,"23":1,"24":1,"25":0,"26":0,"27":0,"28":0,"29":0,"30":0,"31":0,"32":0,"33":0,"34":0,"35":0,"36":0,"37":0,"38":0,"39":0,"40":0,"41":2,"42":0,"43":0},"b":{"0":[0,2],"1":[0,2],"2":[0,0],"3":[2,0],"4":[1,5],"5":[0,1],"6":[3,2],"7":[3,0],"8":[3,0],"9":[2,1],"10":[3,2],"11":[1,1],"12":[0,0],"13":[1,1],"14":[1,0],"15":[1,0],"16":[1,1,1],"17":[0,1],"18":[0,0],"19":[0,0,0],"20":[1,0],"21":[1,0],"22":[1,0],"23":[1],"24":[0,1],"25":[1,0],"26":[0,1],"27":[0,1],"28":[1,1],"29":[0,1],"30":[1,0],"31":[1,1],"32":[0,1],"33":[0,0],"34":[1,0],"35":[1,1],"36":[0,0],"37":[0,0],"38":[0,0],"39":[0,0],"40":[0,0],"41":[0,0],"42":[0,1],"43":[0,0],"44":[1,0],"45":[1,1],"46":[0,0],"47":[0,0],"48":[0,0],"49":[0,0],"50":[0,0],"51":[0,0],"52":[0,0],"53":[0,0],"54":[0,0],"55":[0,0,0],"56":[0,0],"57":[0,0],"58":[0,0],"59":[0,0],"60":[0,0],"61":[0,0],"62":[0,0],"63":[0,0],"64":[0,0],"65":[0,0],"66":[0,0],"67":[0,0],"68":[0,0],"69":[0,0,0,0,0],"70":[0,0],"71":[0,0],"72":[0,0],"73":[1,1],"74":[1,0],"75":[0,1],"76":[1,1],"77":[0,1],"78":[1,0],"79":[1,0],"80":[1,0]},"_coverageSchema":"1a1c01bbd47fc00a2c39e90264f33305004495a9","hash":"0a540280dcad352e0b1a4fbc75c689ee15facdfa"}
,"C:\\Users\\tahab\\OneDrive\\Masaüstü\\ContextOps\\src\\content.js": {"path":"C:\\Users\\tahab\\OneDrive\\Masaüstü\\ContextOps\\src\\content.js","statementMap":{"0":{"start":{"line":1,"column":0},"end":{"line":856,"column":5}},"1":{"start":{"line":2,"column":2},"end":{"line":2,"column":47}},"2":{"start":{"line":4,"column":2},"end":{"line":7,"column":3}},"3":{"start":{"line":5,"column":4},"end":{"line":5,"column":97}},"4":{"start":{"line":6,"column":4},"end":{"line":6,"column":11}},"5":{"start":{"line":9,"column":19},"end":{"line":20,"column":3}},"6":{"start":{"line":22,"column":21},"end":{"line":22,"column":47}},"7":{"start":{"line":23,"column":20},"end":{"line":23,"column":45}},"8":{"start":{"line":24,"column":22},"end":{"line":24,"column":49}},"9":{"start":{"line":25,"column":19},"end":{"line":25,"column":34}},"10":{"start":{"line":26,"column":28},"end":{"line":26,"column":33}},"11":{"start":{"line":28,"column":17},"end":{"line":28,"column":32}},"12":{"start":{"line":29,"column":19},"end":{"line":29,"column":21}},"13":{"start":{"line":30,"column":19},"end":{"line":38,"column":3}},"14":{"start":{"line":40,"column":29},"end":{"line":40,"column":34}},"15":{"start":{"line":41,"column":20},"end":{"line":41,"column":21}},"16":{"start":{"line":43,"column":25},"end":{"line":43,"column":29}},"17":{"start":{"line":44,"column":2},"end":{"line":49,"column":14}},"18":{"start":{"line":45,"column":24},"end":{"line":45,"column":67}},"19":{"start":{"line":46,"column":4},"end":{"line":48,"column":5}},"20":{"start":{"line":47,"column":6},"end":{"line":47,"column":48}},"21":{"start":{"line":52,"column":4},"end":{"line":52,"column":55}},"22":{"start":{"line":56,"column":4},"end":{"line":56,"column":51}},"23":{"start":{"line":60,"column":4},"end":{"line":65,"column":5}},"24":{"start":{"line":61,"column":6},"end":{"line":61,"column":40}},"25":{"start":{"line":61,"column":29},"end":{"line":61,"column":40}},"26":{"start":{"line":62,"column":6},"end":{"line":62,"column":63}},"27":{"start":{"line":64,"column":6},"end":{"line":64,"column":17}},"28":{"start":{"line":69,"column":4},"end":{"line":69,"column":47}},"29":{"start":{"line":73,"column":4},"end":{"line":85,"column":6}},"30":{"start":{"line":89,"column":16},"end":{"line":89,"column":49}},"31":{"start":{"line":90,"column":4},"end":{"line":94,"column":5}},"32":{"start":{"line":91,"column":6},"end":{"line":91,"column":44}},"33":{"start":{"line":92,"column":6},"end":{"line":92,"column":26}},"34":{"start":{"line":93,"column":6},"end":{"line":93,"column":50}},"35":{"start":{"line":95,"column":4},"end":{"line":95,"column":29}},"36":{"start":{"line":96,"column":4},"end":{"line":96,"column":32}},"37":{"start":{"line":97,"column":4},"end":{"line":97,"column":41}},"38":{"start":{"line":98,"column":4},"end":{"line":100,"column":13}},"39":{"start":{"line":99,"column":6},"end":{"line":99,"column":37}},"40":{"start":{"line":104,"column":21},"end":{"line":104,"column":63}},"41":{"start":{"line":105,"column":4},"end":{"line":109,"column":5}},"42":{"start":{"line":106,"column":6},"end":{"line":106,"column":52}},"43":{"start":{"line":107,"column":6},"end":{"line":107,"column":62}},"44":{"start":{"line":108,"column":6},"end":{"line":108,"column":55}},"45":{"start":{"line":113,"column":4},"end":{"line":115,"column":5}},"46":{"start":{"line":114,"column":6},"end":{"line":114,"column":13}},"47":{"start":{"line":116,"column":4},"end":{"line":118,"column":5}},"48":{"start":{"line":117,"column":6},"end":{"line":117,"column":13}},"49":{"start":{"line":119,"column":4},"end":{"line":121,"column":5}},"50":{"start":{"line":120,"column":6},"end":{"line":120,"column":13}},"51":{"start":{"line":122,"column":16},"end":{"line":122,"column":26}},"52":{"start":{"line":123,"column":4},"end":{"line":125,"column":5}},"53":{"start":{"line":124,"column":6},"end":{"line":124,"column":13}},"54":{"start":{"line":126,"column":4},"end":{"line":126,"column":32}},"55":{"start":{"line":127,"column":4},"end":{"line":127,"column":22}},"56":{"start":{"line":128,"column":4},"end":{"line":128,"column":32}},"57":{"start":{"line":133,"column":25},"end":{"line":133,"column":40}},"58":{"start":{"line":134,"column":4},"end":{"line":134,"column":33}},"59":{"start":{"line":136,"column":4},"end":{"line":141,"column":5}},"60":{"start":{"line":137,"column":6},"end":{"line":137,"column":69}},"61":{"start":{"line":138,"column":6},"end":{"line":138,"column":68}},"62":{"start":{"line":140,"column":6},"end":{"line":140,"column":13}},"63":{"start":{"line":143,"column":4},"end":{"line":143,"column":105}},"64":{"start":{"line":147,"column":16},"end":{"line":147,"column":38}},"65":{"start":{"line":148,"column":19},"end":{"line":148,"column":48}},"66":{"start":{"line":149,"column":4},"end":{"line":149,"column":49}},"67":{"start":{"line":149,"column":39},"end":{"line":149,"column":49}},"68":{"start":{"line":151,"column":4},"end":{"line":151,"column":89}},"69":{"start":{"line":151,"column":37},"end":{"line":151,"column":59}},"70":{"start":{"line":151,"column":73},"end":{"line":151,"column":87}},"71":{"start":{"line":155,"column":4},"end":{"line":155,"column":34}},"72":{"start":{"line":155,"column":27},"end":{"line":155,"column":34}},"73":{"start":{"line":158,"column":21},"end":{"line":158,"column":94}},"74":{"start":{"line":159,"column":27},"end":{"line":159,"column":64}},"75":{"start":{"line":161,"column":4},"end":{"line":230,"column":7}},"76":{"start":{"line":164,"column":22},"end":{"line":170,"column":62}},"77":{"start":{"line":172,"column":6},"end":{"line":172,"column":27}},"78":{"start":{"line":172,"column":20},"end":{"line":172,"column":27}},"79":{"start":{"line":174,"column":16},"end":{"line":174,"column":54}},"80":{"start":{"line":177,"column":20},"end":{"line":182,"column":123}},"81":{"start":{"line":184,"column":6},"end":{"line":214,"column":7}},"82":{"start":{"line":185,"column":8},"end":{"line":185,"column":47}},"83":{"start":{"line":186,"column":8},"end":{"line":186,"column":43}},"84":{"start":{"line":187,"column":8},"end":{"line":187,"column":201}},"85":{"start":{"line":190,"column":8},"end":{"line":194,"column":9}},"86":{"start":{"line":191,"column":10},"end":{"line":191,"column":56}},"87":{"start":{"line":193,"column":10},"end":{"line":193,"column":35}},"88":{"start":{"line":196,"column":8},"end":{"line":213,"column":10}},"89":{"start":{"line":197,"column":10},"end":{"line":197,"column":29}},"90":{"start":{"line":198,"column":10},"end":{"line":198,"column":30}},"91":{"start":{"line":200,"column":28},"end":{"line":204,"column":63}},"92":{"start":{"line":206,"column":10},"end":{"line":209,"column":11}},"93":{"start":{"line":207,"column":12},"end":{"line":207,"column":90}},"94":{"start":{"line":208,"column":12},"end":{"line":208,"column":19}},"95":{"start":{"line":210,"column":10},"end":{"line":210,"column":38}},"96":{"start":{"line":211,"column":10},"end":{"line":211,"column":42}},"97":{"start":{"line":212,"column":10},"end":{"line":212,"column":58}},"98":{"start":{"line":217,"column":6},"end":{"line":229,"column":7}},"99":{"start":{"line":218,"column":26},"end":{"line":218,"column":56}},"100":{"start":{"line":219,"column":8},"end":{"line":219,"column":51}},"101":{"start":{"line":220,"column":8},"end":{"line":220,"column":67}},"102":{"start":{"line":221,"column":8},"end":{"line":221,"column":53}},"103":{"start":{"line":222,"column":8},"end":{"line":222,"column":32}},"104":{"start":{"line":223,"column":8},"end":{"line":223,"column":37}},"105":{"start":{"line":224,"column":8},"end":{"line":224,"column":42}},"106":{"start":{"line":226,"column":8},"end":{"line":226,"column":37}},"107":{"start":{"line":227,"column":8},"end":{"line":227,"column":34}},"108":{"start":{"line":228,"column":8},"end":{"line":228,"column":34}},"109":{"start":{"line":234,"column":4},"end":{"line":238,"column":5}},"110":{"start":{"line":235,"column":23},"end":{"line":235,"column":72}},"111":{"start":{"line":236,"column":6},"end":{"line":236,"column":38}},"112":{"start":{"line":236,"column":20},"end":{"line":236,"column":38}},"113":{"start":{"line":237,"column":6},"end":{"line":237,"column":13}},"114":{"start":{"line":240,"column":21},"end":{"line":240,"column":63}},"115":{"start":{"line":241,"column":4},"end":{"line":241,"column":26}},"116":{"start":{"line":241,"column":19},"end":{"line":241,"column":26}},"117":{"start":{"line":243,"column":4},"end":{"line":243,"column":66}},"118":{"start":{"line":243,"column":59},"end":{"line":243,"column":66}},"119":{"start":{"line":246,"column":20},"end":{"line":246,"column":49}},"120":{"start":{"line":247,"column":4},"end":{"line":247,"column":49}},"121":{"start":{"line":250,"column":22},"end":{"line":250,"column":72}},"122":{"start":{"line":251,"column":4},"end":{"line":258,"column":5}},"123":{"start":{"line":252,"column":6},"end":{"line":254,"column":7}},"124":{"start":{"line":253,"column":8},"end":{"line":253,"column":46}},"125":{"start":{"line":255,"column":6},"end":{"line":255,"column":37}},"126":{"start":{"line":257,"column":6},"end":{"line":257,"column":41}},"127":{"start":{"line":261,"column":22},"end":{"line":261,"column":51}},"128":{"start":{"line":262,"column":4},"end":{"line":262,"column":57}},"129":{"start":{"line":265,"column":26},"end":{"line":289,"column":5}},"130":{"start":{"line":292,"column":24},"end":{"line":294,"column":59}},"131":{"start":{"line":296,"column":23},"end":{"line":296,"column":52}},"132":{"start":{"line":297,"column":24},"end":{"line":297,"column":58}},"133":{"start":{"line":299,"column":18},"end":{"line":310,"column":6}},"134":{"start":{"line":300,"column":21},"end":{"line":300,"column":54}},"135":{"start":{"line":300,"column":42},"end":{"line":300,"column":53}},"136":{"start":{"line":301,"column":6},"end":{"line":304,"column":7}},"137":{"start":{"line":302,"column":28},"end":{"line":302,"column":128}},"138":{"start":{"line":303,"column":8},"end":{"line":303,"column":69}},"139":{"start":{"line":305,"column":6},"end":{"line":309,"column":8}},"140":{"start":{"line":312,"column":18},"end":{"line":312,"column":46}},"141":{"start":{"line":313,"column":16},"end":{"line":313,"column":54}},"142":{"start":{"line":314,"column":4},"end":{"line":314,"column":36}},"143":{"start":{"line":315,"column":4},"end":{"line":315,"column":38}},"144":{"start":{"line":316,"column":4},"end":{"line":316,"column":46}},"145":{"start":{"line":317,"column":4},"end":{"line":317,"column":35}},"146":{"start":{"line":321,"column":14},"end":{"line":321,"column":26}},"147":{"start":{"line":322,"column":23},"end":{"line":322,"column":26}},"148":{"start":{"line":323,"column":22},"end":{"line":323,"column":36}},"149":{"start":{"line":324,"column":23},"end":{"line":324,"column":26}},"150":{"start":{"line":326,"column":23},"end":{"line":350,"column":6}},"151":{"start":{"line":328,"column":17},"end":{"line":328,"column":49}},"152":{"start":{"line":329,"column":17},"end":{"line":329,"column":55}},"153":{"start":{"line":331,"column":19},"end":{"line":331,"column":37}},"154":{"start":{"line":332,"column":19},"end":{"line":332,"column":37}},"155":{"start":{"line":334,"column":17},"end":{"line":334,"column":19}},"156":{"start":{"line":334,"column":26},"end":{"line":334,"column":28}},"157":{"start":{"line":334,"column":34},"end":{"line":334,"column":36}},"158":{"start":{"line":336,"column":17},"end":{"line":336,"column":40}},"159":{"start":{"line":337,"column":17},"end":{"line":337,"column":40}},"160":{"start":{"line":338,"column":17},"end":{"line":338,"column":40}},"161":{"start":{"line":339,"column":17},"end":{"line":339,"column":40}},"162":{"start":{"line":342,"column":19},"end":{"line":342,"column":124}},"163":{"start":{"line":345,"column":21},"end":{"line":345,"column":52}},"164":{"start":{"line":346,"column":20},"end":{"line":346,"column":46}},"165":{"start":{"line":347,"column":20},"end":{"line":347,"column":46}},"166":{"start":{"line":349,"column":6},"end":{"line":349,"column":42}},"167":{"start":{"line":352,"column":4},"end":{"line":395,"column":7}},"168":{"start":{"line":353,"column":16},"end":{"line":353,"column":52}},"169":{"start":{"line":354,"column":6},"end":{"line":354,"column":50}},"170":{"start":{"line":356,"column":19},"end":{"line":356,"column":58}},"171":{"start":{"line":357,"column":6},"end":{"line":357,"column":40}},"172":{"start":{"line":358,"column":6},"end":{"line":358,"column":52}},"173":{"start":{"line":360,"column":19},"end":{"line":360,"column":58}},"174":{"start":{"line":361,"column":6},"end":{"line":361,"column":41}},"175":{"start":{"line":362,"column":6},"end":{"line":362,"column":41}},"176":{"start":{"line":363,"column":6},"end":{"line":363,"column":55}},"177":{"start":{"line":364,"column":6},"end":{"line":364,"column":49}},"178":{"start":{"line":365,"column":6},"end":{"line":365,"column":52}},"179":{"start":{"line":366,"column":6},"end":{"line":366,"column":40}},"180":{"start":{"line":369,"column":20},"end":{"line":369,"column":60}},"181":{"start":{"line":370,"column":6},"end":{"line":370,"column":42}},"182":{"start":{"line":372,"column":6},"end":{"line":372,"column":27}},"183":{"start":{"line":373,"column":6},"end":{"line":373,"column":26}},"184":{"start":{"line":374,"column":6},"end":{"line":374,"column":26}},"185":{"start":{"line":376,"column":6},"end":{"line":392,"column":8}},"186":{"start":{"line":377,"column":8},"end":{"line":377,"column":27}},"187":{"start":{"line":378,"column":8},"end":{"line":378,"column":28}},"188":{"start":{"line":379,"column":19},"end":{"line":379,"column":61}},"189":{"start":{"line":380,"column":8},"end":{"line":380,"column":24}},"190":{"start":{"line":380,"column":17},"end":{"line":380,"column":24}},"191":{"start":{"line":381,"column":27},"end":{"line":381,"column":57}},"192":{"start":{"line":383,"column":27},"end":{"line":383,"column":76}},"193":{"start":{"line":384,"column":23},"end":{"line":384,"column":54}},"194":{"start":{"line":385,"column":8},"end":{"line":389,"column":9}},"195":{"start":{"line":386,"column":10},"end":{"line":386,"column":32}},"196":{"start":{"line":388,"column":10},"end":{"line":388,"column":28}},"197":{"start":{"line":390,"column":8},"end":{"line":390,"column":19}},"198":{"start":{"line":391,"column":8},"end":{"line":391,"column":64}},"199":{"start":{"line":394,"column":6},"end":{"line":394,"column":25}},"200":{"start":{"line":397,"column":4},"end":{"line":397,"column":31}},"201":{"start":{"line":400,"column":23},"end":{"line":400,"column":52}},"202":{"start":{"line":401,"column":4},"end":{"line":401,"column":49}},"203":{"start":{"line":402,"column":4},"end":{"line":402,"column":80}},"204":{"start":{"line":403,"column":4},"end":{"line":407,"column":6}},"205":{"start":{"line":409,"column":4},"end":{"line":419,"column":6}},"206":{"start":{"line":410,"column":6},"end":{"line":410,"column":25}},"207":{"start":{"line":411,"column":6},"end":{"line":411,"column":26}},"208":{"start":{"line":412,"column":6},"end":{"line":412,"column":59}},"209":{"start":{"line":412,"column":52},"end":{"line":412,"column":59}},"210":{"start":{"line":413,"column":17},"end":{"line":413,"column":59}},"211":{"start":{"line":414,"column":19},"end":{"line":414,"column":61}},"212":{"start":{"line":415,"column":6},"end":{"line":415,"column":31}},"213":{"start":{"line":415,"column":24},"end":{"line":415,"column":31}},"214":{"start":{"line":416,"column":6},"end":{"line":416,"column":42}},"215":{"start":{"line":417,"column":24},"end":{"line":417,"column":63}},"216":{"start":{"line":418,"column":6},"end":{"line":418,"column":97}},"217":{"start":{"line":421,"column":4},"end":{"line":421,"column":35}},"218":{"start":{"line":422,"column":4},"end":{"line":422,"column":36}},"219":{"start":{"line":425,"column":25},"end":{"line":425,"column":54}},"220":{"start":{"line":426,"column":4},"end":{"line":426,"column":54}},"221":{"start":{"line":427,"column":4},"end":{"line":427,"column":51}},"222":{"start":{"line":428,"column":4},"end":{"line":428,"column":60}},"223":{"start":{"line":429,"column":4},"end":{"line":429,"column":65}},"224":{"start":{"line":431,"column":4},"end":{"line":448,"column":6}},"225":{"start":{"line":432,"column":6},"end":{"line":432,"column":25}},"226":{"start":{"line":433,"column":6},"end":{"line":433,"column":26}},"227":{"start":{"line":434,"column":6},"end":{"line":434,"column":43}},"228":{"start":{"line":436,"column":6},"end":{"line":436,"column":89}},"229":{"start":{"line":436,"column":12},"end":{"line":436,"column":74}},"230":{"start":{"line":438,"column":6},"end":{"line":438,"column":67}},"231":{"start":{"line":439,"column":6},"end":{"line":439,"column":62}},"232":{"start":{"line":441,"column":6},"end":{"line":445,"column":14}},"233":{"start":{"line":447,"column":6},"end":{"line":447,"column":113}},"234":{"start":{"line":450,"column":4},"end":{"line":450,"column":38}},"235":{"start":{"line":455,"column":2},"end":{"line":560,"column":5}},"236":{"start":{"line":456,"column":4},"end":{"line":456,"column":102}},"237":{"start":{"line":456,"column":95},"end":{"line":456,"column":102}},"238":{"start":{"line":458,"column":4},"end":{"line":559,"column":5}},"239":{"start":{"line":459,"column":6},"end":{"line":459,"column":60}},"240":{"start":{"line":460,"column":11},"end":{"line":559,"column":5}},"241":{"start":{"line":461,"column":6},"end":{"line":461,"column":44}},"242":{"start":{"line":462,"column":11},"end":{"line":559,"column":5}},"243":{"start":{"line":463,"column":25},"end":{"line":463,"column":49}},"244":{"start":{"line":464,"column":6},"end":{"line":464,"column":33}},"245":{"start":{"line":465,"column":11},"end":{"line":559,"column":5}},"246":{"start":{"line":466,"column":6},"end":{"line":466,"column":59}},"247":{"start":{"line":467,"column":11},"end":{"line":559,"column":5}},"248":{"start":{"line":468,"column":50},"end":{"line":468,"column":68}},"249":{"start":{"line":469,"column":6},"end":{"line":472,"column":7}},"250":{"start":{"line":470,"column":9},"end":{"line":470,"column":81}},"251":{"start":{"line":471,"column":9},"end":{"line":471,"column":16}},"252":{"start":{"line":473,"column":6},"end":{"line":503,"column":9}},"253":{"start":{"line":477,"column":8},"end":{"line":491,"column":9}},"254":{"start":{"line":478,"column":10},"end":{"line":478,"column":141}},"255":{"start":{"line":479,"column":10},"end":{"line":483,"column":18}},"256":{"start":{"line":485,"column":10},"end":{"line":489,"column":18}},"257":{"start":{"line":490,"column":10},"end":{"line":490,"column":17}},"258":{"start":{"line":493,"column":8},"end":{"line":502,"column":16}},"259":{"start":{"line":504,"column":11},"end":{"line":559,"column":5}},"260":{"start":{"line":505,"column":34},"end":{"line":505,"column":52}},"261":{"start":{"line":506,"column":6},"end":{"line":506,"column":36}},"262":{"start":{"line":506,"column":29},"end":{"line":506,"column":36}},"263":{"start":{"line":507,"column":6},"end":{"line":521,"column":9}},"264":{"start":{"line":511,"column":8},"end":{"line":520,"column":16}},"265":{"start":{"line":522,"column":11},"end":{"line":559,"column":5}},"266":{"start":{"line":523,"column":27},"end":{"line":523,"column":45}},"267":{"start":{"line":524,"column":6},"end":{"line":524,"column":49}},"268":{"start":{"line":524,"column":42},"end":{"line":524,"column":49}},"269":{"start":{"line":525,"column":6},"end":{"line":531,"column":9}},"270":{"start":{"line":526,"column":8},"end":{"line":530,"column":11}},"271":{"start":{"line":532,"column":11},"end":{"line":559,"column":5}},"272":{"start":{"line":533,"column":73},"end":{"line":533,"column":97}},"273":{"start":{"line":534,"column":23},"end":{"line":534,"column":65}},"274":{"start":{"line":535,"column":18},"end":{"line":535,"column":115}},"275":{"start":{"line":537,"column":6},"end":{"line":537,"column":47}},"276":{"start":{"line":537,"column":15},"end":{"line":537,"column":47}},"277":{"start":{"line":538,"column":6},"end":{"line":538,"column":32}},"278":{"start":{"line":540,"column":6},"end":{"line":543,"column":7}},"279":{"start":{"line":541,"column":8},"end":{"line":541,"column":53}},"280":{"start":{"line":542,"column":8},"end":{"line":542,"column":15}},"281":{"start":{"line":545,"column":6},"end":{"line":553,"column":7}},"282":{"start":{"line":546,"column":25},"end":{"line":546,"column":208}},"283":{"start":{"line":547,"column":8},"end":{"line":547,"column":28}},"284":{"start":{"line":549,"column":32},"end":{"line":549,"column":84}},"285":{"start":{"line":550,"column":8},"end":{"line":550,"column":54}},"286":{"start":{"line":550,"column":29},"end":{"line":550,"column":54}},"287":{"start":{"line":552,"column":8},"end":{"line":552,"column":15}},"288":{"start":{"line":555,"column":6},"end":{"line":558,"column":7}},"289":{"start":{"line":556,"column":8},"end":{"line":556,"column":74}},"290":{"start":{"line":557,"column":8},"end":{"line":557,"column":71}},"291":{"start":{"line":564,"column":23},"end":{"line":564,"column":38}},"292":{"start":{"line":565,"column":4},"end":{"line":567,"column":5}},"293":{"start":{"line":566,"column":7},"end":{"line":566,"column":67}},"294":{"start":{"line":569,"column":22},"end":{"line":569,"column":91}},"295":{"start":{"line":572,"column":21},"end":{"line":572,"column":73}},"296":{"start":{"line":573,"column":4},"end":{"line":573,"column":36}},"297":{"start":{"line":573,"column":18},"end":{"line":573,"column":36}},"298":{"start":{"line":575,"column":20},"end":{"line":575,"column":49}},"299":{"start":{"line":576,"column":4},"end":{"line":576,"column":45}},"300":{"start":{"line":577,"column":4},"end":{"line":577,"column":50}},"301":{"start":{"line":579,"column":22},"end":{"line":579,"column":51}},"302":{"start":{"line":580,"column":4},"end":{"line":580,"column":51}},"303":{"start":{"line":582,"column":4},"end":{"line":607,"column":6}},"304":{"start":{"line":609,"column":4},"end":{"line":609,"column":35}},"305":{"start":{"line":610,"column":4},"end":{"line":610,"column":39}},"306":{"start":{"line":613,"column":4},"end":{"line":613,"column":82}},"307":{"start":{"line":616,"column":4},"end":{"line":631,"column":7}},"308":{"start":{"line":617,"column":6},"end":{"line":630,"column":9}},"309":{"start":{"line":618,"column":8},"end":{"line":618,"column":27}},"310":{"start":{"line":619,"column":29},"end":{"line":619,"column":58}},"311":{"start":{"line":620,"column":8},"end":{"line":620,"column":49}},"312":{"start":{"line":620,"column":42},"end":{"line":620,"column":49}},"313":{"start":{"line":622,"column":8},"end":{"line":622,"column":99}},"314":{"start":{"line":622,"column":69},"end":{"line":622,"column":97}},"315":{"start":{"line":623,"column":8},"end":{"line":623,"column":36}},"316":{"start":{"line":625,"column":8},"end":{"line":625,"column":35}},"317":{"start":{"line":626,"column":8},"end":{"line":626,"column":73}},"318":{"start":{"line":629,"column":8},"end":{"line":629,"column":86}},"319":{"start":{"line":634,"column":4},"end":{"line":637,"column":7}},"320":{"start":{"line":635,"column":6},"end":{"line":635,"column":25}},"321":{"start":{"line":636,"column":6},"end":{"line":636,"column":23}},"322":{"start":{"line":640,"column":4},"end":{"line":642,"column":7}},"323":{"start":{"line":641,"column":6},"end":{"line":641,"column":49}},"324":{"start":{"line":641,"column":32},"end":{"line":641,"column":49}},"325":{"start":{"line":644,"column":4},"end":{"line":656,"column":7}},"326":{"start":{"line":645,"column":6},"end":{"line":645,"column":25}},"327":{"start":{"line":646,"column":6},"end":{"line":646,"column":23}},"328":{"start":{"line":648,"column":6},"end":{"line":648,"column":23}},"329":{"start":{"line":649,"column":6},"end":{"line":649,"column":53}},"330":{"start":{"line":650,"column":6},"end":{"line":650,"column":50}},"331":{"start":{"line":651,"column":6},"end":{"line":651,"column":61}},"332":{"start":{"line":652,"column":6},"end":{"line":652,"column":68}},"333":{"start":{"line":660,"column":16},"end":{"line":660,"column":38}},"334":{"start":{"line":661,"column":19},"end":{"line":661,"column":48}},"335":{"start":{"line":663,"column":18},"end":{"line":663,"column":70}},"336":{"start":{"line":663,"column":44},"end":{"line":663,"column":69}},"337":{"start":{"line":664,"column":4},"end":{"line":668,"column":5}},"338":{"start":{"line":665,"column":6},"end":{"line":665,"column":34}},"339":{"start":{"line":667,"column":6},"end":{"line":667,"column":45}},"340":{"start":{"line":670,"column":4},"end":{"line":670,"column":59}},"341":{"start":{"line":675,"column":4},"end":{"line":679,"column":12}},"342":{"start":{"line":682,"column":21},"end":{"line":690,"column":6}},"343":{"start":{"line":683,"column":6},"end":{"line":686,"column":7}},"344":{"start":{"line":684,"column":8},"end":{"line":684,"column":30}},"345":{"start":{"line":685,"column":8},"end":{"line":685,"column":15}},"346":{"start":{"line":687,"column":6},"end":{"line":687,"column":26}},"347":{"start":{"line":689,"column":6},"end":{"line":689,"column":25}},"348":{"start":{"line":691,"column":4},"end":{"line":691,"column":72}},"349":{"start":{"line":695,"column":4},"end":{"line":707,"column":5}},"350":{"start":{"line":696,"column":18},"end":{"line":696,"column":49}},"351":{"start":{"line":697,"column":6},"end":{"line":699,"column":7}},"352":{"start":{"line":698,"column":8},"end":{"line":698,"column":17}},"353":{"start":{"line":700,"column":21},"end":{"line":700,"column":36}},"354":{"start":{"line":701,"column":6},"end":{"line":703,"column":7}},"355":{"start":{"line":702,"column":8},"end":{"line":702,"column":17}},"356":{"start":{"line":704,"column":6},"end":{"line":704,"column":55}},"357":{"start":{"line":706,"column":6},"end":{"line":706,"column":15}},"358":{"start":{"line":711,"column":4},"end":{"line":718,"column":5}},"359":{"start":{"line":712,"column":6},"end"
[...]
c":{"start":{"line":53,"column":22},"end":{"line":53,"column":114}},"type":"cond-expr","locations":[{"start":{"line":53,"column":66},"end":{"line":53,"column":86}},{"start":{"line":53,"column":89},"end":{"line":53,"column":114}}],"line":53},"12":{"loc":{"start":{"line":54,"column":23},"end":{"line":54,"column":142}},"type":"cond-expr","locations":[{"start":{"line":54,"column":92},"end":{"line":54,"column":113}},{"start":{"line":54,"column":116},"end":{"line":54,"column":142}}],"line":54},"13":{"loc":{"start":{"line":54,"column":24},"end":{"line":54,"column":88}},"type":"binary-expr","locations":[{"start":{"line":54,"column":24},"end":{"line":54,"column":54}},{"start":{"line":54,"column":58},"end":{"line":54,"column":88}}],"line":54},"14":{"loc":{"start":{"line":55,"column":14},"end":{"line":55,"column":81}},"type":"cond-expr","locations":[{"start":{"line":55,"column":49},"end":{"line":55,"column":61}},{"start":{"line":55,"column":64},"end":{"line":55,"column":81}}],"line":55},"15":{"loc":{"start":{"line":56,"column":20},"end":{"line":56,"column":100}},"type":"cond-expr","locations":[{"start":{"line":56,"column":56},"end":{"line":56,"column":74}},{"start":{"line":56,"column":77},"end":{"line":56,"column":100}}],"line":56},"16":{"loc":{"start":{"line":57,"column":20},"end":{"line":57,"column":100}},"type":"cond-expr","locations":[{"start":{"line":57,"column":56},"end":{"line":57,"column":74}},{"start":{"line":57,"column":77},"end":{"line":57,"column":100}}],"line":57},"17":{"loc":{"start":{"line":58,"column":16},"end":{"line":58,"column":67}},"type":"cond-expr","locations":[{"start":{"line":58,"column":48},"end":{"line":58,"column":62}},{"start":{"line":58,"column":65},"end":{"line":58,"column":67}}],"line":58},"18":{"loc":{"start":{"line":63,"column":2},"end":{"line":65,"column":3}},"type":"if","locations":[{"start":{"line":63,"column":2},"end":{"line":65,"column":3}},{"start":{},"end":{}}],"line":63},"19":{"loc":{"start":{"line":68,"column":11},"end":{"line":68,"column":119}},"type":"binary-expr","locations":[{"start":{"line":68,"column":11},"end":{"line":68,"column":39}},{"start":{"line":68,"column":44},"end":{"line":68,"column":77}},{"start":{"line":68,"column":81},"end":{"line":68,"column":118}}],"line":68},"20":{"loc":{"start":{"line":77,"column":2},"end":{"line":79,"column":3}},"type":"if","locations":[{"start":{"line":77,"column":2},"end":{"line":79,"column":3}},{"start":{},"end":{}}],"line":77},"21":{"loc":{"start":{"line":77,"column":6},"end":{"line":77,"column":21}},"type":"binary-expr","locations":[{"start":{"line":77,"column":6},"end":{"line":77,"column":10}},{"start":{"line":77,"column":14},"end":{"line":77,"column":21}}],"line":77},"22":{"loc":{"start":{"line":83,"column":36},"end":{"line":83,"column":49}},"type":"default-arg","locations":[{"start":{"line":83,"column":46},"end":{"line":83,"column":49}}],"line":83},"23":{"loc":{"start":{"line":84,"column":2},"end":{"line":86,"column":3}},"type":"if","locations":[{"start":{"line":84,"column":2},"end":{"line":86,"column":3}},{"start":{},"end":{}}],"line":84},"24":{"loc":{"start":{"line":104,"column":4},"end":{"line":106,"column":5}},"type":"if","locations":[{"start":{"line":104,"column":4},"end":{"line":106,"column":5}},{"start":{},"end":{}}],"line":104},"25":{"loc":{"start":{"line":111,"column":2},"end":{"line":117,"column":3}},"type":"if","locations":[{"start":{"line":111,"column":2},"end":{"line":117,"column":3}},{"start":{},"end":{}}],"line":111},"26":{"loc":{"start":{"line":112,"column":4},"end":{"line":116,"column":5}},"type":"if","locations":[{"start":{"line":112,"column":4},"end":{"line":116,"column":5}},{"start":{"line":114,"column":11},"end":{"line":116,"column":5}}],"line":112},"27":{"loc":{"start":{"line":119,"column":2},"end":{"line":122,"column":3}},"type":"if","locations":[{"start":{"line":119,"column":2},"end":{"line":122,"column":3}},{"start":{},"end":{}}],"line":119},"28":{"loc":{"start":{"line":120,"column":4},"end":{"line":120,"column":42}},"type":"if","locations":[{"start":{"line":120,"column":4},"end":{"line":120,"column":42}},{"start":{},"end":{}}],"line":120},"29":{"loc":{"start":{"line":124,"column":2},"end":{"line":127,"column":3}},"type":"if","locations":[{"start":{"line":124,"column":2},"end":{"line":127,"column":3}},{"start":{},"end":{}}],"line":124},"30":{"loc":{"start":{"line":125,"column":4},"end":{"line":125,"column":62}},"type":"if","locations":[{"start":{"line":125,"column":4},"end":{"line":125,"column":62}},{"start":{},"end":{}}],"line":125},"31":{"loc":{"start":{"line":129,"column":2},"end":{"line":134,"column":3}},"type":"if","locations":[{"start":{"line":129,"column":2},"end":{"line":134,"column":3}},{"start":{},"end":{}}],"line":129},"32":{"loc":{"start":{"line":130,"column":21},"end":{"line":130,"column":58}},"type":"binary-expr","locations":[{"start":{"line":130,"column":21},"end":{"line":130,"column":53}},{"start":{"line":130,"column":57},"end":{"line":130,"column":58}}],"line":130},"33":{"loc":{"start":{"line":131,"column":18},"end":{"line":131,"column":52}},"type":"binary-expr","locations":[{"start":{"line":131,"column":18},"end":{"line":131,"column":47}},{"start":{"line":131,"column":51},"end":{"line":131,"column":52}}],"line":131},"34":{"loc":{"start":{"line":132,"column":19},"end":{"line":132,"column":54}},"type":"binary-expr","locations":[{"start":{"line":132,"column":19},"end":{"line":132,"column":49}},{"start":{"line":132,"column":53},"end":{"line":132,"column":54}}],"line":132},"35":{"loc":{"start":{"line":137,"column":2},"end":{"line":141,"column":3}},"type":"if","locations":[{"start":{"line":137,"column":2},"end":{"line":141,"column":3}},{"start":{},"end":{}}],"line":137},"36":{"loc":{"start":{"line":138,"column":24},"end":{"line":139,"column":110}},"type":"cond-expr","locations":[{"start":{"line":139,"column":8},"end":{"line":139,"column":106}},{"start":{"line":139,"column":109},"end":{"line":139,"column":110}}],"line":138},"37":{"loc":{"start":{"line":139,"column":39},"end":{"line":139,"column":98}},"type":"binary-expr","locations":[{"start":{"line":139,"column":39},"end":{"line":139,"column":60}},{"start":{"line":139,"column":64},"end":{"line":139,"column":98}}],"line":139},"38":{"loc":{"start":{"line":140,"column":27},"end":{"line":140,"column":81}},"type":"cond-expr","locations":[{"start":{"line":140,"column":45},"end":{"line":140,"column":76}},{"start":{"line":140,"column":79},"end":{"line":140,"column":81}}],"line":140},"39":{"loc":{"start":{"line":164,"column":26},"end":{"line":164,"column":79}},"type":"binary-expr","locations":[{"start":{"line":164,"column":26},"end":{"line":164,"column":67}},{"start":{"line":164,"column":71},"end":{"line":164,"column":79}}],"line":164},"40":{"loc":{"start":{"line":170,"column":2},"end":{"line":172,"column":3}},"type":"if","locations":[{"start":{"line":170,"column":2},"end":{"line":172,"column":3}},{"start":{},"end":{}}],"line":170},"41":{"loc":{"start":{"line":173,"column":2},"end":{"line":175,"column":3}},"type":"if","locations":[{"start":{"line":173,"column":2},"end":{"line":175,"column":3}},{"start":{},"end":{}}],"line":173},"42":{"loc":{"start":{"line":177,"column":2},"end":{"line":177,"column":54}},"type":"if","locations":[{"start":{"line":177,"column":2},"end":{"line":177,"column":54}},{"start":{},"end":{}}],"line":177},"43":{"loc":{"start":{"line":178,"column":2},"end":{"line":178,"column":54}},"type":"if","locations":[{"start":{"line":178,"column":2},"end":{"line":178,"column":54}},{"start":{},"end":{}}],"line":178},"44":{"loc":{"start":{"line":179,"column":2},"end":{"line":179,"column":67}},"type":"if","locations":[{"start":{"line":179,"column":2},"end":{"line":179,"column":67}},{"start":{},"end":{}}],"line":179},"45":{"loc":{"start":{"line":181,"column":2},"end":{"line":189,"column":3}},"type":"if","locations":[{"start":{"line":181,"column":2},"end":{"line":189,"column":3}},{"start":{"line":185,"column":9},"end":{"line":189,"column":3}}],"line":181},"46":{"loc":{"start":{"line":181,"column":6},"end":{"line":181,"column":62}},"type":"binary-expr","locations":[{"start":{"line":181,"column":6},"end":{"line":181,"column":23}},{"start":{"line":181,"column":27},"end":{"line":181,"column":62}}],"line":181},"47":{"loc":{"start":{"line":182,"column":4},"end":{"line":182,"column":73}},"type":"if","locations":[{"start":{"line":182,"column":4},"end":{"line":182,"column":73}},{"start":{},"end":{}}],"line":182},"48":{"loc":{"start":{"line":183,"column":4},"end":{"line":183,"column":74}},"type":"if","locations":[{"start":{"line":183,"column":4},"end":{"line":183,"column":74}},{"start":{},"end":{}}],"line":183},"49":{"loc":{"start":{"line":184,"column":4},"end":{"line":184,"column":111}},"type":"if","locations":[{"start":{"line":184,"column":4},"end":{"line":184,"column":111}},{"start":{},"end":{}}],"line":184},"50":{"loc":{"start":{"line":184,"column":69},"end":{"line":184,"column":110}},"type":"binary-expr","locations":[{"start":{"line":184,"column":69},"end":{"line":184,"column":87}},{"start":{"line":184,"column":91},"end":{"line":184,"column":110}}],"line":184},"51":{"loc":{"start":{"line":186,"column":4},"end":{"line":186,"column":76}},"type":"if","locations":[{"start":{"line":186,"column":4},"end":{"line":186,"column":76}},{"start":{},"end":{}}],"line":186},"52":{"loc":{"start":{"line":187,"column":4},"end":{"line":187,"column":71}},"type":"if","locations":[{"start":{"line":187,"column":4},"end":{"line":187,"column":71}},{"start":{},"end":{}}],"line":187},"53":{"loc":{"start":{"line":188,"column":4},"end":{"line":188,"column":109}},"type":"if","locations":[{"start":{"line":188,"column":4},"end":{"line":188,"column":109}},{"start":{},"end":{}}],"line":188},"54":{"loc":{"start":{"line":188,"column":69},"end":{"line":188,"column":108}},"type":"binary-expr","locations":[{"start":{"line":188,"column":69},"end":{"line":188,"column":86}},{"start":{"line":188,"column":90},"end":{"line":188,"column":108}}],"line":188},"55":{"loc":{"start":{"line":197,"column":4},"end":{"line":210,"column":5}},"type":"if","locations":[{"start":{"line":197,"column":4},"end":{"line":210,"column":5}},{"start":{"line":203,"column":11},"end":{"line":210,"column":5}}],"line":197},"56":{"loc":{"start":{"line":197,"column":8},"end":{"line":197,"column":54}},"type":"binary-expr","locations":[{"start":{"line":197,"column":8},"end":{"line":197,"column":16}},{"start":{"line":197,"column":20},"end":{"line":197,"column":36}},{"start":{"line":197,"column":40},"end":{"line":197,"column":54}}],"line":197},"57":{"loc":{"start":{"line":198,"column":6},"end":{"line":198,"column":116}},"type":"if","locations":[{"start":{"line":198,"column":6},"end":{"line":198,"column":116}},{"start":{},"end":{}}],"line":198},"58":{"loc":{"start":{"line":199,"column":6},"end":{"line":202,"column":7}},"type":"if","locations":[{"start":{"line":199,"column":6},"end":{"line":202,"column":7}},{"start":{},"end":{}}],"line":199},"59":{"loc":{"start":{"line":200,"column":36},"end":{"line":200,"column":85}},"type":"cond-expr","locations":[{"start":{"line":200,"column":65},"end":{"line":200,"column":73}},{"start":{"line":200,"column":76},"end":{"line":200,"column":85}}],"line":200},"60":{"loc":{"start":{"line":201,"column":36},"end":{"line":201,"column":86}},"type":"cond-expr","locations":[{"start":{"line":201,"column":65},"end":{"line":201,"column":74}},{"start":{"line":201,"column":77},"end":{"line":201,"column":86}}],"line":201},"61":{"loc":{"start":{"line":204,"column":21},"end":{"line":204,"column":87}},"type":"cond-expr","locations":[{"start":{"line":204,"column":52},"end":{"line":204,"column":66}},{"start":{"line":204,"column":69},"end":{"line":204,"column":87}}],"line":204},"62":{"loc":{"start":{"line":204,"column":22},"end":{"line":204,"column":48}},"type":"binary-expr","locations":[{"start":{"line":204,"column":22},"end":{"line":204,"column":30}},{"start":{"line":204,"column":34},"end":{"line":204,"column":48}}],"line":204},"63":{"loc":{"start":{"line":205,"column":6},"end":{"line":205,"column":60}},"type":"if","locations":[{"start":{"line":205,"column":6},"end":{"line":205,"column":60}},{"start":{},"end":{}}],"line":205},"64":{"loc":{"start":{"line":206,"column":6},"end":{"line":209,"column":7}},"type":"if","locations":[{"start":{"line":206,"column":6},"end":{"line":209,"column":7}},{"start":{},"end":{}}],"line":206},"65":{"loc":{"start":{"line":213,"column":2},"end":{"line":232,"column":3}},"type":"if","locations":[{"start":{"line":213,"column":2},"end":{"line":232,"column":3}},{"start":{},"end":{}}],"line":213},"66":{"loc":{"start":{"line":218,"column":8},"end":{"line":218,"column":59}},"type":"if","locations":[{"start":{"line":218,"column":8},"end":{"line":218,"column":59}},{"start":{},"end":{}}],"line":218},"67":{"loc":{"start":{"line":225,"column":12},"end":{"line":227,"column":13}},"type":"if","locations":[{"start":{"line":225,"column":12},"end":{"line":227,"column":13}},{"start":{},"end":{}}],"line":225},"68":{"loc":{"start":{"line":225,"column":16},"end":{"line":225,"column":51}},"type":"binary-expr","locations":[{"start":{"line":225,"column":16},"end":{"line":225,"column":19}},{"start":{"line":225,"column":23},"end":{"line":225,"column":34}},{"start":{"line":225,"column":38},"end":{"line":225,"column":51}}],"line":225},"69":{"loc":{"start":{"line":235,"column":28},"end":{"line":235,"column":58}},"type":"binary-expr","locations":[{"start":{"line":235,"column":28},"end":{"line":235,"column":31}},{"start":{"line":235,"column":35},"end":{"line":235,"column":58}}],"line":235},"70":{"loc":{"start":{"line":236,"column":16},"end":{"line":236,"column":45}},"type":"cond-expr","locations":[{"start":{"line":236,"column":32},"end":{"line":236,"column":38}},{"start":{"line":236,"column":41},"end":{"line":236,"column":45}}],"line":236},"71":{"loc":{"start":{"line":236,"column":16},"end":{"line":236,"column":29}},"type":"binary-expr","locations":[{"start":{"line":236,"column":16},"end":{"line":236,"column":19}},{"start":{"line":236,"column":23},"end":{"line":236,"column":29}}],"line":236},"72":{"loc":{"start":{"line":239,"column":4},"end":{"line":241,"column":5}},"type":"if","locations":[{"start":{"line":239,"column":4},"end":{"line":241,"column":5}},{"start":{},"end":{}}],"line":239},"73":{"loc":{"start":{"line":244,"column":2},"end":{"line":249,"column":3}},"type":"if","locations":[{"start":{"line":244,"column":2},"end":{"line":249,"column":3}},{"start":{},"end":{}}],"line":244},"74":{"loc":{"start":{"line":251,"column":2},"end":{"line":255,"column":3}},"type":"if","locations":[{"start":{"line":251,"column":2},"end":{"line":255,"column":3}},{"start":{},"end":{}}],"line":251},"75":{"loc":{"start":{"line":252,"column":4},"end":{"line":252,"column":53}},"type":"if","locations":[{"start":{"line":252,"column":4},"end":{"line":252,"column":53}},{"start":{},"end":{}}],"line":252},"76":{"loc":{"start":{"line":253,"column":4},"end":{"line":253,"column":64}},"type":"if","locations":[{"start":{"line":253,"column":4},"end":{"line":253,"column":64}},{"start":{},"end":{}}],"line":253},"77":{"loc":{"start":{"line":257,"column":2},"end":{"line":257,"column":54}},"type":"if","locations":[{"start":{"line":257,"column":2},"end":{"line":257,"column":54}},{"start":{},"end":{}}],"line":257},"78":{"loc":{"start":{"line":258,"column":2},"end":{"line":258,"column":59}},"type":"if","locations":[{"start":{"line":258,"column":2},"end":{"line":258,"column":59}},{"start":{},"end":{}}],"line":258},"79":{"loc":{"start":{"line":263,"column":2},"end":{"line":271,"column":3}},"type":"if","locations":[{"start":{"line":263,"column":2},"end":{"line":271,"column":3}},{"start":{},"end":{}}],"line":263},"80":{"loc":{"start":{"line":273,"column":2},"end":{"line":283,"column":3}},"type":"if","locations":[{"start":{"line":273,"column":2},"end":{"line":283,"column":3}},{"start":{},"end":{}}],"line":273},"81":{"loc":{"start":{"line":275,"column":26},"end":{"line":275,"column":65}},"type":"binary-expr","locations":[{"start":{"line":275,"column":26},"end":{"line":275,"column":47}},{"start":{"line":275,"column":51},"end":{"line":275,"column":65}}],"line":275},"82":{"loc":{"start":{"line":285,"column":2},"end":{"line":292,"column":3}},"type":"if","locations":[{"start":{"line":285,"column":2},"end":{"line":292,"column":3}},{"start":{},"end":{}}],"line":285},"83":{"loc":{"start":{"line":294,"column":2},"end":{"line":301,"column":3}},"type":"if","locations":[{"start":{"line":294,"column":2},"end":{"line":301,"column":3}},{"start":{},"end":{}}],"line":294},"84":{"loc":{"start":{"line":303,"column":2},"end":{"line":309,"column":3}},"type":"if","locations":[{"start":{"line":303,"column":2},"end":{"line":309,"column":3}},{"start":{},"end":{}}],"line":303},"85":{"loc":{"start":{"line":312,"column":0},"end":{"line":320,"column":1}},"type":"if","locations":[{"start":{"line":312,"column":0},"end":{"line":320,"column":1}},{"start":{"line":318,"column":7},"end":{"line":320,"column":1}}],"line":312},"86":{"loc":{"start":{"line":312,"column":4},"end":{"line":312,"column":69}},"type":"binary-expr","locations":[{"start":{"line":312,"column":4},"end":{"line":312,"column":34}},{"start":{"line":312,"column":38},"end":{"line":312,"column":69}}],"line":312}},"s":{"0":6,"1":6,"2":6,"3":3,"4":6,"5":3,"6":3,"7":3,"8":3,"9":0,"10":52,"11":0,"12":0,"13":0,"14":0,"15":52,"16":4,"17":4,"18":7,"19":0,"20":7,"21":7,"22":7,"23":0,"24":3,"25":3,"26":3,"27":0,"28":3,"29":5,"30":0,"31":5,"32":5,"33":5,"34":0,"35":0,"36":3,"37":42,"38":42,"39":3,"40":0,"41":0,"42":0,"43":5,"44":5,"45":4,"46":1,"47":5,"48":0,"49":0,"50":0,"51":5,"52":0,"53":0,"54":0,"55":5,"56":1,"57":1,"58":1,"59":1,"60":5,"61":5,"62":0,"63":0,"64":0,"65":3,"66":3,"67":3,"68":3,"69":3,"70":3,"71":3,"72":3,"73":3,"74":3,"75":3,"76":3,"77":3,"78":3,"79":3,"80":3,"81":3,"82":3,"83":3,"84":3,"85":3,"86":3,"87":0,"88":3,"89":3,"90":0,"91":3,"92":3,"93":3,"94":3,"95":3,"96":0,"97":3,"98":0,"99":0,"100":0,"101":0,"102":0,"103":0,"104":3,"105":3,"106":3,"107":3,"108":3,"109":3,"110":3,"111":3,"112":3,"113":3,"114":2,"115":2,"116":2,"117":2,"118":2,"119":2,"120":0,"121":0,"122":0,"123":0,"124":0,"125":0,"126":3,"127":3,"128":1,"129":1,"130":1,"131":1,"132":1,"133":1,"134":1,"135":0,"136":0,"137":0,"138":0,"139":0,"140":3,"141":3,"142":3,"143":1,"144":1,"145":3,"146":3,"147":0,"148":0,"149":3,"150":0,"151":0,"152":0,"153":0,"154":0,"155":3,"156":3,"157":3,"158":3,"159":3,"160":3,"161":3,"162":3,"163":1,"164":1,"165":1,"166":1,"167":1,"168":3,"169":3,"170":0,"171":0,"172":0,"173":0,"174":0,"175":0,"176":0,"177":3,"178":3,"179":0,"180":0,"181":0,"182":0,"183":3,"184":3,"185":0,"186":0,"187":0,"188":0,"189":3,"190":0,"191":0,"192":0,"193":0,"194":6,"195":6,"196":6,"197":6,"198":6,"199":6,"200":0},"f":{"0":3,"1":3,"2":52,"3":4,"4":4,"5":7,"6":3,"7":5,"8":5,"9":0,"10":3,"11":42,"12":0,"13":5,"14":0,"15":3,"16":0,"17":0,"18":2,"19":1,"20":1,"21":0,"22":0,"23":1,"24":0,"25":1,"26":0,"27":0,"28":0,"29":0},"b":{"0":[3,0],"1":[0,52],"2":[52,49],"3":[0,0],"4":[0,0],"5":[52,0],"6":[4,0],"7":[4,0],"8":[4,3],"9":[1,3],"10":[1,3],"11":[1,3],"12":[1,3],"13":[4,3],"14":[0,4],"15":[1,3],"16":[1,3],"17":[1,3],"18":[0,7],"19":[7,6,1],"20":[0,3],"21":[3,3],"22":[5],"23":[0,5],"24":[0,0],"25":[5,0],"26":[4,1],"27":[0,5],"28":[0,0],"29":[0,5],"30":[0,0],"31":[1,4],"32":[1,0],"33":[1,0],"34":[1,0],"35":[0,5],"36":[0,0],"37":[0,0],"38":[0,0],"39":[3,0],"40":[3,0],"41":[3,0],"42":[3,0],"43":[3,0],"44":[0,3],"45":[0,3],"46":[3,0],"47":[0,0],"48":[0,0],"49":[0,0],"50":[0,0],"51":[3,0],"52":[3,0],"53":[3,0],"54":[3,0],"55":[2,0],"56":[2,2,2],"57":[2,0],"58":[2,0],"59":[2,0],"60":[2,0],"61":[0,0],"62":[0,0],"63":[0,0],"64":[0,0],"65":[3,0],"66":[1,0],"67":[0,0],"68":[0,0,0],"69":[3,3],"70":[3,0],"71":[3,3],"72":[1,0],"73":[3,0],"74":[0,3],"75":[0,0],"76":[0,0],"77":[3,0],"78":[3,0],"79":[3,0],"80":[3,0],"81":[0,0],"82":[3,0],"83":[3,0],"84":[0,3],"85":[6,0],"86":[6,6]},"_coverageSchema":"1a1c01bbd47fc00a2c39e90264f33305004495a9","hash":"7b2a3140117892fe5a70ea7fb9a8725e8ad706a8"}
}
