TN:
SF:src\background.js
FN:5,setupOffscreenDocument
FN:31,hasDocument
FN:44,(anonymous_2)
FN:51,(anonymous_3)
FN:57,(anonymous_4)
FN:60,(anonymous_5)
FN:80,(anonymous_6)
FN:111,(anonymous_7)
FN:115,(anonymous_8)
FN:131,ensureWorkerTab
FN:161,(anonymous_10)
FN:169,resetWorkerTab
FN:175,(anonymous_12)
FN:185,handleOptimization
FN:187,(anonymous_14)
FN:200,(anonymous_15)
FN:210,(anonymous_16)
FN:230,(anonymous_17)
FN:239,(anonymous_18)
FN:267,resetInactivityTimer
FN:269,(anonymous_20)
FN:271,(anonymous_21)
FN:279,waitForTabComplete
FN:280,(anonymous_23)
FN:281,(anonymous_24)
FN:289,(anonymous_25)
FN:299,automateChatGPT
FN:301,(anonymous_27)
FN:308,(anonymous_28)
FN:308,(anonymous_29)
FN:315,(anonymous_30)
FN:316,(anonymous_31)
FN:320,(anonymous_32)
FN:335,(anonymous_33)
FN:338,(anonymous_34)
FN:338,(anonymous_35)
FN:353,(anonymous_36)
FN:357,(anonymous_37)
FN:373,proceedToInput
FN:427,startObservation
FN:436,(anonymous_40)
FN:507,handleGroqOptimization
FN:519,(anonymous_42)
FN:540,(anonymous_43)
FNF:44
FNH:16
FNDA:2,setupOffscreenDocument
FNDA:2,hasDocument
FNDA:0,(anonymous_2)
FNDA:1,(anonymous_3)
FNDA:6,(anonymous_4)
FNDA:1,(anonymous_5)
FNDA:3,(anonymous_6)
FNDA:1,(anonymous_7)
FNDA:0,(anonymous_8)
FNDA:1,ensureWorkerTab
FNDA:1,(anonymous_10)
FNDA:1,resetWorkerTab
FNDA:0,(anonymous_12)
FNDA:1,handleOptimization
FNDA:0,(anonymous_14)
FNDA:0,(anonymous_15)
FNDA:0,(anonymous_16)
FNDA:0,(anonymous_17)
FNDA:0,(anonymous_18)
FNDA:1,resetInactivityTimer
FNDA:0,(anonymous_20)
FNDA:0,(anonymous_21)
FNDA:1,waitForTabComplete
FNDA:1,(anonymous_23)
FNDA:1,(anonymous_24)
FNDA:0,(anonymous_25)
FNDA:0,automateChatGPT
FNDA:0,(anonymous_27)
FNDA:0,(anonymous_28)
FNDA:0,(anonymous_29)
FNDA:0,(anonymous_30)
FNDA:0,(anonymous_31)
FNDA:0,(anonymous_32)
FNDA:0,(anonymous_33)
FNDA:0,(anonymous_34)
FNDA:0,(anonymous_35)
FNDA:0,(anonymous_36)
FNDA:0,(anonymous_37)
FNDA:0,proceedToInput
FNDA:0,startObservation
FNDA:0,(anonymous_40)
FNDA:2,handleGroqOptimization
FNDA:0,(anonymous_42)
FNDA:0,(anonymous_43)
DA:2,1
DA:6,2
DA:7,2
DA:8,0
DA:10,2
DA:11,2
DA:16,2
DA:18,2
DA:19,2
DA:21,0
DA:22,0
DA:23,0
DA:26,2
DA:33,2
DA:34,2
DA:38,2
DA:41,0
DA:42,0
DA:43,0
DA:44,0
DA:47,0
DA:51,1
DA:52,1
DA:53,1
DA:57,1
DA:59,6
DA:60,1
DA:61,1
DA:62,1
DA:63,1
DA:69,1
DA:70,1
DA:71,1
DA:73,0
DA:76,1
DA:79,5
DA:80,3
DA:81,3
DA:82,3
DA:83,3
DA:84,3
DA:85,3
DA:86,3
DA:87,3
DA:89,3
DA:90,2
DA:91,2
DA:92,1
DA:94,1
DA:95,1
DA:97,2
DA:101,1
DA:102,1
DA:104,0
DA:105,0
DA:106,0
DA:109,3
DA:110,2
DA:111,1
DA:112,1
DA:113,1
DA:114,1
DA:115,1
DA:117,1
DA:124,1
DA:125,1
DA:126,1
DA:132,1
DA:133,1
DA:134,0
DA:135,0
DA:136,0
DA:137,0
DA:139,0
DA:142,0
DA:143,0
DA:147,1
DA:148,1
DA:149,1
DA:158,1
DA:159,1
DA:160,1
DA:161,1
DA:163,1
DA:170,1
DA:171,0
DA:172,0
DA:173,0
DA:174,0
DA:175,0
DA:177,0
DA:178,0
DA:186,1
DA:187,0
DA:190,1
DA:192,1
DA:193,1
DA:194,1
DA:197,1
DA:198,0
DA:199,0
DA:200,0
DA:203,1
DA:206,1
DA:207,1
DA:208,0
DA:209,0
DA:210,0
DA:211,0
DA:214,1
DA:215,0
DA:216,0
DA:219,1
DA:225,1
DA:226,1
DA:228,1
DA:229,0
DA:230,0
DA:231,0
DA:234,1
DA:235,1
DA:237,0
DA:238,0
DA:239,0
DA:240,0
DA:241,0
DA:243,0
DA:246,0
DA:249,0
DA:250,0
DA:251,0
DA:252,0
DA:253,0
DA:255,0
DA:257,0
DA:259,1
DA:262,1
DA:266,1
DA:268,1
DA:269,1
DA:270,0
DA:271,0
DA:272,0
DA:273,0
DA:274,0
DA:280,1
DA:281,1
DA:282,1
DA:283,1
DA:284,1
DA:287,1
DA:289,1
DA:290,0
DA:291,0
DA:300,0
DA:301,0
DA:302,0
DA:303,0
DA:304,0
DA:307,0
DA:308,0
DA:311,0
DA:312,0
DA:315,0
DA:316,0
DA:317,0
DA:318,0
DA:320,0
DA:321,0
DA:322,0
DA:323,0
DA:325,0
DA:328,0
DA:329,0
DA:330,0
DA:332,0
DA:335,0
DA:336,0
DA:337,0
DA:338,0
DA:339,0
DA:340,0
DA:341,0
DA:342,0
DA:344,0
DA:347,0
DA:348,0
DA:349,0
DA:350,0
DA:351,0
DA:353,0
DA:354,0
DA:355,0
DA:357,0
DA:358,0
DA:359,0
DA:361,0
DA:362,0
DA:363,0
DA:364,0
DA:365,0
DA:366,0
DA:367,0
DA:368,0
DA:369,0
DA:374,0
DA:375,0
DA:376,0
DA:379,0
DA:380,0
DA:381,0
DA:382,0
DA:383,0
DA:384,0
DA:387,0
DA:388,0
DA:389,0
DA:390,0
DA:391,0
DA:394,0
DA:395,0
DA:397,0
DA:398,0
DA:399,0
DA:400,0
DA:402,0
DA:403,0
DA:406,0
DA:407,0
DA:408,0
DA:409,0
DA:410,0
DA:411,0
DA:412,0
DA:416,0
DA:417,0
DA:418,0
DA:421,0
DA:423,0
DA:428,0
DA:429,0
DA:430,0
DA:431,0
DA:432,0
DA:433,0
DA:434,0
DA:436,0
DA:437,0
DA:438,0
DA:440,0
DA:441,0
DA:442,0
DA:446,0
DA:453,0
DA:454,0
DA:455,0
DA:456,0
DA:457,0
DA:458,0
DA:462,0
DA:463,0
DA:464,0
DA:465,0
DA:466,0
DA:467,0
DA:469,0
DA:470,0
DA:477,0
DA:478,0
DA:479,0
DA:480,0
DA:484,0
DA:485,0
DA:486,0
DA:487,0
DA:490,0
DA:491,0
DA:492,0
DA:498,0
DA:500,0
DA:508,2
DA:514,2
DA:516,2
DA:517,2
DA:518,2
DA:519,2
DA:521,2
DA:537,2
DA:539,2
DA:540,1
DA:541,1
DA:544,1
DA:545,0
DA:546,0
DA:547,0
DA:550,1
DA:554,1
DA:555,1
DA:557,1
DA:559,1
DA:561,1
DA:562,0
DA:563,0
DA:566,1
DA:567,1
DA:569,0
DA:574,1
DA:575,1
LF:308
LH:115
BRDA:6,0,0,0
BRDA:6,0,1,2
BRDA:7,1,0,0
BRDA:7,1,1,2
BRDA:21,2,0,0
BRDA:21,2,1,0
BRDA:33,3,0,2
BRDA:33,3,1,0
BRDA:59,4,0,1
BRDA:59,4,1,5
BRDA:69,5,0,0
BRDA:69,5,1,1
BRDA:79,6,0,3
BRDA:79,6,1,2
BRDA:84,7,0,3
BRDA:84,7,1,0
BRDA:86,8,0,3
BRDA:86,8,1,0
BRDA:89,9,0,2
BRDA:89,9,1,1
BRDA:89,10,0,3
BRDA:89,10,1,2
BRDA:91,11,0,1
BRDA:91,11,1,1
BRDA:105,12,0,0
BRDA:105,12,1,0
BRDA:110,13,0,1
BRDA:110,13,1,1
BRDA:113,14,0,1
BRDA:113,14,1,0
BRDA:114,15,0,1
BRDA:114,15,1,0
BRDA:114,16,0,1
BRDA:114,16,1,1
BRDA:114,16,2,1
BRDA:133,17,0,0
BRDA:133,17,1,1
BRDA:136,18,0,0
BRDA:136,18,1,0
BRDA:136,19,0,0
BRDA:136,19,1,0
BRDA:136,19,2,0
BRDA:147,20,0,1
BRDA:147,20,1,0
BRDA:170,21,0,1
BRDA:170,21,1,0
BRDA:170,22,0,1
BRDA:170,22,1,0
BRDA:185,23,0,1
BRDA:186,24,0,0
BRDA:186,24,1,1
BRDA:186,25,0,1
BRDA:186,25,1,0
BRDA:197,26,0,0
BRDA:197,26,1,1
BRDA:207,27,0,0
BRDA:207,27,1,1
BRDA:207,28,0,1
BRDA:207,28,1,1
BRDA:214,29,0,0
BRDA:214,29,1,1
BRDA:225,30,0,1
BRDA:225,30,1,0
BRDA:225,31,0,1
BRDA:225,31,1,1
BRDA:228,32,0,0
BRDA:228,32,1,1
BRDA:229,33,0,0
BRDA:229,33,1,0
BRDA:234,34,0,1
BRDA:234,34,1,0
BRDA:234,35,0,1
BRDA:234,35,1,1
BRDA:237,36,0,0
BRDA:237,36,1,0
BRDA:237,37,0,0
BRDA:237,37,1,0
BRDA:239,38,0,0
BRDA:239,38,1,0
BRDA:243,39,0,0
BRDA:243,39,1,0
BRDA:249,40,0,0
BRDA:249,40,1,0
BRDA:251,41,0,0
BRDA:251,41,1,0
BRDA:268,42,0,0
BRDA:268,42,1,1
BRDA:270,43,0,0
BRDA:270,43,1,0
BRDA:282,44,0,1
BRDA:282,44,1,0
BRDA:282,45,0,1
BRDA:282,45,1,1
BRDA:311,46,0,0
BRDA:311,46,1,0
BRDA:318,47,0,0
BRDA:318,47,1,0
BRDA:323,48,0,0
BRDA:323,48,1,0
BRDA:330,49,0,0
BRDA:330,49,1,0
BRDA:339,50,0,0
BRDA:339,50,1,0
BRDA:359,51,0,0
BRDA:359,51,1,0
BRDA:361,52,0,0
BRDA:361,52,1,0
BRDA:365,53,0,0
BRDA:365,53,1,0
BRDA:367,54,0,0
BRDA:367,54,1,0
BRDA:388,55,0,0
BRDA:388,55,1,0
BRDA:388,55,2,0
BRDA:394,56,0,0
BRDA:394,56,1,0
BRDA:394,57,0,0
BRDA:394,57,1,0
BRDA:410,58,0,0
BRDA:410,58,1,0
BRDA:416,59,0,0
BRDA:416,59,1,0
BRDA:418,60,0,0
BRDA:418,60,1,0
BRDA:440,61,0,0
BRDA:440,61,1,0
BRDA:440,62,0,0
BRDA:440,62,1,0
BRDA:456,63,0,0
BRDA:456,63,1,0
BRDA:462,64,0,0
BRDA:462,64,1,0
BRDA:464,65,0,0
BRDA:464,65,1,0
BRDA:466,66,0,0
BRDA:466,66,1,0
BRDA:466,67,0,0
BRDA:466,67,1,0
BRDA:477,68,0,0
BRDA:477,68,1,0
BRDA:477,69,0,0
BRDA:477,69,1,0
BRDA:477,69,2,0
BRDA:477,69,3,0
BRDA:477,69,4,0
BRDA:484,70,0,0
BRDA:484,70,1,0
BRDA:484,71,0,0
BRDA:484,71,1,0
BRDA:490,72,0,0
BRDA:490,72,1,0
BRDA:539,73,0,1
BRDA:539,73,1,1
BRDA:541,74,0,1
BRDA:541,74,1,0
BRDA:544,75,0,0
BRDA:544,75,1,1
BRDA:544,76,0,1
BRDA:544,76,1,1
BRDA:561,77,0,0
BRDA:561,77,1,1
BRDA:566,78,0,1
BRDA:566,78,1,0
BRDA:566,79,0,1
BRDA:566,79,1,0
BRDA:575,80,0,1
BRDA:575,80,1,0
BRF:167
BRH:56
end_of_record
TN:
SF:src\content.js
FN:1,(anonymous_0)
FN:51,storageArea
FN:55,isContextValid
FN:59,t
FN:68,clamp
FN:72,sanitize
FN:88,showToast
FN:98,(anonymous_7)
FN:103,toggleTextareaLock
FN:112,maybeShowActiveToast
FN:131,dispatchConfig
FN:146,getStarredIdsForCurrentConversation
FN:151,(anonymous_12)
FN:151,(anonymous_13)
FN:154,injectStarButtons
FN:161,(anonymous_15)
FN:196,(anonymous_16)
FN:233,injectSphereMenu
FN:299,(anonymous_18)
FN:300,(anonymous_19)
FN:326,(anonymous_20)
FN:352,(anonymous_21)
FN:376,(anonymous_22)
FN:409,(anonymous_23)
FN:431,(anonymous_24)
FN:455,(anonymous_25)
FN:476,(anonymous_26)
FN:510,(anonymous_27)
FN:525,(anonymous_28)
FN:562,showPreviewBubble
FN:616,(anonymous_30)
FN:617,(anonymous_31)
FN:622,(anonymous_32)
FN:634,(anonymous_33)
FN:640,(anonymous_34)
FN:644,(anonymous_35)
FN:659,toggleStar
FN:663,(anonymous_37)
FN:673,setupObserver
FN:682,(anonymous_39)
FN:694,getExtraForCurrentUrl
FN:710,setExtraForCurrentUrl
FN:721,notifyMainStatusRequest
FN:725,applySettings
FN:730,setupWindowBridge
FN:731,(anonymous_45)
FN:741,setupVisibility
FN:742,(anonymous_47)
FN:752,setupMessages
FN:753,(anonymous_49)
FN:800,init
FN:806,(anonymous_51)
FN:850,(anonymous_52)
FN:851,(anonymous_53)
FN:852,(anonymous_54)
FNF:55
FNH:35
FNDA:8,(anonymous_0)
FNDA:1,storageArea
FNDA:3,isContextValid
FNDA:2,t
FNDA:7,clamp
FNDA:2,sanitize
FNDA:1,showToast
FNDA:0,(anonymous_7)
FNDA:2,toggleTextareaLock
FNDA:1,maybeShowActiveToast
FNDA:1,dispatchConfig
FNDA:1,getStarredIdsForCurrentConversation
FNDA:1,(anonymous_12)
FNDA:1,(anonymous_13)
FNDA:2,injectStarButtons
FNDA:1,(anonymous_15)
FNDA:0,(anonymous_16)
FNDA:2,injectSphereMenu
FNDA:2,(anonymous_18)
FNDA:2,(anonymous_19)
FNDA:2,(anonymous_20)
FNDA:2,(anonymous_21)
FNDA:1,(anonymous_22)
FNDA:0,(anonymous_23)
FNDA:0,(anonymous_24)
FNDA:0,(anonymous_25)
FNDA:0,(anonymous_26)
FNDA:0,(anonymous_27)
FNDA:0,(anonymous_28)
FNDA:1,showPreviewBubble
FNDA:2,(anonymous_30)
FNDA:1,(anonymous_31)
FNDA:2,(anonymous_32)
FNDA:0,(anonymous_33)
FNDA:1,(anonymous_34)
FNDA:0,(anonymous_35)
FNDA:0,toggleStar
FNDA:0,(anonymous_37)
FNDA:1,setupObserver
FNDA:1,(anonymous_39)
FNDA:0,getExtraForCurrentUrl
FNDA:0,setExtraForCurrentUrl
FNDA:1,notifyMainStatusRequest
FNDA:0,applySettings
FNDA:1,setupWindowBridge
FNDA:0,(anonymous_45)
FNDA:1,setupVisibility
FNDA:0,(anonymous_47)
FNDA:1,setupMessages
FNDA:0,(anonymous_49)
FNDA:1,init
FNDA:0,(anonymous_51)
FNDA:3,(anonymous_52)
FNDA:0,(anonymous_53)
FNDA:1,(anonymous_54)
DA:1,8
DA:2,8
DA:4,8
DA:5,0
DA:6,0
DA:9,8
DA:22,8
DA:23,8
DA:24,8
DA:25,8
DA:26,8
DA:28,8
DA:29,8
DA:30,8
DA:40,8
DA:41,8
DA:43,8
DA:44,8
DA:45,8
DA:46,8
DA:47,0
DA:52,1
DA:56,3
DA:60,2
DA:61,2
DA:62,0
DA:64,0
DA:69,7
DA:73,2
DA:89,1
DA:90,1
DA:91,1
DA:92,1
DA:93,1
DA:95,1
DA:96,1
DA:97,1
DA:98,1
DA:99,0
DA:104,2
DA:105,2
DA:106,2
DA:107,2
DA:108,2
DA:113,1
DA:114,0
DA:116,1
DA:117,1
DA:119,0
DA:120,0
DA:122,0
DA:123,0
DA:124,0
DA:126,0
DA:127,0
DA:128,0
DA:133,1
DA:134,1
DA:136,1
DA:137,1
DA:138,1
DA:140,0
DA:143,1
DA:147,1
DA:148,1
DA:149,1
DA:151,1
DA:155,2
DA:158,1
DA:159,1
DA:161,1
DA:164,1
DA:172,1
DA:174,1
DA:177,1
DA:184,1
DA:185,1
DA:186,1
DA:187,1
DA:190,1
DA:191,0
DA:193,1
DA:196,1
DA:197,0
DA:198,0
DA:200,0
DA:206,0
DA:207,0
DA:208,0
DA:210,0
DA:211,0
DA:212,0
DA:217,1
DA:218,1
DA:219,1
DA:220,1
DA:221,1
DA:222,1
DA:223,1
DA:224,1
DA:226,0
DA:227,0
DA:228,0
DA:234,2
DA:235,1
DA:236,1
DA:237,1
DA:240,1
DA:241,1
DA:243,1
DA:246,1
DA:247,1
DA:250,1
DA:251,1
DA:252,1
DA:253,0
DA:255,1
DA:257,0
DA:261,1
DA:262,1
DA:265,1
DA:292,1
DA:296,1
DA:297,1
DA:299,1
DA:300,2
DA:301,2
DA:302,1
DA:303,1
DA:305,1
DA:312,1
DA:313,1
DA:314,1
DA:315,1
DA:316,1
DA:317,1
DA:321,1
DA:322,1
DA:323,1
DA:324,1
DA:326,1
DA:328,2
DA:329,2
DA:331,2
DA:332,2
DA:334,2
DA:336,2
DA:337,2
DA:338,2
DA:339,2
DA:342,2
DA:345,2
DA:346,2
DA:347,2
DA:349,2
DA:352,1
DA:353,2
DA:354,2
DA:356,2
DA:357,2
DA:358,2
DA:360,2
DA:361,2
DA:362,2
DA:363,2
DA:364,2
DA:365,2
DA:366,2
DA:369,2
DA:370,2
DA:372,2
DA:373,2
DA:374,2
DA:376,2
DA:377,1
DA:378,1
DA:379,1
DA:380,1
DA:381,1
DA:383,1
DA:384,1
DA:385,1
DA:386,0
DA:388,1
DA:390,1
DA:391,1
DA:394,2
DA:397,1
DA:400,1
DA:401,1
DA:402,1
DA:403,1
DA:409,1
DA:410,0
DA:411,0
DA:412,0
DA:413,0
DA:414,0
DA:415,0
DA:416,0
DA:417,0
DA:418,0
DA:421,1
DA:422,1
DA:425,1
DA:426,1
DA:427,1
DA:428,1
DA:429,1
DA:431,1
DA:432,0
DA:433,0
DA:434,0
DA:436,0
DA:438,0
DA:439,0
DA:441,0
DA:447,0
DA:450,1
DA:455,8
DA:456,0
DA:458,0
DA:459,0
DA:460,0
DA:461,0
DA:462,0
DA:463,0
DA:464,0
DA:465,0
DA:466,0
DA:467,0
DA:468,0
DA:469,0
DA:470,0
DA:471,0
DA:473,0
DA:477,0
DA:478,0
DA:479,0
DA:485,0
DA:490,0
DA:493,0
DA:504,0
DA:505,0
DA:506,0
DA:507,0
DA:511,0
DA:522,0
DA:523,0
DA:524,0
DA:525,0
DA:526,0
DA:532,0
DA:533,0
DA:534,0
DA:535,0
DA:537,0
DA:538,0
DA:540,0
DA:541,0
DA:542,0
DA:545,0
DA:546,0
DA:547,0
DA:549,0
DA:550,0
DA:552,0
DA:555,0
DA:556,0
DA:557,0
DA:564,1
DA:565,1
DA:566,0
DA:569,1
DA:572,1
DA:573,1
DA:575,1
DA:576,1
DA:577,1
DA:579,1
DA:580,1
DA:582,1
DA:609,1
DA:610,1
DA:613,1
DA:616,1
DA:617,2
DA:618,1
DA:619,1
DA:620,1
DA:622,2
DA:623,1
DA:625,1
DA:626,1
DA:629,1
DA:634,1
DA:635,0
DA:636,0
DA:640,1
DA:641,1
DA:644,1
DA:645,0
DA:646,0
DA:648,0
DA:649,0
DA:650,0
DA:651,0
DA:652,0
DA:660,0
DA:661,0
DA:663,0
DA:664,0
DA:665,0
DA:667,0
DA:670,0
DA:675,1
DA:682,1
DA:683,1
DA:684,1
DA:685,1
DA:687,0
DA:689,0
DA:691,1
DA:695,0
DA:696,0
DA:697,0
DA:698,0
DA:700,0
DA:701,0
DA:702,0
DA:704,0
DA:706,0
DA:711,0
DA:712,0
DA:717,0
DA:722,1
DA:726,0
DA:727,0
DA:731,1
DA:732,0
DA:733,0
DA:735,0
DA:736,0
DA:742,1
DA:743,0
DA:744,0
DA:745,0
DA:747,0
DA:748,0
DA:753,1
DA:754,0
DA:755,0
DA:756,0
DA:759,0
DA:760,0
DA:761,0
DA:762,0
DA:763,0
DA:764,0
DA:765,0
DA:766,0
DA:767,0
DA:768,0
DA:769,0
DA:770,0
DA:771,0
DA:772,0
DA:773,0
DA:774,0
DA:775,0
DA:792,0
DA:794,0
DA:801,1
DA:802,1
DA:803,1
DA:804,1
DA:806,1
DA:807,0
DA:808,0
DA:810,0
DA:811,0
DA:812,0
DA:813,0
DA:815,0
DA:816,0
DA:817,0
DA:821,1
DA:822,1
DA:823,1
DA:824,1
DA:825,1
DA:826,1
DA:828,1
DA:830,1
DA:831,1
DA:832,1
DA:835,0
DA:839,8
DA:840,8
DA:841,8
DA:842,8
DA:843,8
DA:844,8
DA:845,8
DA:846,8
DA:847,8
DA:848,8
DA:849,8
DA:850,8
DA:851,8
DA:852,8
DA:854,0
LF:412
LH:238
BRDA:4,0,0,0
BRDA:4,0,1,8
BRDA:46,1,0,0
BRDA:46,1,1,8
BRDA:52,2,0,1
BRDA:52,2,1,0
BRDA:56,3,0,3
BRDA:56,3,1,3
BRDA:61,4,0,2
BRDA:61,4,1,0
BRDA:62,5,0,0
BRDA:62,5,1,0
BRDA:74,6,0,1
BRDA:74,6,1,1
BRDA:75,7,0,2
BRDA:75,7,1,1
BRDA:76,8,0,2
BRDA:76,8,1,1
BRDA:77,9,0,0
BRDA:77,9,1,2
BRDA:78,10,0,0
BRDA:78,10,1,2
BRDA:79,11,0,0
BRDA:79,11,1,2
BRDA:80,12,0,0
BRDA:80,12,1,2
BRDA:80,13,0,2
BRDA:80,13,1,2
BRDA:81,14,0,0
BRDA:81,14,1,2
BRDA:81,15,0,2
BRDA:81,15,1,2
BRDA:82,16,0,0
BRDA:82,16,1,2
BRDA:83,17,0,0
BRDA:83,17,1,2
BRDA:84,18,0,0
BRDA:84,18,1,2
BRDA:84,19,0,2
BRDA:84,19,1,0
BRDA:90,20,0,1
BRDA:90,20,1,0
BRDA:105,21,0,2
BRDA:105,21,1,0
BRDA:106,22,0,1
BRDA:106,22,1,1
BRDA:107,23,0,1
BRDA:107,23,1,1
BRDA:108,24,0,1
BRDA:108,24,1,1
BRDA:113,25,0,0
BRDA:113,25,1,1
BRDA:116,26,0,1
BRDA:116,26,1,0
BRDA:116,27,0,1
BRDA:116,27,1,0
BRDA:119,28,0,0
BRDA:119,28,1,0
BRDA:123,29,0,0
BRDA:123,29,1,0
BRDA:123,30,0,0
BRDA:123,30,1,0
BRDA:149,31,0,0
BRDA:149,31,1,1
BRDA:149,32,0,1
BRDA:149,32,1,1
BRDA:155,33,0,1
BRDA:155,33,1,1
BRDA:164,34,0,1
BRDA:164,34,1,1
BRDA:164,34,2,1
BRDA:164,34,3,0
BRDA:164,34,4,0
BRDA:164,34,5,0
BRDA:164,34,6,0
BRDA:172,35,0,0
BRDA:172,35,1,1
BRDA:177,36,0,1
BRDA:177,36,1,0
BRDA:177,36,2,0
BRDA:177,36,3,0
BRDA:177,36,4,0
BRDA:177,36,5,0
BRDA:184,37,0,1
BRDA:184,37,1,0
BRDA:190,38,0,0
BRDA:190,38,1,1
BRDA:200,39,0,0
BRDA:200,39,1,0
BRDA:200,39,2,0
BRDA:200,39,3,0
BRDA:200,39,4,0
BRDA:206,40,0,0
BRDA:206,40,1,0
BRDA:207,41,0,0
BRDA:207,41,1,0
BRDA:217,42,0,1
BRDA:217,42,1,0
BRDA:221,43,0,1
BRDA:221,43,1,0
BRDA:234,44,0,1
BRDA:234,44,1,1
BRDA:234,45,0,2
BRDA:234,45,1,1
BRDA:236,46,0,0
BRDA:236,46,1,1
BRDA:241,47,0,0
BRDA:241,47,1,1
BRDA:243,48,0,0
BRDA:243,48,1,1
BRDA:250,49,0,1
BRDA:250,49,1,0
BRDA:251,50,0,1
BRDA:251,50,1,0
BRDA:252,51,0,0
BRDA:252,51,1,1
BRDA:292,52,0,1
BRDA:292,52,1,0
BRDA:292,53,0,1
BRDA:292,53,1,1
BRDA:296,54,0,1
BRDA:296,54,1,0
BRDA:297,55,0,1
BRDA:297,55,1,0
BRDA:301,56,0,1
BRDA:301,56,1,1
BRDA:302,57,0,1
BRDA:302,57,1,0
BRDA:302,58,0,1
BRDA:302,58,1,0
BRDA:302,59,0,0
BRDA:302,59,1,0
BRDA:303,60,0,1
BRDA:303,60,1,0
BRDA:307,61,0,1
BRDA:307,61,1,0
BRDA:308,62,0,1
BRDA:308,62,1,0
BRDA:380,63,0,0
BRDA:380,63,1,1
BRDA:381,64,0,1
BRDA:381,64,1,1
BRDA:381,64,2,1
BRDA:385,65,0,0
BRDA:385,65,1,1
BRDA:402,66,0,1
BRDA:402,66,1,0
BRDA:412,67,0,0
BRDA:412,67,1,0
BRDA:414,68,0,0
BRDA:414,68,1,0
BRDA:414,69,0,0
BRDA:414,69,1,0
BRDA:414,69,2,0
BRDA:415,70,0,0
BRDA:415,70,1,0
BRDA:428,71,0,1
BRDA:428,71,1,0
BRDA:439,72,0,0
BRDA:439,72,1,0
BRDA:447,73,0,0
BRDA:447,73,1,0
BRDA:456,74,0,0
BRDA:456,74,1,0
BRDA:456,75,0,0
BRDA:456,75,1,0
BRDA:456,75,2,0
BRDA:458,76,0,0
BRDA:458,76,1,0
BRDA:460,77,0,0
BRDA:460,77,1,0
BRDA:462,78,0,0
BRDA:462,78,1,0
BRDA:463,79,0,0
BRDA:463,79,1,0
BRDA:465,80,0,0
BRDA:465,80,1,0
BRDA:467,81,0,0
BRDA:467,81,1,0
BRDA:469,82,0,0
BRDA:469,82,1,0
BRDA:477,83,0,0
BRDA:477,83,1,0
BRDA:499,84,0,0
BRDA:499,84,1,0
BRDA:499,85,0,0
BRDA:499,85,1,0
BRDA:504,86,0,0
BRDA:504,86,1,0
BRDA:506,87,0,0
BRDA:506,87,1,0
BRDA:522,88,0,0
BRDA:522,88,1,0
BRDA:524,89,0,0
BRDA:524,89,1,0
BRDA:524,90,0,0
BRDA:524,90,1,0
BRDA:532,91,0,0
BRDA:532,91,1,0
BRDA:533,92,0,0
BRDA:533,92,1,0
BRDA:535,93,0,0
BRDA:535,93,1,0
BRDA:537,94,0,0
BRDA:537,94,1,0
BRDA:540,95,0,0
BRDA:540,95,1,0
BRDA:545,96,0,0
BRDA:545,96,1,0
BRDA:545,97,0,0
BRDA:545,97,1,0
BRDA:546,98,0,0
BRDA:546,98,1,0
BRDA:546,99,0,0
BRDA:546,99,1,0
BRDA:546,100,0,0
BRDA:546,100,1,0
BRDA:550,101,0,0
BRDA:550,101,1,0
BRDA:555,102,0,0
BRDA:555,102,1,0
BRDA:555,103,0,0
BRDA:555,103,1,0
BRDA:562,104,0,0
BRDA:565,105,0,0
BRDA:565,105,1,1
BRDA:569,106,0,1
BRDA:569,106,1,0
BRDA:569,106,2,0
BRDA:569,106,3,0
BRDA:573,107,0,0
BRDA:573,107,1,1
BRDA:593,108,0,0
BRDA:593,108,1,1
BRDA:594,109,0,1
BRDA:594,109,1,0
BRDA:620,110,0,0
BRDA:620,110,1,1
BRDA:626,111,0,1
BRDA:626,111,1,0
BRDA:626,111,2,0
BRDA:641,112,0,0
BRDA:641,112,1,1
BRDA:664,113,0,0
BRDA:664,113,1,0
BRDA:683,114,0,1
BRDA:683,114,1,0
BRDA:697,115,0,0
BRDA:697,115,1,0
BRDA:701,116,0,0
BRDA:701,116,1,0
BRDA:701,117,0,0
BRDA:701,117,1,0
BRDA:704,118,0,0
BRDA:704,118,1,0
BRDA:714,119,0,0
BRDA:714,119,1,0
BRDA:732,120,0,0
BRDA:732,120,1,0
BRDA:732,121,0,0
BRDA:732,121,1,0
BRDA:732,121,2,0
BRDA:735,122,0,0
BRDA:735,122,1,0
BRDA:735,123,0,0
BRDA:735,123,1,0
BRDA:735,123,2,0
BRDA:743,124,0,0
BRDA:743,124,1,0
BRDA:754,125,0,0
BRDA:754,125,1,0
BRDA:755,126,0,0
BRDA:755,126,1,0
BRDA:755,127,0,0
BRDA:755,127,1,0
BRDA:759,128,0,0
BRDA:759,128,1,0
BRDA:760,129,0,0
BRDA:760,129,1,0
BRDA:762,130,0,0
BRDA:762,130,1,0
BRDA:765,131,0,0
BRDA:765,131,1,0
BRDA:769,132,0,0
BRDA:769,132,1,0
BRDA:774,133,0,0
BRDA:774,133,1,0
BRDA:803,134,0,1
BRDA:803,134,1,0
BRDA:804,135,0,0
BRDA:804,135,1,1
BRDA:807,136,0,0
BRDA:807,136,1,0
BRDA:808,137,0,0
BRDA:808,137,1,0
BRDA:808,138,0,0
BRDA:808,138,1,0
BRDA:810,139,0,0
BRDA:810,139,1,0
BRDA:811,140,0,0
BRDA:811,140,1,0
BRDA:815,141,0,0
BRDA:815,141,1,0
BRDA:816,142,0,0
BRDA:816,142,1,0
BRDA:831,143,0,1
BRDA:831,143,1,0
BRDA:839,144,0,8
BRDA:839,144,1,0
BRDA:839,145,0,8
BRDA:839,145,1,8
BRF:311
BRH:94
end_of_record
TN:
SF:src\mainWorld.js
FN:1,(anonymous_0)
FN:6,stripRAGFromObject
FN:30,(anonymous_2)
FN:43,cleanTextNode
FN:80,(anonymous_4)
FN:90,(anonymous_5)
FN:95,(anonymous_6)
FN:110,(anonymous_7)
FN:118,(anonymous_8)
FN:125,(anonymous_9)
FN:170,(anonymous_10)
FN:177,clamp
FN:181,sanitize
FN:196,loadSettings
FN:208,postStatus
FN:221,parseExtra
FN:237,isConversationGet
FN:241,isMessageNode
FN:248,isVisibleMessageNode
FN:255,buildPath
FN:267,cloneNode
FN:271,trimConversationPayload
FN:279,(anonymous_22)
FN:285,(anonymous_23)
FN:307,(anonymous_24)
FN:315,(anonymous_25)
FN:315,(anonymous_26)
FN:317,(anonymous_27)
FN:329,(anonymous_28)
FN:333,(anonymous_29)
FN:336,(anonymous_30)
FN:342,(anonymous_31)
FN:377,(anonymous_32)
FN:383,(anonymous_33)
FN:389,(anonymous_34)
FN:413,resetExtraAfterNewPrompt
FN:435,getRAGContext
FN:437,(anonymous_37)
FN:439,(anonymous_38)
FN:459,(anonymous_39)
FN:467,wrapPromptWithRAGAsync
FN:484,(anonymous_41)
FN:493,(anonymous_42)
FN:526,(anonymous_43)
FN:547,patchFetch
FN:555,(anonymous_45)
FN:585,(anonymous_46)
FN:655,(anonymous_47)
FN:682,(anonymous_48)
FN:736,(anonymous_49)
FN:739,(anonymous_50)
FN:755,(anonymous_51)
FN:757,(anonymous_52)
FN:776,(anonymous_53)
FN:777,(anonymous_54)
FN:790,(anonymous_55)
FN:799,normalizeText
FN:815,tagMessages
FN:820,(anonymous_58)
FN:833,(anonymous_59)
FN:857,(anonymous_60)
FN:868,generateUUID
FN:869,(anonymous_62)
FN:874,getContextMessages
FN:881,(anonymous_64)
FN:885,(anonymous_65)
FN:894,optimizePrompt
FN:897,(anonymous_67)
FN:932,(anonymous_68)
FN:1064,(anonymous_69)
FN:1204,(anonymous_70)
FN:1241,cleanupOptimization
FN:1246,(anonymous_72)
FN:1264,(anonymous_73)
FN:1269,(anonymous_74)
FN:1276,(anonymous_75)
FN:1276,(anonymous_76)
FN:1288,(anonymous_77)
FN:1290,(anonymous_78)
FN:1291,(anonymous_79)
FNF:80
FNH:29
FNDA:1,(anonymous_0)
FNDA:11,stripRAGFromObject
FNDA:4,(anonymous_2)
FNDA:3,cleanTextNode
FNDA:0,(anonymous_4)
FNDA:3,(anonymous_5)
FNDA:3,(anonymous_6)
FNDA:1,(anonymous_7)
FNDA:0,(anonymous_8)
FNDA:0,(anonymous_9)
FNDA:0,(anonymous_10)
FNDA:0,clamp
FNDA:0,sanitize
FNDA:1,loadSettings
FNDA:2,postStatus
FNDA:0,parseExtra
FNDA:1,isConversationGet
FNDA:0,isMessageNode
FNDA:0,isVisibleMessageNode
FNDA:0,buildPath
FNDA:0,cloneNode
FNDA:0,trimConversationPayload
FNDA:0,(anonymous_22)
FNDA:0,(anonymous_23)
FNDA:0,(anonymous_24)
FNDA:0,(anonymous_25)
FNDA:0,(anonymous_26)
FNDA:0,(anonymous_27)
FNDA:0,(anonymous_28)
FNDA:0,(anonymous_29)
FNDA:0,(anonymous_30)
FNDA:0,(anonymous_31)
FNDA:0,(anonymous_32)
FNDA:0,(anonymous_33)
FNDA:0,(anonymous_34)
FNDA:2,resetExtraAfterNewPrompt
FNDA:1,getRAGContext
FNDA:1,(anonymous_37)
FNDA:3,(anonymous_38)
FNDA:0,(anonymous_39)
FNDA:4,wrapPromptWithRAGAsync
FNDA:3,(anonymous_41)
FNDA:3,(anonymous_42)
FNDA:1,(anonymous_43)
FNDA:4,patchFetch
FNDA:2,(anonymous_45)
FNDA:0,(anonymous_46)
FNDA:0,(anonymous_47)
FNDA:0,(anonymous_48)
FNDA:0,(anonymous_49)
FNDA:0,(anonymous_50)
FNDA:0,(anonymous_51)
FNDA:0,(anonymous_52)
FNDA:0,(anonymous_53)
FNDA:0,(anonymous_54)
FNDA:0,(anonymous_55)
FNDA:9,normalizeText
FNDA:2,tagMessages
FNDA:3,(anonymous_58)
FNDA:4,(anonymous_59)
FNDA:0,(anonymous_60)
FNDA:2,generateUUID
FNDA:62,(anonymous_62)
FNDA:0,getContextMessages
FNDA:0,(anonymous_64)
FNDA:0,(anonymous_65)
FNDA:0,optimizePrompt
FNDA:0,(anonymous_67)
FNDA:0,(anonymous_68)
FNDA:0,(anonymous_69)
FNDA:0,(anonymous_70)
FNDA:0,cleanupOptimization
FNDA:0,(anonymous_72)
FNDA:0,(anonymous_73)
FNDA:3,(anonymous_74)
FNDA:0,(anonymous_75)
FNDA:0,(anonymous_76)
FNDA:0,(anonymous_77)
FNDA:4,(anonymous_78)
FNDA:6,(anonymous_79)
DA:1,1
DA:3,1
DA:4,1
DA:7,11
DA:8,6
DA:9,6
DA:10,2
DA:12,6
DA:13,2
DA:15,6
DA:17,5
DA:18,1
DA:19,2
DA:21,4
DA:22,4
DA:23,5
DA:26,5
DA:29,1
DA:30,1
DA:31,4
DA:32,0
DA:33,0
DA:34,0
DA:36,0
DA:39,4
DA:44,3
DA:45,3
DA:46,3
DA:49,3
DA:50,3
DA:51,0
DA:52,0
DA:53,0
DA:54,0
DA:56,0
DA:58,0
DA:62,3
DA:63,3
DA:64,0
DA:65,0
DA:66,0
DA:67,0
DA:69,0
DA:71,0
DA:74,3
DA:75,0
DA:80,1
DA:81,0
DA:82,0
DA:84,0
DA:85,0
DA:90,1
DA:91,3
DA:92,4
DA:93,0
DA:94,4
DA:95,4
DA:96,3
DA:97,0
DA:98,3
DA:99,3
DA:101,3
DA:102,3
DA:110,1
DA:111,1
DA:112,0
DA:115,1
DA:116,1
DA:117,1
DA:119,0
DA:120,0
DA:121,0
DA:123,0
DA:126,0
DA:133,1
DA:134,1
DA:135,1
DA:136,1
DA:137,1
DA:138,1
DA:139,1
DA:140,1
DA:141,1
DA:142,1
DA:143,1
DA:146,1
DA:147,1
DA:159,1
DA:160,1
DA:170,1
DA:171,0
DA:172,0
DA:173,0
DA:178,0
DA:182,0
DA:197,1
DA:198,1
DA:199,1
DA:200,1
DA:202,0
DA:204,0
DA:209,2
DA:214,2
DA:222,0
DA:223,0
DA:224,0
DA:225,0
DA:227,0
DA:228,0
DA:229,0
DA:231,0
DA:233,0
DA:238,1
DA:242,0
DA:243,0
DA:245,0
DA:249,0
DA:250,0
DA:252,0
DA:256,0
DA:257,0
DA:258,0
DA:259,0
DA:260,0
DA:261,0
DA:262,0
DA:264,0
DA:268,0
DA:272,0
DA:274,0
DA:275,0
DA:276,0
DA:277,0
DA:279,0
DA:280,0
DA:281,0
DA:283,0
DA:285,0
DA:287,0
DA:288,0
DA:289,0
DA:290,0
DA:296,0
DA:297,0
DA:298,0
DA:299,0
DA:301,0
DA:302,0
DA:306,0
DA:307,0
DA:312,0
DA:313,0
DA:314,0
DA:315,0
DA:317,0
DA:318,0
DA:319,0
DA:324,0
DA:325,0
DA:328,0
DA:329,0
DA:332,0
DA:333,0
DA:334,0
DA:335,0
DA:336,0
DA:337,0
DA:342,0
DA:343,0
DA:344,0
DA:345,0
DA:346,0
DA:349,0
DA:350,0
DA:351,0
DA:352,0
DA:353,0
DA:354,0
DA:357,0
DA:360,0
DA:362,0
DA:364,0
DA:367,0
DA:368,0
DA:369,0
DA:370,0
DA:371,0
DA:377,0
DA:378,0
DA:381,0
DA:382,0
DA:383,0
DA:384,0
DA:385,0
DA:389,0
DA:391,0
DA:392,0
DA:399,0
DA:404,0
DA:407,0
DA:414,2
DA:415,1
DA:417,1
DA:418,1
DA:421,0
DA:422,0
DA:423,0
DA:424,0
DA:428,0
DA:429,0
DA:431,0
DA:436,1
DA:437,1
DA:438,1
DA:439,1
DA:440,3
DA:441,1
DA:442,1
DA:443,1
DA:444,1
DA:446,0
DA:451,1
DA:452,1
DA:459,1
DA:460,0
DA:461,0
DA:462,0
DA:468,4
DA:469,4
DA:470,4
DA:471,4
DA:472,1
DA:475,3
DA:476,3
DA:477,0
DA:480,3
DA:481,3
DA:484,3
DA:485,3
DA:487,3
DA:491,3
DA:492,3
DA:493,3
DA:495,3
DA:497,1
DA:498,1
DA:499,1
DA:502,1
DA:510,1
DA:514,3
DA:515,2
DA:516,2
DA:520,1
DA:521,1
DA:522,0
DA:523,0
DA:526,1
DA:529,1
DA:537,1
DA:538,1
DA:539,1
DA:540,1
DA:542,0
DA:543,0
DA:548,4
DA:549,1
DA:551,3
DA:553,3
DA:555,3
DA:556,2
DA:557,2
DA:558,2
DA:559,2
DA:564,2
DA:565,2
DA:566,2
DA:568,2
DA:569,1
DA:570,1
DA:572,2
DA:573,0
DA:574,0
DA:577,2
DA:578,1
DA:579,1
DA:580,1
DA:583,1
DA:584,1
DA:585,1
DA:586,0
DA:587,0
DA:588,0
DA:591,1
DA:592,1
DA:593,1
DA:599,2
DA:600,2
DA:601,2
DA:602,1
DA:603,1
DA:605,2
DA:606,0
DA:609,2
DA:610,1
DA:611,1
DA:612,1
DA:617,2
DA:618,2
DA:619,1
DA:620,1
DA:621,0
DA:622,0
DA:624,1
DA:627,2
DA:630,2
DA:631,1
DA:632,1
DA:634,1
DA:635,1
DA:636,1
DA:637,0
DA:638,0
DA:639,0
DA:643,1
DA:644,1
DA:645,1
DA:646,0
DA:651,1
DA:652,1
DA:653,1
DA:654,1
DA:656,0
DA:657,0
DA:659,0
DA:660,0
DA:662,0
DA:663,0
DA:664,0
DA:665,0
DA:666,0
DA:667,0
DA:669,0
DA:670,0
DA:671,0
DA:672,0
DA:674,0
DA:675,0
DA:678,0
DA:683,0
DA:684,0
DA:688,1
DA:694,0
DA:697,1
DA:698,0
DA:701,1
DA:702,1
DA:704,1
DA:705,1
DA:706,0
DA:707,0
DA:708,0
DA:710,0
DA:711,0
DA:712,0
DA:715,0
DA:719,0
DA:720,0
DA:721,0
DA:723,0
DA:729,1
DA:730,1
DA:735,3
DA:736,3
DA:737,0
DA:739,0
DA:740,0
DA:741,0
DA:742,0
DA:744,0
DA:745,0
DA:748,0
DA:750,0
DA:754,3
DA:755,3
DA:756,0
DA:757,0
DA:758,0
DA:759,0
DA:760,0
DA:761,0
DA:762,0
DA:763,0
DA:766,0
DA:768,0
DA:770,0
DA:773,3
DA:774,3
DA:775,3
DA:777,0
DA:778,0
DA:779,0
DA:780,0
DA:781,0
DA:782,0
DA:783,0
DA:786,0
DA:788,0
DA:791,0
DA:797,1
DA:800,9
DA:801,9
DA:802,9
DA:808,0
DA:816,2
DA:818,2
DA:820,2
DA:821,3
DA:824,3
DA:830,3
DA:831,3
DA:833,3
DA:834,4
DA:835,4
DA:836,4
DA:839,4
DA:843,3
DA:844,2
DA:846,2
DA:847,2
DA:849,2
DA:855,1
DA:857,1
DA:858,0
DA:859,0
DA:860,0
DA:862,0
DA:863,0
DA:869,2
DA:870,62
DA:875,0
DA:876,0
DA:877,0
DA:880,0
DA:881,0
DA:884,0
DA:885,0
DA:886,0
DA:887,0
DA:888,0
DA:889,0
DA:890,0
DA:895,0
DA:897,0
DA:898,0
DA:899,0
DA:900,0
DA:901,0
DA:904,0
DA:905,0
DA:906,0
DA:907,0
DA:908,0
DA:909,0
DA:910,0
DA:912,0
DA:913,0
DA:918,0
DA:919,0
DA:920,0
DA:921,0
DA:923,0
DA:929,0
DA:930,0
DA:931,0
DA:932,0
DA:936,0
DA:1019,0
DA:1058,0
DA:1059,0
DA:1061,0
DA:1064,0
DA:1065,0
DA:1066,0
DA:1067,0
DA:1068,0
DA:1069,0
DA:1072,0
DA:1073,0
DA:1076,0
DA:1077,0
DA:1080,0
DA:1081,0
DA:1084,0
DA:1085,0
DA:1088,0
DA:1089,0
DA:1092,0
DA:1093,0
DA:1096,0
DA:1097,0
DA:1100,0
DA:1101,0
DA:1104,0
DA:1105,0
DA:1108,0
DA:1109,0
DA:1112,0
DA:1113,0
DA:1116,0
DA:1117,0
DA:1120,0
DA:1121,0
DA:1124,0
DA:1125,0
DA:1128,0
DA:1129,0
DA:1132,0
DA:1133,0
DA:1136,0
DA:1137,0
DA:1140,0
DA:1141,0
DA:1144,0
DA:1145,0
DA:1148,0
DA:1149,0
DA:1152,0
DA:1153,0
DA:1157,0
DA:1162,0
DA:1163,0
DA:1164,0
DA:1179,0
DA:1201,0
DA:1204,0
DA:1205,0
DA:1206,0
DA:1207,0
DA:1208,0
DA:1209,0
DA:1210,0
DA:1211,0
DA:1212,0
DA:1214,0
DA:1215,0
DA:1217,0
DA:1219,0
DA:1220,0
DA:1225,0
DA:1228,0
DA:1242,0
DA:1243,0
DA:1246,1
DA:1247,0
DA:1248,0
DA:1249,0
DA:1250,0
DA:1251,0
DA:1253,0
DA:1254,0
DA:1255,0
DA:1256,0
DA:1257,0
DA:1264,1
DA:1265,0
DA:1269,1
DA:1270,3
DA:1271,0
DA:1275,1
DA:1276,0
DA:1278,1
DA:1279,1
DA:1283,1
DA:1284,1
DA:1285,1
DA:1286,1
DA:1287,1
DA:1288,1
DA:1289,1
DA:1290,4
DA:1291,6
DA:1292,1
DA:1293,1
LF:583
LH:229
BRDA:7,0,0,6
BRDA:7,0,1,5
BRDA:9,1,0,2
BRDA:9,1,1,4
BRDA:12,2,0,2
BRDA:12,2,1,4
BRDA:15,3,0,4
BRDA:15,3,1,2
BRDA:17,4,0,1
BRDA:17,4,1,4
BRDA:21,5,0,4
BRDA:21,5,1,0
BRDA:21,6,0,4
BRDA:21,6,1,4
BRDA:31,7,0,0
BRDA:31,7,1,4
BRDA:31,8,0,4
BRDA:31,8,1,4
BRDA:31,8,2,4
BRDA:44,9,0,3
BRDA:44,9,1,0
BRDA:44,10,0,3
BRDA:44,10,1,3
BRDA:50,11,0,0
BRDA:50,11,1,3
BRDA:52,12,0,0
BRDA:52,12,1,0
BRDA:63,13,0,0
BRDA:63,13,1,3
BRDA:65,14,0,0
BRDA:65,14,1,0
BRDA:74,15,0,0
BRDA:74,15,1,3
BRDA:92,16,0,0
BRDA:92,16,1,4
BRDA:94,17,0,4
BRDA:94,17,1,0
BRDA:96,18,0,0
BRDA:96,18,1,3
BRDA:98,19,0,3
BRDA:98,19,1,0
BRDA:111,20,0,1
BRDA:111,20,1,0
BRDA:116,21,0,1
BRDA:116,21,1,0
BRDA:119,22,0,0
BRDA:119,22,1,0
BRDA:120,23,0,0
BRDA:120,23,1,0
BRDA:121,24,0,0
BRDA:121,24,1,0
BRDA:167,25,0,1
BRDA:167,25,1,1
BRDA:171,26,0,0
BRDA:171,26,1,0
BRDA:183,27,0,0
BRDA:183,27,1,0
BRDA:184,28,0,0
BRDA:184,28,1,0
BRDA:185,29,0,0
BRDA:185,29,1,0
BRDA:186,30,0,0
BRDA:186,30,1,0
BRDA:187,31,0,0
BRDA:187,31,1,0
BRDA:188,32,0,0
BRDA:188,32,1,0
BRDA:189,33,0,0
BRDA:189,33,1,0
BRDA:189,34,0,0
BRDA:189,34,1,0
BRDA:190,35,0,0
BRDA:190,35,1,0
BRDA:191,36,0,0
BRDA:191,36,1,0
BRDA:191,37,0,0
BRDA:191,37,1,0
BRDA:192,38,0,0
BRDA:192,38,1,0
BRDA:199,39,0,1
BRDA:199,39,1,0
BRDA:212,40,0,2
BRDA:212,40,1,2
BRDA:224,41,0,0
BRDA:224,41,1,0
BRDA:228,42,0,0
BRDA:228,42,1,0
BRDA:228,43,0,0
BRDA:228,43,1,0
BRDA:231,44,0,0
BRDA:231,44,1,0
BRDA:238,45,0,1
BRDA:238,45,1,1
BRDA:238,45,2,1
BRDA:242,46,0,0
BRDA:242,46,1,0
BRDA:242,47,0,0
BRDA:242,47,1,0
BRDA:245,48,0,0
BRDA:245,48,1,0
BRDA:249,49,0,0
BRDA:249,49,1,0
BRDA:252,50,0,0
BRDA:252,50,1,0
BRDA:259,51,0,0
BRDA:259,51,1,0
BRDA:259,51,2,0
BRDA:272,52,0,0
BRDA:272,52,1,0
BRDA:272,53,0,0
BRDA:272,53,1,0
BRDA:272,53,2,0
BRDA:277,54,0,0
BRDA:277,54,1,0
BRDA:288,55,0,0
BRDA:288,55,1,0
BRDA:296,56,0,0
BRDA:296,56,1,0
BRDA:296,57,0,0
BRDA:296,57,1,0
BRDA:298,58,0,0
BRDA:298,58,1,0
BRDA:301,59,0,0
BRDA:301,59,1,0
BRDA:306,60,0,0
BRDA:306,60,1,0
BRDA:312,61,0,0
BRDA:312,61,1,0
BRDA:318,62,0,0
BRDA:318,62,1,0
BRDA:324,63,0,0
BRDA:324,63,1,0
BRDA:324,64,0,0
BRDA:324,64,1,0
BRDA:329,65,0,0
BRDA:329,65,1,0
BRDA:329,66,0,0
BRDA:329,66,1,0
BRDA:334,67,0,0
BRDA:334,67,1,0
BRDA:336,68,0,0
BRDA:336,68,1,0
BRDA:344,69,0,0
BRDA:344,69,1,0
BRDA:349,70,0,0
BRDA:349,70,1,0
BRDA:349,71,0,0
BRDA:349,71,1,0
BRDA:352,72,0,0
BRDA:352,72,1,0
BRDA:352,72,2,0
BRDA:352,72,3,0
BRDA:357,73,0,0
BRDA:357,73,1,0
BRDA:357,74,0,0
BRDA:357,74,1,0
BRDA:360,75,0,0
BRDA:360,75,1,0
BRDA:362,76,0,0
BRDA:362,76,1,0
BRDA:362,77,0,0
BRDA:362,77,1,0
BRDA:367,78,0,0
BRDA:367,78,1,0
BRDA:367,79,0,0
BRDA:367,79,1,0
BRDA:369,80,0,0
BRDA:369,80,1,0
BRDA:370,81,0,0
BRDA:370,81,1,0
BRDA:381,82,0,0
BRDA:381,82,1,0
BRDA:389,83,0,0
BRDA:389,83,1,0
BRDA:391,84,0,0
BRDA:391,84,1,0
BRDA:404,85,0,0
BRDA:404,85,1,0
BRDA:404,86,0,0
BRDA:404,86,1,0
BRDA:414,87,0,1
BRDA:414,87,1,1
BRDA:417,88,0,1
BRDA:417,88,1,0
BRDA:422,89,0,0
BRDA:422,89,1,0
BRDA:424,90,0,0
BRDA:424,90,1,0
BRDA:436,91,0,0
BRDA:436,91,1,1
BRDA:436,92,0,1
BRDA:436,92,1,1
BRDA:440,93,0,1
BRDA:440,93,1,2
BRDA:440,94,0,3
BRDA:440,94,1,1
BRDA:441,95,0,1
BRDA:441,95,1,0
BRDA:443,96,0,1
BRDA:443,96,1,0
BRDA:443,97,0,1
BRDA:443,97,1,1
BRDA:443,97,2,1
BRDA:468,98,0,0
BRDA:468,98,1,4
BRDA:471,99,0,1
BRDA:471,99,1,3
BRDA:471,100,0,4
BRDA:471,100,1,3
BRDA:476,101,0,0
BRDA:476,101,1,3
BRDA:476,102,0,3
BRDA:476,102,1,3
BRDA:481,103,0,0
BRDA:481,103,1,3
BRDA:485,104,0,0
BRDA:485,104,1,3
BRDA:493,105,0,3
BRDA:493,105,1,0
BRDA:495,106,0,1
BRDA:495,106,1,2
BRDA:499,107,0,1
BRDA:499,107,1,0
BRDA:499,108,0,1
BRDA:499,108,1,0
BRDA:499,109,0,0
BRDA:499,109,1,1
BRDA:514,110,0,2
BRDA:514,110,1,1
BRDA:521,111,0,0
BRDA:521,111,1,1
BRDA:521,112,0,1
BRDA:521,112,1,1
BRDA:548,113,0,1
BRDA:548,113,1,3
BRDA:557,114,0,2
BRDA:557,114,1,0
BRDA:558,115,0,0
BRDA:558,115,1,2
BRDA:558,116,0,2
BRDA:558,116,1,0
BRDA:559,117,0,2
BRDA:559,117,1,1
BRDA:559,117,2,0
BRDA:559,118,0,0
BRDA:559,118,1,1
BRDA:559,119,0,1
BRDA:559,119,1,0
BRDA:564,120,0,2
BRDA:564,120,1,0
BRDA:568,121,0,1
BRDA:568,121,1,1
BRDA:570,122,0,1
BRDA:570,122,1,0
BRDA:572,123,0,0
BRDA:572,123,1,2
BRDA:572,124,0,2
BRDA:572,124,1,1
BRDA:572,124,2,0
BRDA:574,125,0,0
BRDA:574,125,1,0
BRDA:577,126,0,1
BRDA:577,126,1,1
BRDA:587,127,0,0
BRDA:587,127,1,0
BRDA:599,128,0,2
BRDA:599,128,1,0
BRDA:601,129,0,1
BRDA:601,129,1,1
BRDA:601,130,0,2
BRDA:601,130,1,2
BRDA:603,131,0,1
BRDA:603,131,1,0
BRDA:605,132,0,0
BRDA:605,132,1,2
BRDA:605,133,0,2
BRDA:605,133,1,1
BRDA:605,133,2,0
BRDA:606,134,0,0
BRDA:606,134,1,0
BRDA:609,135,0,1
BRDA:609,135,1,1
BRDA:609,136,0,2
BRDA:609,136,1,1
BRDA:610,137,0,1
BRDA:610,137,1,0
BRDA:618,138,0,1
BRDA:618,138,1,1
BRDA:618,139,0,2
BRDA:618,139,1,2
BRDA:620,140,0,0
BRDA:620,140,1,1
BRDA:620,141,0,1
BRDA:620,141,1,0
BRDA:630,142,0,1
BRDA:630,142,1,1
BRDA:630,143,0,2
BRDA:630,143,1,2
BRDA:630,143,2,1
BRDA:634,144,0,1
BRDA:634,144,1,0
BRDA:634,145,0,1
BRDA:634,145,1,1
BRDA:635,146,0,1
BRDA:635,146,1,0
BRDA:637,147,0,0
BRDA:637,147,1,0
BRDA:637,148,0,0
BRDA:637,148,1,0
BRDA:643,149,0,1
BRDA:643,149,1,0
BRDA:645,150,0,0
BRDA:645,150,1,1
BRDA:645,151,0,1
BRDA:645,151,1,0
BRDA:646,152,0,0
BRDA:646,152,1,0
BRDA:652,153,0,1
BRDA:652,153,1,0
BRDA:663,154,0,0
BRDA:663,154,1,0
BRDA:665,155,0,0
BRDA:665,155,1,0
BRDA:683,156,0,0
BRDA:683,156,1,0
BRDA:697,157,0,0
BRDA:697,157,1,1
BRDA:697,158,0,1
BRDA:697,158,1,1
BRDA:697,158,2,1
BRDA:710,159,0,0
BRDA:710,159,1,0
BRDA:737,160,0,0
BRDA:737,160,1,0
BRDA:737,161,0,0
BRDA:737,161,1,0
BRDA:737,161,2,0
BRDA:737,161,3,0
BRDA:756,162,0,0
BRDA:756,162,1,0
BRDA:758,163,0,0
BRDA:758,163,1,0
BRDA:758,164,0,0
BRDA:758,164,1,0
BRDA:758,164,2,0
BRDA:774,165,0,3
BRDA:774,165,1,0
BRDA:778,166,0,0
BRDA:778,166,1,0
BRDA:778,167,0,0
BRDA:778,167,1,0
BRDA:778,167,2,0
BRDA:786,168,0,0
BRDA:786,168,1,0
BRDA:800,169,0,0
BRDA:800,169,1,9
BRDA:816,170,0,0
BRDA:816,170,1,2
BRDA:821,171,0,0
BRDA:821,171,1,3
BRDA:824,172,0,3
BRDA:824,172,1,3
BRDA:824,172,2,3
BRDA:824,172,3,3
BRDA:824,172,4,3
BRDA:831,173,0,0
BRDA:831,173,1,3
BRDA:834,174,0,0
BRDA:834,174,1,4
BRDA:834,175,0,4
BRDA:834,175,1,4
BRDA:834,175,2,4
BRDA:836,176,0,0
BRDA:836,176,1,4
BRDA:839,177,0,4
BRDA:839,177,1,2
BRDA:839,177,2,2
BRDA:839,177,3,1
BRDA:843,178,0,2
BRDA:843,178,1,1
BRDA:846,179,0,2
BRDA:846,179,1,0
BRDA:858,180,0,0
BRDA:858,180,1,0
BRDA:858,181,0,0
BRDA:858,181,1,0
BRDA:859,182,0,0
BRDA:859,182,1,0
BRDA:859,183,0,0
BRDA:859,183,1,0
BRDA:863,184,0,0
BRDA:863,184,1,0
BRDA:875,185,0,0
BRDA:875,185,1,0
BRDA:875,186,0,0
BRDA:875,186,1,0
BRDA:888,187,0,0
BRDA:888,187,1,0
BRDA:895,188,0,0
BRDA:895,188,1,0
BRDA:895,189,0,0
BRDA:895,189,1,0
BRDA:900,190,0,0
BRDA:900,190,1,0
BRDA:906,191,0,0
BRDA:906,191,1,0
BRDA:908,192,0,0
BRDA:908,192,1,0
BRDA:918,193,0,0
BRDA:918,193,1,0
BRDA:919,194,0,0
BRDA:919,194,1,0
BRDA:919,195,0,0
BRDA:919,195,1,0
BRDA:920,196,0,0
BRDA:920,196,1,0
BRDA:920,197,0,0
BRDA:920,197,1,0
BRDA:921,198,0,0
BRDA:921,198,1,0
BRDA:921,199,0,0
BRDA:921,199,1,0
BRDA:930,200,0,0
BRDA:930,200,1,0
BRDA:1058,201,0,0
BRDA:1058,201,1,0
BRDA:1059,202,0,0
BRDA:1059,202,1,0
BRDA:1064,203,0,0
BRDA:1064,203,1,0
BRDA:1065,204,0,0
BRDA:1065,204,1,0
BRDA:1066,205,0,0
BRDA:1066,205,1,0
BRDA:1066,206,0,0
BRDA:1066,206,1,0
BRDA:1066,207,0,0
BRDA:1066,207,1,0
BRDA:1067,208,0,0
BRDA:1067,208,1,0
BRDA:1067,209,0,0
BRDA:1067,209,1,0
BRDA:1067,210,0,0
BRDA:1067,210,1,0
BRDA:1068,211,0,0
BRDA:1068,211,1,0
BRDA:1069,212,0,0
BRDA:1069,212,1,0
BRDA:1072,213,0,0
BRDA:1072,213,1,0
BRDA:1073,214,0,0
BRDA:1073,214,1,0
BRDA:1076,215,0,0
BRDA:1076,215,1,0
BRDA:1077,216,0,0
BRDA:1077,216,1,0
BRDA:1080,217,0,0
BRDA:1080,217,1,0
BRDA:1081,218,0,0
BRDA:1081,218,1,0
BRDA:1084,219,0,0
BRDA:1084,219,1,0
BRDA:1085,220,0,0
BRDA:1085,220,1,0
BRDA:1088,221,0,0
BRDA:1088,221,1,0
BRDA:1089,222,0,0
BRDA:1089,222,1,0
BRDA:1092,223,0,0
BRDA:1092,223,1,0
BRDA:1093,224,0,0
BRDA:1093,224,1,0
BRDA:1096,225,0,0
BRDA:1096,225,1,0
BRDA:1097,226,0,0
BRDA:1097,226,1,0
BRDA:1100,227,0,0
BRDA:1100,227,1,0
BRDA:1101,228,0,0
BRDA:1101,228,1,0
BRDA:1104,229,0,0
BRDA:1104,229,1,0
BRDA:1105,230,0,0
BRDA:1105,230,1,0
BRDA:1108,231,0,0
BRDA:1108,231,1,0
BRDA:1109,232,0,0
BRDA:1109,232,1,0
BRDA:1112,233,0,0
BRDA:1112,233,1,0
BRDA:1113,234,0,0
BRDA:1113,234,1,0
BRDA:1116,235,0,0
BRDA:1116,235,1,0
BRDA:1117,236,0,0
BRDA:1117,236,1,0
BRDA:1120,237,0,0
BRDA:1120,237,1,0
BRDA:1121,238,0,0
BRDA:1121,238,1,0
BRDA:1124,239,0,0
BRDA:1124,239,1,0
BRDA:1125,240,0,0
BRDA:1125,240,1,0
BRDA:1128,241,0,0
BRDA:1128,241,1,0
BRDA:1129,242,0,0
BRDA:1129,242,1,0
BRDA:1132,243,0,0
BRDA:1132,243,1,0
BRDA:1133,244,0,0
BRDA:1133,244,1,0
BRDA:1136,245,0,0
BRDA:1136,245,1,0
BRDA:1137,246,0,0
BRDA:1137,246,1,0
BRDA:1140,247,0,0
BRDA:1140,247,1,0
BRDA:1141,248,0,0
BRDA:1141,248,1,0
BRDA:1144,249,0,0
BRDA:1144,249,1,0
BRDA:1145,250,0,0
BRDA:1145,250,1,0
BRDA:1148,251,0,0
BRDA:1148,251,1,0
BRDA:1149,252,0,0
BRDA:1149,252,1,0
BRDA:1152,253,0,0
BRDA:1152,253,1,0
BRDA:1153,254,0,0
BRDA:1153,254,1,0
BRDA:1157,255,0,0
BRDA:1157,255,1,0
BRDA:1163,256,0,0
BRDA:1163,256,1,0
BRDA:1205,257,0,0
BRDA:1205,257,1,0
BRDA:1205,258,0,0
BRDA:1205,258,1,0
BRDA:1206,259,0,0
BRDA:1206,259,1,0
BRDA:1209,260,0,0
BRDA:1209,260,1,0
BRDA:1210,261,0,0
BRDA:1210,261,1,0
BRDA:1214,262,0,0
BRDA:1214,262,1,0
BRDA:1215,263,0,0
BRDA:1215,263,1,0
BRDA:1247,264,0,0
BRDA:1247,264,1,0
BRDA:1248,265,0,0
BRDA:1248,265,1,0
BRDA:1248,265,2,0
BRDA:1249,266,0,0
BRDA:1249,266,1,0
BRDA:1254,267,0,0
BRDA:1254,267,1,0
BRDA:1255,268,0,0
BRDA:1255,268,1,0
BRDA:1256,269,0,0
BRDA:1256,269,1,0
BRDA:1256,270,0,0
BRDA:1256,270,1,0
BRDA:1260,271,0,0
BRDA:1260,271,1,0
BRDA:1260,272,0,0
BRDA:1260,272,1,0
BRDA:1270,273,0,0
BRDA:1270,273,1,3
BRDA:1270,274,0,3
BRDA:1270,274,1,1
BRDA:1275,275,0,0
BRDA:1275,275,1,1
BRDA:1275,276,0,1
BRDA:1275,276,1,1
BRDA:1289,277,0,1
BRDA:1289,277,1,0
BRDA:1289,278,0,1
BRDA:1289,278,1,1
BRF:581
BRH:159
end_of_record
TN:
SF:src\offscreen.js
FN:22,getIDB
FN:23,(anonymous_1)
FN:25,(anonymous_2)
FN:28,(anonymous_3)
FN:29,(anonymous_4)
FN:33,saveToIDB
FN:35,(anonymous_6)
FN:39,(anonymous_7)
FN:40,(anonymous_8)
FN:44,loadFromIDB
FN:46,(anonymous_10)
FN:50,(anonymous_11)
FN:51,(anonymous_12)
FN:55,performInit
FN:101,init
FN:110,scheduleSave
FN:112,(anonymous_16)
FN:125,getEmbedding
FN:137,runGarbageCollection
FN:152,(anonymous_19)
FN:157,(anonymous_20)
FN:158,(anonymous_21)
FN:163,(anonymous_22)
FN:198,(anonymous_23)
FN:227,(anonymous_24)
FN:248,(anonymous_25)
FN:272,(anonymous_26)
FN:283,(anonymous_27)
FN:294,(anonymous_28)
FN:298,(anonymous_29)
FNF:30
FNH:19
FNDA:12,getIDB
FNDA:12,(anonymous_1)
FNDA:0,(anonymous_2)
FNDA:12,(anonymous_3)
FNDA:0,(anonymous_4)
FNDA:0,saveToIDB
FNDA:0,(anonymous_6)
FNDA:0,(anonymous_7)
FNDA:0,(anonymous_8)
FNDA:12,loadFromIDB
FNDA:12,(anonymous_10)
FNDA:12,(anonymous_11)
FNDA:0,(anonymous_12)
FNDA:6,performInit
FNDA:9,init
FNDA:4,scheduleSave
FNDA:0,(anonymous_16)
FNDA:2,getEmbedding
FNDA:2,runGarbageCollection
FNDA:9,(anonymous_19)
FNDA:1,(anonymous_20)
FNDA:0,(anonymous_21)
FNDA:2,(anonymous_22)
FNDA:1,(anonymous_23)
FNDA:1,(anonymous_24)
FNDA:1,(anonymous_25)
FNDA:1,(anonymous_26)
FNDA:0,(anonymous_27)
FNDA:1,(anonymous_28)
FNDA:0,(anonymous_29)
DA:5,8
DA:6,8
DA:7,8
DA:9,8
DA:10,8
DA:14,8
DA:15,8
DA:16,8
DA:19,8
DA:20,8
DA:23,12
DA:24,12
DA:25,12
DA:26,0
DA:28,12
DA:29,12
DA:34,0
DA:35,0
DA:36,0
DA:37,0
DA:38,0
DA:39,0
DA:40,0
DA:45,12
DA:46,12
DA:47,12
DA:48,12
DA:49,12
DA:50,12
DA:51,12
DA:56,6
DA:58,6
DA:59,6
DA:60,6
DA:62,6
DA:63,0
DA:71,0
DA:72,0
DA:73,0
DA:75,6
DA:78,6
DA:79,6
DA:87,6
DA:90,6
DA:92,6
DA:93,6
DA:94,6
DA:97,6
DA:102,9
DA:103,6
DA:105,9
DA:109,8
DA:111,4
DA:112,4
DA:113,0
DA:114,0
DA:115,0
DA:116,0
DA:117,0
DA:118,0
DA:120,0
DA:126,2
DA:128,2
DA:129,2
DA:130,2
DA:138,2
DA:139,2
DA:140,2
DA:142,0
DA:143,0
DA:144,0
DA:145,0
DA:148,0
DA:152,8
DA:153,9
DA:155,8
DA:156,1
DA:157,1
DA:158,0
DA:159,1
DA:162,7
DA:163,2
DA:164,2
DA:165,2
DA:166,2
DA:169,2
DA:170,0
DA:171,0
DA:174,2
DA:175,2
DA:181,2
DA:184,2
DA:186,2
DA:188,2
DA:190,0
DA:193,2
DA:197,5
DA:198,1
DA:199,1
DA:200,1
DA:201,1
DA:202,1
DA:203,1
DA:204,1
DA:207,0
DA:208,0
DA:217,0
DA:219,0
DA:222,1
DA:226,4
DA:227,1
DA:228,1
DA:229,1
DA:230,1
DA:231,1
DA:240,0
DA:243,1
DA:247,3
DA:248,1
DA:249,1
DA:251,1
DA:259,1
DA:260,1
DA:261,1
DA:262,1
DA:264,0
DA:267,1
DA:271,2
DA:272,1
DA:273,1
DA:274,1
DA:275,1
DA:276,1
DA:277,1
DA:278,1
DA:279,1
DA:283,1
DA:284,1
DA:286,0
DA:289,1
DA:293,1
DA:294,1
DA:295,1
DA:296,1
DA:297,1
DA:298,1
DA:299,1
DA:300,1
DA:302,0
DA:305,1
LF:150
LH:114
BRDA:56,0,0,0
BRDA:56,0,1,6
BRDA:62,1,0,0
BRDA:62,1,1,6
BRDA:72,2,0,0
BRDA:72,2,1,0
BRDA:92,3,0,6
BRDA:92,3,1,0
BRDA:102,4,0,6
BRDA:102,4,1,3
BRDA:111,5,0,0
BRDA:111,5,1,4
BRDA:128,6,0,0
BRDA:128,6,1,2
BRDA:140,7,0,2
BRDA:140,7,1,0
BRDA:143,8,0,0
BRDA:143,8,1,0
BRDA:153,9,0,1
BRDA:153,9,1,8
BRDA:155,10,0,1
BRDA:155,10,1,7
BRDA:162,11,0,2
BRDA:162,11,1,5
BRDA:166,12,0,2
BRDA:166,12,1,1
BRDA:169,13,0,0
BRDA:169,13,1,2
BRDA:197,14,0,1
BRDA:197,14,1,4
BRDA:202,15,0,1
BRDA:202,15,1,0
BRDA:226,16,0,1
BRDA:226,16,1,3
BRDA:247,17,0,1
BRDA:247,17,1,2
BRDA:271,18,0,1
BRDA:271,18,1,1
BRDA:278,19,0,1
BRDA:278,19,1,0
BRDA:293,20,0,1
BRDA:293,20,1,0
BRF:42
BRH:28
end_of_record
TN:
SF:src\options.js
FN:43,storageArea
FN:49,loadTranslations
FN:59,t
FN:68,clamp
FN:72,sanitize
FN:87,applyI18n
FN:88,(anonymous_6)
FN:92,(anonymous_7)
FN:98,init
FN:129,(anonymous_9)
FN:133,(anonymous_10)
FN:143,(anonymous_11)
FN:148,(anonymous_12)
FN:152,render
FN:164,(anonymous_14)
FN:178,(anonymous_15)
FN:190,(anonymous_16)
FN:206,(anonymous_17)
FN:219,(anonymous_18)
FN:235,(anonymous_19)
FN:241,(anonymous_20)
FN:260,(anonymous_21)
FN:267,translateTextWithGroq
FN:271,(anonymous_23)
FN:304,(anonymous_24)
FN:330,(anonymous_25)
FN:378,saveSettingsLocally
FN:379,(anonymous_27)
FN:406,(anonymous_28)
FN:410,(anonymous_29)
FN:413,(anonymous_30)
FN:418,(anonymous_31)
FN:426,loadMemories
FN:428,(anonymous_33)
FN:441,(anonymous_34)
FN:457,(anonymous_35)
FN:466,deleteMemory
FN:469,(anonymous_37)
FN:483,escapeHtml
FN:497,(anonymous_39)
FN:499,(anonymous_40)
FNF:41
FNH:25
FNDA:6,storageArea
FNDA:6,loadTranslations
FNDA:176,t
FNDA:12,clamp
FNDA:8,sanitize
FNDA:6,applyI18n
FNDA:144,(anonymous_6)
FNDA:18,(anonymous_7)
FNDA:6,init
FNDA:144,(anonymous_9)
FNDA:0,(anonymous_10)
FNDA:0,(anonymous_11)
FNDA:15,(anonymous_12)
FNDA:9,render
FNDA:207,(anonymous_14)
FNDA:0,(anonymous_15)
FNDA:3,(anonymous_16)
FNDA:0,(anonymous_17)
FNDA:3,(anonymous_18)
FNDA:0,(anonymous_19)
FNDA:0,(anonymous_20)
FNDA:0,(anonymous_21)
FNDA:0,translateTextWithGroq
FNDA:0,(anonymous_23)
FNDA:1,(anonymous_24)
FNDA:0,(anonymous_25)
FNDA:1,saveSettingsLocally
FNDA:5,(anonymous_27)
FNDA:1,(anonymous_28)
FNDA:0,(anonymous_29)
FNDA:1,(anonymous_30)
FNDA:0,(anonymous_31)
FNDA:6,loadMemories
FNDA:2,(anonymous_33)
FNDA:2,(anonymous_34)
FNDA:0,(anonymous_35)
FNDA:0,deleteMemory
FNDA:0,(anonymous_37)
FNDA:2,escapeHtml
FNDA:1,(anonymous_39)
FNDA:0,(anonymous_40)
DA:1,8
DA:14,8
DA:40,8
DA:41,8
DA:44,6
DA:47,8
DA:50,6
DA:51,6
DA:52,6
DA:53,6
DA:55,0
DA:60,176
DA:61,0
DA:62,0
DA:63,0
DA:65,176
DA:69,12
DA:73,8
DA:88,6
DA:89,144
DA:90,144
DA:92,6
DA:93,18
DA:94,18
DA:99,6
DA:100,6
DA:101,6
DA:103,6
DA:104,6
DA:106,6
DA:107,6
DA:108,6
DA:109,6
DA:110,6
DA:111,6
DA:112,6
DA:113,6
DA:114,6
DA:115,6
DA:117,6
DA:118,6
DA:119,6
DA:120,6
DA:121,6
DA:122,6
DA:123,6
DA:127,6
DA:129,6
DA:130,144
DA:131,144
DA:132,144
DA:133,144
DA:134,0
DA:135,0
DA:136,0
DA:137,0
DA:138,0
DA:140,144
DA:143,6
DA:144,0
DA:145,0
DA:148,6
DA:149,15
DA:153,9
DA:154,9
DA:155,9
DA:156,9
DA:157,9
DA:158,9
DA:161,9
DA:162,9
DA:164,9
DA:165,207
DA:166,207
DA:167,207
DA:169,207
DA:177,207
DA:178,207
DA:179,0
DA:180,0
DA:181,0
DA:182,0
DA:186,207
DA:190,9
DA:191,3
DA:192,3
DA:193,3
DA:195,3
DA:197,3
DA:205,3
DA:206,3
DA:207,0
DA:208,0
DA:209,0
DA:210,0
DA:214,3
DA:218,9
DA:219,9
DA:220,3
DA:221,3
DA:223,3
DA:225,3
DA:234,3
DA:235,3
DA:236,0
DA:237,0
DA:240,0
DA:241,0
DA:244,0
DA:245,0
DA:248,3
DA:252,9
DA:253,9
DA:254,9
DA:255,9
DA:258,6
DA:260,6
DA:261,0
DA:262,0
DA:263,0
DA:264,0
DA:268,0
DA:269,0
DA:270,0
DA:271,0
DA:273,0
DA:293,0
DA:295,0
DA:296,0
DA:297,0
DA:299,0
DA:300,0
DA:304,6
DA:305,1
DA:306,1
DA:307,1
DA:308,1
DA:310,1
DA:311,0
DA:312,0
DA:315,1
DA:316,0
DA:319,1
DA:320,0
DA:321,0
DA:324,1
DA:325,0
DA:326,0
DA:329,1
DA:330,1
DA:331,0
DA:332,0
DA:335,1
DA:336,1
DA:337,1
DA:339,1
DA:340,1
DA:342,1
DA:343,0
DA:345,0
DA:350,0
DA:351,0
DA:352,0
DA:354,0
DA:355,0
DA:359,1
DA:360,1
DA:362,1
DA:363,1
DA:364,1
DA:366,1
DA:367,1
DA:368,1
DA:369,1
DA:370,1
DA:371,1
DA:373,1
DA:374,1
DA:375,1
DA:379,5
DA:381,1
DA:395,1
DA:396,1
DA:400,6
DA:401,6
DA:402,6
DA:403,6
DA:404,6
DA:406,6
DA:407,1
DA:409,1
DA:410,1
DA:413,6
DA:414,1
DA:415,1
DA:416,1
DA:417,1
DA:418,1
DA:422,6
DA:423,6
DA:424,6
DA:427,6
DA:428,6
DA:429,2
DA:430,0
DA:431,0
DA:434,2
DA:435,2
DA:436,0
DA:437,0
DA:440,2
DA:441,2
DA:442,2
DA:443,2
DA:445,2
DA:447,2
DA:457,2
DA:458,0
DA:461,2
DA:467,0
DA:468,0
DA:469,0
DA:470,0
DA:471,0
DA:472,0
DA:473,0
DA:476,0
DA:477,0
DA:478,0
DA:484,2
DA:492,6
DA:493,6
DA:496,6
DA:497,6
DA:498,1
DA:499,1
DA:500,0
DA:501,0
DA:508,6
DA:509,6
DA:513,8
DA:514,8
DA:515,8
DA:516,8
DA:518,0
LF:245
LH:171
BRDA:44,0,0,6
BRDA:44,0,1,0
BRDA:60,1,0,0
BRDA:60,1,1,176
BRDA:60,2,0,176
BRDA:60,2,1,176
BRDA:62,3,0,0
BRDA:62,3,1,0
BRDA:62,4,0,0
BRDA:62,4,1,0
BRDA:65,5,0,176
BRDA:65,5,1,0
BRDA:74,6,0,7
BRDA:74,6,1,1
BRDA:75,7,0,8
BRDA:75,7,1,1
BRDA:76,8,0,8
BRDA:76,8,1,3
BRDA:77,9,0,4
BRDA:77,9,1,4
BRDA:78,10,0,4
BRDA:78,10,1,4
BRDA:79,11,0,4
BRDA:79,11,1,4
BRDA:80,12,0,6
BRDA:80,12,1,2
BRDA:80,13,0,8
BRDA:80,13,1,5
BRDA:81,14,0,4
BRDA:81,14,1,4
BRDA:82,15,0,4
BRDA:82,15,1,4
BRDA:83,16,0,4
BRDA:83,16,1,4
BRDA:101,17,0,6
BRDA:101,17,1,0
BRDA:158,18,0,9
BRDA:158,18,1,0
BRDA:158,19,0,9
BRDA:158,19,1,9
BRDA:167,20,0,207
BRDA:167,20,1,0
BRDA:170,21,0,45
BRDA:170,21,1,162
BRDA:173,22,0,69
BRDA:173,22,1,138
BRDA:180,23,0,0
BRDA:180,23,1,0
BRDA:182,24,0,0
BRDA:182,24,1,0
BRDA:190,25,0,9
BRDA:190,25,1,0
BRDA:193,26,0,3
BRDA:193,26,1,0
BRDA:195,27,0,3
BRDA:195,27,1,0
BRDA:195,28,0,3
BRDA:195,28,1,0
BRDA:198,29,0,0
BRDA:198,29,1,3
BRDA:200,30,0,3
BRDA:200,30,1,0
BRDA:201,31,0,3
BRDA:201,31,1,0
BRDA:208,32,0,0
BRDA:208,32,1,0
BRDA:210,33,0,0
BRDA:210,33,1,0
BRDA:219,34,0,9
BRDA:219,34,1,0
BRDA:223,35,0,3
BRDA:223,35,1,0
BRDA:223,36,0,3
BRDA:223,36,1,0
BRDA:227,37,0,3
BRDA:227,37,1,0
BRDA:240,38,0,0
BRDA:240,38,1,0
BRDA:240,39,0,0
BRDA:240,39,1,0
BRDA:252,40,0,9
BRDA:252,40,1,0
BRDA:254,41,0,0
BRDA:254,41,1,9
BRDA:268,42,0,0
BRDA:268,42,1,0
BRDA:268,43,0,0
BRDA:268,43,1,0
BRDA:295,44,0,0
BRDA:295,44,1,0
BRDA:297,45,0,0
BRDA:297,45,1,0
BRDA:305,46,0,1
BRDA:305,46,1,1
BRDA:310,47,0,0
BRDA:310,47,1,1
BRDA:310,48,0,1
BRDA:310,48,1,1
BRDA:310,48,2,1
BRDA:315,49,0,0
BRDA:315,49,1,1
BRDA:319,50,0,0
BRDA:319,50,1,1
BRDA:319,51,0,1
BRDA:319,51,1,1
BRDA:324,52,0,0
BRDA:324,52,1,1
BRDA:329,53,0,1
BRDA:329,53,1,0
BRDA:330,54,0,0
BRDA:330,54,1,1
BRDA:342,55,0,0
BRDA:342,55,1,1
BRDA:343,56,0,0
BRDA:343,56,1,0
BRDA:350,57,0,0
BRDA:350,57,1,0
BRDA:351,58,0,0
BRDA:351,58,1,0
BRDA:352,59,0,0
BRDA:352,59,1,0
BRDA:354,60,0,0
BRDA:354,60,1,0
BRDA:355,61,0,0
BRDA:355,61,1,0
BRDA:383,62,0,1
BRDA:383,62,1,0
BRDA:389,63,0,1
BRDA:389,63,1,0
BRDA:429,64,0,0
BRDA:429,64,1,2
BRDA:429,65,0,2
BRDA:429,65,1,2
BRDA:429,65,2,2
BRDA:434,66,0,2
BRDA:434,66,1,0
BRDA:435,67,0,0
BRDA:435,67,1,2
BRDA:445,68,0,0
BRDA:445,68,1,2
BRDA:470,69,0,0
BRDA:470,69,1,0
BRDA:470,70,0,0
BRDA:470,70,1,0
BRDA:472,71,0,0
BRDA:472,71,1,0
BRDA:492,72,0,6
BRDA:492,72,1,0
BRDA:496,73,0,6
BRDA:496,73,1,0
BRDA:498,74,0,1
BRDA:498,74,1,0
BRDA:498,75,0,0
BRDA:498,75,1,1
BRDA:501,76,0,0
BRDA:501,76,1,0
BRDA:508,77,0,6
BRDA:508,77,1,0
BRDA:513,78,0,8
BRDA:513,78,1,0
BRDA:513,79,0,8
BRDA:513,79,1,8
BRF:162
BRH:80
end_of_record
TN:
SF:src\popup.js
FN:17,storageArea
FN:23,loadTranslations
FN:33,t
FN:42,clamp
FN:46,sanitize
FN:62,isSupportedUrl
FN:74,activeTab
FN:83,send
FN:90,(anonymous_8)
FN:90,(anonymous_9)
FN:97,applyI18n
FN:98,(anonymous_11)
FN:102,(anonymous_12)
FN:110,renderStatus
FN:139,(anonymous_14)
FN:144,init
FN:171,(anonymous_16)
FN:174,(anonymous_17)
FN:196,(anonymous_18)
FN:214,(anonymous_19)
FN:217,(anonymous_20)
FN:220,(anonymous_21)
FN:224,(anonymous_22)
FN:238,notifyTab
FN:245,(anonymous_24)
FN:264,(anonymous_25)
FN:274,(anonymous_26)
FN:286,(anonymous_27)
FN:295,(anonymous_28)
FN:304,(anonymous_29)
FNF:30
FNH:18
FNDA:3,storageArea
FNDA:3,loadTranslations
FNDA:52,t
FNDA:4,clamp
FNDA:4,sanitize
FNDA:7,isSupportedUrl
FNDA:3,activeTab
FNDA:5,send
FNDA:5,(anonymous_8)
FNDA:0,(anonymous_9)
FNDA:3,applyI18n
FNDA:42,(anonymous_11)
FNDA:0,(anonymous_12)
FNDA:5,renderStatus
FNDA:0,(anonymous_14)
FNDA:3,init
FNDA:0,(anonymous_16)
FNDA:0,(anonymous_17)
FNDA:2,(anonymous_18)
FNDA:1,(anonymous_19)
FNDA:1,(anonymous_20)
FNDA:0,(anonymous_21)
FNDA:0,(anonymous_22)
FNDA:1,notifyTab
FNDA:0,(anonymous_24)
FNDA:1,(anonymous_25)
FNDA:0,(anonymous_26)
FNDA:0,(anonymous_27)
FNDA:0,(anonymous_28)
FNDA:0,(anonymous_29)
DA:1,6
DA:14,6
DA:15,6
DA:18,3
DA:21,6
DA:24,3
DA:25,3
DA:26,3
DA:27,3
DA:29,0
DA:34,52
DA:35,0
DA:36,0
DA:37,0
DA:39,52
DA:43,4
DA:47,4
DA:63,7
DA:64,0
DA:66,7
DA:67,7
DA:68,7
DA:70,0
DA:75,3
DA:76,3
DA:77,3
DA:78,0
DA:80,3
DA:84,5
DA:85,0
DA:87,5
DA:88,5
DA:90,5
DA:93,0
DA:98,3
DA:99,42
DA:100,42
DA:102,3
DA:103,0
DA:104,0
DA:105,0
DA:111,5
DA:112,5
DA:113,4
DA:115,1
DA:119,5
DA:120,0
DA:121,0
DA:124,5
DA:125,0
DA:126,0
DA:129,5
DA:130,1
DA:131,1
DA:132,1
DA:133,1
DA:136,5
DA:137,5
DA:138,0
DA:139,0
DA:140,0
DA:145,3
DA:146,3
DA:147,3
DA:149,3
DA:150,3
DA:151,3
DA:152,3
DA:153,3
DA:154,3
DA:155,3
DA:156,3
DA:157,3
DA:158,3
DA:159,3
DA:160,3
DA:162,3
DA:163,3
DA:164,3
DA:166,3
DA:167,3
DA:170,3
DA:171,3
DA:173,3
DA:174,3
DA:177,3
DA:178,3
DA:179,3
DA:181,3
DA:182,0
DA:183,0
DA:184,0
DA:186,3
DA:187,3
DA:188,3
DA:192,3
DA:193,3
DA:194,3
DA:196,3
DA:197,2
DA:198,2
DA:199,2
DA:200,2
DA:201,2
DA:204,0
DA:205,0
DA:206,0
DA:207,0
DA:208,0
DA:213,3
DA:214,3
DA:215,1
DA:216,1
DA:217,1
DA:218,1
DA:219,1
DA:220,1
DA:221,0
DA:222,0
DA:224,0
DA:225,0
DA:226,0
DA:234,3
DA:235,3
DA:236,3
DA:239,1
DA:240,1
DA:244,3
DA:245,3
DA:246,0
DA:247,0
DA:251,3
DA:252,0
DA:253,0
DA:254,0
DA:257,3
DA:258,3
DA:260,3
DA:261,3
DA:263,3
DA:264,3
DA:265,1
DA:266,1
DA:267,1
DA:268,1
DA:269,1
DA:273,3
DA:274,3
DA:275,0
DA:276,0
DA:277,0
DA:278,0
DA:279,0
DA:280,0
DA:281,0
DA:285,3
DA:286,3
DA:287,0
DA:288,0
DA:289,0
DA:290,0
DA:294,3
DA:295,3
DA:296,0
DA:297,0
DA:298,0
DA:299,0
DA:303,3
DA:304,0
DA:305,0
DA:306,0
DA:307,0
DA:312,6
DA:313,6
DA:314,6
DA:315,6
DA:316,6
DA:317,6
DA:319,0
LF:179
LH:122
BRDA:18,0,0,3
BRDA:18,0,1,0
BRDA:34,1,0,0
BRDA:34,1,1,52
BRDA:34,2,0,52
BRDA:34,2,1,49
BRDA:36,3,0,0
BRDA:36,3,1,0
BRDA:36,4,0,0
BRDA:36,4,1,0
BRDA:39,5,0,52
BRDA:39,5,1,0
BRDA:48,6,0,4
BRDA:48,6,1,0
BRDA:49,7,0,4
BRDA:49,7,1,0
BRDA:50,8,0,4
BRDA:50,8,1,3
BRDA:51,9,0,1
BRDA:51,9,1,3
BRDA:52,10,0,1
BRDA:52,10,1,3
BRDA:53,11,0,1
BRDA:53,11,1,3
BRDA:54,12,0,1
BRDA:54,12,1,3
BRDA:54,13,0,4
BRDA:54,13,1,3
BRDA:55,14,0,0
BRDA:55,14,1,4
BRDA:56,15,0,1
BRDA:56,15,1,3
BRDA:57,16,0,1
BRDA:57,16,1,3
BRDA:58,17,0,1
BRDA:58,17,1,3
BRDA:63,18,0,0
BRDA:63,18,1,7
BRDA:68,19,0,7
BRDA:68,19,1,6
BRDA:68,19,2,1
BRDA:77,20,0,0
BRDA:77,20,1,3
BRDA:77,21,0,3
BRDA:77,21,1,3
BRDA:83,22,0,5
BRDA:84,23,0,0
BRDA:84,23,1,5
BRDA:104,24,0,0
BRDA:104,24,1,0
BRDA:111,25,0,5
BRDA:111,25,1,0
BRDA:112,26,0,4
BRDA:112,26,1,1
BRDA:119,27,0,0
BRDA:119,27,1,5
BRDA:120,28,0,0
BRDA:120,28,1,0
BRDA:124,29,0,0
BRDA:124,29,1,5
BRDA:125,30,0,0
BRDA:125,30,1,0
BRDA:129,31,0,1
BRDA:129,31,1,4
BRDA:130,32,0,1
BRDA:130,32,1,0
BRDA:131,33,0,1
BRDA:131,33,1,0
BRDA:132,34,0,1
BRDA:132,34,1,0
BRDA:137,35,0,0
BRDA:137,35,1,5
BRDA:138,36,0,0
BRDA:138,36,1,0
BRDA:139,37,0,0
BRDA:139,37,1,0
BRDA:140,38,0,0
BRDA:140,38,1,0
BRDA:164,39,0,3
BRDA:164,39,1,0
BRDA:170,40,0,3
BRDA:170,40,1,0
BRDA:173,41,0,3
BRDA:173,41,1,0
BRDA:177,42,0,3
BRDA:177,42,1,0
BRDA:178,43,0,3
BRDA:178,43,1,0
BRDA:179,44,0,0
BRDA:179,44,1,3
BRDA:181,45,0,0
BRDA:181,45,1,3
BRDA:181,46,0,3
BRDA:181,46,1,0
BRDA:182,47,0,0
BRDA:182,47,1,0
BRDA:183,48,0,0
BRDA:183,48,1,0
BRDA:184,49,0,0
BRDA:184,49,1,0
BRDA:184,50,0,0
BRDA:184,50,1,0
BRDA:186,51,0,3
BRDA:186,51,1,0
BRDA:187,52,0,3
BRDA:187,52,1,0
BRDA:188,53,0,3
BRDA:188,53,1,0
BRDA:188,54,0,3
BRDA:188,54,1,0
BRDA:197,55,0,2
BRDA:197,55,1,0
BRDA:197,56,0,2
BRDA:197,56,1,2
BRDA:197,56,2,2
BRDA:198,57,0,2
BRDA:198,57,1,0
BRDA:199,58,0,2
BRDA:199,58,1,0
BRDA:200,59,0,2
BRDA:200,59,1,0
BRDA:201,60,0,2
BRDA:201,60,1,0
BRDA:204,61,0,0
BRDA:204,61,1,0
BRDA:204,62,0,0
BRDA:204,62,1,0
BRDA:205,63,0,0
BRDA:205,63,1,0
BRDA:206,64,0,0
BRDA:206,64,1,0
BRDA:213,65,0,3
BRDA:213,65,1,0
BRDA:218,66,0,1
BRDA:218,66,1,0
BRDA:225,67,0,0
BRDA:225,67,1,0
BRDA:225,68,0,0
BRDA:225,68,1,0
BRDA:225,68,2,0
BRDA:235,69,0,3
BRDA:235,69,1,3
BRDA:236,70,0,3
BRDA:236,70,1,0
BRDA:236,71,0,3
BRDA:236,71,1,3
BRDA:239,72,0,1
BRDA:239,72,1,0
BRDA:244,73,0,3
BRDA:244,73,1,0
BRDA:251,74,0,0
BRDA:251,74,1,3
BRDA:252,75,0,0
BRDA:252,75,1,0
BRDA:253,76,0,0
BRDA:253,76,1,0
BRDA:257,77,0,3
BRDA:257,77,1,0
BRDA:258,78,0,3
BRDA:258,78,1,0
BRDA:263,79,0,3
BRDA:263,79,1,0
BRDA:273,80,0,3
BRDA:273,80,1,0
BRDA:275,81,0,0
BRDA:275,81,1,0
BRDA:285,82,0,3
BRDA:285,82,1,0
BRDA:294,83,0,3
BRDA:294,83,1,0
BRDA:303,84,0,0
BRDA:303,84,1,3
BRDA:312,85,0,6
BRDA:312,85,1,0
BRDA:312,86,0,6
BRDA:312,86,1,6
BRF:176
BRH:86
end_of_record
